[0.182s] Invoking command in '/home/gme2307/ponderadas-m6-ec/ponderada-1/meu_workspace/build/turtlesim': CMAKE_PREFIX_PATH=${CMAKE_PREFIX_PATH}:/home/gme2307/ponderadas-m6-ec/ponderada-1/meu_workspace/install/ponderada_gustavo:/opt/ros/humble /usr/bin/cmake /home/gme2307/ponderadas-m6-ec/ponderada-1/meu_workspace/src/ros_tutorials/turtlesim -DCMAKE_INSTALL_PREFIX=/home/gme2307/ponderadas-m6-ec/ponderada-1/meu_workspace/install/turtlesim
[0.224s] -- The C compiler identification is GNU 11.4.0
[0.267s] -- The CXX compiler identification is GNU 11.4.0
[0.272s] -- Detecting C compiler ABI info
[0.325s] -- Detecting C compiler ABI info - done
[0.345s] -- Check for working C compiler: /usr/bin/cc - skipped
[0.346s] -- Detecting C compile features
[0.346s] -- Detecting C compile features - done
[0.352s] -- Detecting CXX compiler ABI info
[0.415s] -- Detecting CXX compiler ABI info - done
[0.421s] -- Check for working CXX compiler: /usr/bin/c++ - skipped
[0.421s] -- Detecting CXX compile features
[0.422s] -- Detecting CXX compile features - done
[0.426s] -- Found ament_cmake: 1.3.8 (/opt/ros/humble/share/ament_cmake/cmake)
[0.540s] -- Found Python3: /usr/bin/python3 (found version "3.10.12") found components: Interpreter 
[0.603s] -- Found ament_index_cpp: 1.4.0 (/opt/ros/humble/share/ament_index_cpp/cmake)
[0.604s] -- Found geometry_msgs: 4.2.3 (/opt/ros/humble/share/geometry_msgs/cmake)
[0.628s] -- Found rosidl_generator_c: 3.1.5 (/opt/ros/humble/share/rosidl_generator_c/cmake)
[0.632s] -- Found rosidl_adapter: 3.1.5 (/opt/ros/humble/share/rosidl_adapter/cmake)
[0.639s] -- Found rosidl_generator_cpp: 3.1.5 (/opt/ros/humble/share/rosidl_generator_cpp/cmake)
[0.649s] -- Using all available rosidl_typesupport_c: rosidl_typesupport_fastrtps_c;rosidl_typesupport_introspection_c
[0.663s] -- Using all available rosidl_typesupport_cpp: rosidl_typesupport_fastrtps_cpp;rosidl_typesupport_introspection_cpp
[0.750s] -- Found rclcpp: 16.0.8 (/opt/ros/humble/share/rclcpp/cmake)
[0.788s] -- Found rmw_implementation_cmake: 6.1.1 (/opt/ros/humble/share/rmw_implementation_cmake/cmake)
[0.790s] -- Found rmw_fastrtps_cpp: 6.2.6 (/opt/ros/humble/share/rmw_fastrtps_cpp/cmake)
[0.862s] -- Found OpenSSL: /usr/lib/x86_64-linux-gnu/libcrypto.so (found version "3.0.2")  
[0.880s] -- Found FastRTPS: /opt/ros/humble/include  
[0.913s] -- Using RMW implementation 'rmw_fastrtps_cpp' as default
[0.919s] -- Looking for pthread.h
[0.973s] -- Looking for pthread.h - found
[0.973s] -- Performing Test CMAKE_HAVE_LIBC_PTHREAD
[1.027s] -- Performing Test CMAKE_HAVE_LIBC_PTHREAD - Success
[1.028s] -- Found Threads: TRUE  
[1.113s] -- Found rclcpp_action: 16.0.8 (/opt/ros/humble/share/rclcpp_action/cmake)
[1.179s] -- Found rosidl_default_generators: 1.2.0 (/opt/ros/humble/share/rosidl_default_generators/cmake)
[1.185s] -- Found std_srvs: 4.2.3 (/opt/ros/humble/share/std_srvs/cmake)
[1.414s] -- Found ament_cmake_ros: 0.10.0 (/opt/ros/humble/share/ament_cmake_ros/cmake)
[1.643s] -- Using all available rosidl_typesupport_c: rosidl_typesupport_fastrtps_c;rosidl_typesupport_introspection_c
[1.729s] -- Using all available rosidl_typesupport_cpp: rosidl_typesupport_fastrtps_cpp;rosidl_typesupport_introspection_cpp
[1.746s] -- Found PythonInterp: /usr/bin/python3 (found suitable version "3.10.12", minimum required is "3.6") 
[1.746s] -- Found python_cmake_module: 0.10.0 (/opt/ros/humble/share/python_cmake_module/cmake)
[1.764s] -- Found PythonLibs: /usr/lib/x86_64-linux-gnu/libpython3.10.so (found suitable version "3.10.12", minimum required is "3.5") 
[1.764s] -- Using PYTHON_EXECUTABLE: /usr/bin/python3
[1.764s] -- Using PYTHON_INCLUDE_DIRS: /usr/include/python3.10
[1.764s] -- Using PYTHON_LIBRARIES: /usr/lib/x86_64-linux-gnu/libpython3.10.so
[1.779s] -- Found PythonExtra: .so  
[1.818s] -- Configuring done
[1.863s] -- Generating done
[1.865s] -- Build files have been written to: /home/gme2307/ponderadas-m6-ec/ponderada-1/meu_workspace/build/turtlesim
[1.875s] Invoked command in '/home/gme2307/ponderadas-m6-ec/ponderada-1/meu_workspace/build/turtlesim' returned '0': CMAKE_PREFIX_PATH=${CMAKE_PREFIX_PATH}:/home/gme2307/ponderadas-m6-ec/ponderada-1/meu_workspace/install/ponderada_gustavo:/opt/ros/humble /usr/bin/cmake /home/gme2307/ponderadas-m6-ec/ponderada-1/meu_workspace/src/ros_tutorials/turtlesim -DCMAKE_INSTALL_PREFIX=/home/gme2307/ponderadas-m6-ec/ponderada-1/meu_workspace/install/turtlesim
[1.877s] Invoking command in '/home/gme2307/ponderadas-m6-ec/ponderada-1/meu_workspace/build/turtlesim': CMAKE_PREFIX_PATH=${CMAKE_PREFIX_PATH}:/home/gme2307/ponderadas-m6-ec/ponderada-1/meu_workspace/install/ponderada_gustavo:/opt/ros/humble /usr/bin/cmake --build /home/gme2307/ponderadas-m6-ec/ponderada-1/meu_workspace/build/turtlesim -- -j8 -l8
[1.907s] [  1%] [34m[1mGenerating C code for ROS interfaces[0m
[1.914s] [  2%] [34m[1mGenerating C++ code for ROS interfaces[0m
[1.920s] [  2%] Built target ament_cmake_python_copy_turtlesim
[2.120s] running egg_info
[2.121s] creating turtlesim.egg-info
[2.121s] writing turtlesim.egg-info/PKG-INFO
[2.121s] writing dependency_links to turtlesim.egg-info/dependency_links.txt
[2.121s] writing top-level names to turtlesim.egg-info/top_level.txt
[2.121s] writing manifest file 'turtlesim.egg-info/SOURCES.txt'
[2.122s] reading manifest file 'turtlesim.egg-info/SOURCES.txt'
[2.123s] writing manifest file 'turtlesim.egg-info/SOURCES.txt'
[2.148s] [  2%] Built target ament_cmake_python_build_turtlesim_egg
[2.611s] [  2%] Built target turtlesim__cpp
[2.624s] [  3%] [34m[1mGenerating C++ type support dispatch for ROS interfaces[0m
[2.632s] [  4%] [34m[1mGenerating C++ introspection for ROS interfaces[0m
[2.635s] [  5%] [34m[1mGenerating C++ type support for eProsima Fast-RTPS[0m
[2.697s] [  7%] [32mBuilding C object CMakeFiles/turtlesim__rosidl_generator_c.dir/rosidl_generator_c/turtlesim/action/detail/rotate_absolute__functions.c.o[0m
[2.698s] [  7%] [32mBuilding C object CMakeFiles/turtlesim__rosidl_generator_c.dir/rosidl_generator_c/turtlesim/msg/detail/pose__functions.c.o[0m
[2.699s] [  9%] [32mBuilding C object CMakeFiles/turtlesim__rosidl_generator_c.dir/rosidl_generator_c/turtlesim/msg/detail/color__functions.c.o[0m
[2.699s] [  9%] [32mBuilding C object CMakeFiles/turtlesim__rosidl_generator_c.dir/rosidl_generator_c/turtlesim/srv/detail/kill__functions.c.o[0m
[2.701s] [ 10%] [32mBuilding C object CMakeFiles/turtlesim__rosidl_generator_c.dir/rosidl_generator_c/turtlesim/srv/detail/set_pen__functions.c.o[0m
[2.756s] [ 12%] [32mBuilding C object CMakeFiles/turtlesim__rosidl_generator_c.dir/rosidl_generator_c/turtlesim/srv/detail/teleport_absolute__functions.c.o[0m
[2.756s] [ 12%] [32mBuilding C object CMakeFiles/turtlesim__rosidl_generator_c.dir/rosidl_generator_c/turtlesim/srv/detail/spawn__functions.c.o[0m
[2.782s] [ 13%] [32mBuilding C object CMakeFiles/turtlesim__rosidl_generator_c.dir/rosidl_generator_c/turtlesim/srv/detail/teleport_relative__functions.c.o[0m
[2.851s] [ 14%] [32m[1mLinking C shared library libturtlesim__rosidl_generator_c.so[0m
[2.882s] [ 14%] Built target turtlesim__rosidl_generator_c
[2.891s] [ 16%] [34m[1mGenerating C type support dispatch for ROS interfaces[0m
[2.891s] [ 16%] [34m[1mGenerating C type support for eProsima Fast-RTPS[0m
[2.895s] [ 17%] [34m[1mGenerating C introspection for ROS interfaces[0m
[3.187s] [ 20%] [32mBuilding CXX object CMakeFiles/turtlesim__rosidl_typesupport_cpp.dir/rosidl_typesupport_cpp/turtlesim/msg/pose__type_support.cpp.o[0m
[3.187s] [ 20%] [32mBuilding CXX object CMakeFiles/turtlesim__rosidl_typesupport_cpp.dir/rosidl_typesupport_cpp/turtlesim/msg/color__type_support.cpp.o[0m
[3.188s] [ 20%] [32mBuilding CXX object CMakeFiles/turtlesim__rosidl_typesupport_cpp.dir/rosidl_typesupport_cpp/turtlesim/action/rotate_absolute__type_support.cpp.o[0m
[3.558s] [ 21%] [32mBuilding CXX object CMakeFiles/turtlesim__rosidl_typesupport_cpp.dir/rosidl_typesupport_cpp/turtlesim/srv/kill__type_support.cpp.o[0m
[3.568s] [ 22%] [32mBuilding CXX object CMakeFiles/turtlesim__rosidl_typesupport_cpp.dir/rosidl_typesupport_cpp/turtlesim/srv/set_pen__type_support.cpp.o[0m
[3.791s] [ 23%] [32mBuilding CXX object CMakeFiles/turtlesim__rosidl_typesupport_c.dir/rosidl_typesupport_c/turtlesim/action/rotate_absolute__type_support.cpp.o[0m
[3.857s] [ 24%] [32mBuilding CXX object CMakeFiles/turtlesim__rosidl_typesupport_cpp.dir/rosidl_typesupport_cpp/turtlesim/srv/spawn__type_support.cpp.o[0m
[3.866s] [ 25%] [32mBuilding CXX object CMakeFiles/turtlesim__rosidl_typesupport_c.dir/rosidl_typesupport_c/turtlesim/msg/color__type_support.cpp.o[0m
[3.910s] [ 26%] [32mBuilding CXX object CMakeFiles/turtlesim__rosidl_typesupport_c.dir/rosidl_typesupport_c/turtlesim/msg/pose__type_support.cpp.o[0m
[3.951s] [ 27%] [32mBuilding CXX object CMakeFiles/turtlesim__rosidl_typesupport_c.dir/rosidl_typesupport_c/turtlesim/srv/kill__type_support.cpp.o[0m
[3.959s] [ 28%] [32mBuilding CXX object CMakeFiles/turtlesim__rosidl_typesupport_cpp.dir/rosidl_typesupport_cpp/turtlesim/srv/teleport_absolute__type_support.cpp.o[0m
[3.983s] [ 29%] [32mBuilding CXX object CMakeFiles/turtlesim__rosidl_typesupport_introspection_cpp.dir/rosidl_typesupport_introspection_cpp/turtlesim/action/detail/rotate_absolute__type_support.cpp.o[0m
[3.987s] [ 30%] [32mBuilding CXX object CMakeFiles/turtlesim__rosidl_typesupport_introspection_cpp.dir/rosidl_typesupport_introspection_cpp/turtlesim/msg/detail/color__type_support.cpp.o[0m
[3.999s] [ 31%] [32mBuilding CXX object CMakeFiles/turtlesim__rosidl_typesupport_c.dir/rosidl_typesupport_c/turtlesim/srv/set_pen__type_support.cpp.o[0m
[4.045s] [ 32%] [32mBuilding CXX object CMakeFiles/turtlesim__rosidl_typesupport_c.dir/rosidl_typesupport_c/turtlesim/srv/spawn__type_support.cpp.o[0m
[4.063s] [ 33%] [32mBuilding CXX object CMakeFiles/turtlesim__rosidl_typesupport_fastrtps_c.dir/rosidl_typesupport_fastrtps_c/turtlesim/action/detail/rotate_absolute__type_support_c.cpp.o[0m
[4.088s] [ 34%] [32mBuilding CXX object CMakeFiles/turtlesim__rosidl_typesupport_c.dir/rosidl_typesupport_c/turtlesim/srv/teleport_absolute__type_support.cpp.o[0m
[4.129s] [ 35%] [32mBuilding CXX object CMakeFiles/turtlesim__rosidl_typesupport_c.dir/rosidl_typesupport_c/turtlesim/srv/teleport_relative__type_support.cpp.o[0m
[4.170s] [ 36%] [32m[1mLinking CXX shared library libturtlesim__rosidl_typesupport_c.so[0m
[4.201s] [ 37%] [32mBuilding CXX object CMakeFiles/turtlesim__rosidl_typesupport_fastrtps_cpp.dir/rosidl_typesupport_fastrtps_cpp/turtlesim/action/detail/dds_fastrtps/rotate_absolute__type_support.cpp.o[0m
[4.228s] [ 38%] [32mBuilding CXX object CMakeFiles/turtlesim__rosidl_typesupport_cpp.dir/rosidl_typesupport_cpp/turtlesim/srv/teleport_relative__type_support.cpp.o[0m
[4.229s] [ 38%] Built target turtlesim__rosidl_typesupport_c
[4.247s] [ 39%] [32mBuilding CXX object CMakeFiles/turtlesim__rosidl_typesupport_fastrtps_cpp.dir/rosidl_typesupport_fastrtps_cpp/turtlesim/msg/detail/dds_fastrtps/color__type_support.cpp.o[0m
[4.266s] [ 40%] [32mBuilding C object CMakeFiles/turtlesim__rosidl_typesupport_introspection_c.dir/rosidl_typesupport_introspection_c/turtlesim/action/detail/rotate_absolute__type_support.c.o[0m
[4.327s] [ 41%] [32mBuilding C object CMakeFiles/turtlesim__rosidl_typesupport_introspection_c.dir/rosidl_typesupport_introspection_c/turtlesim/msg/detail/color__type_support.c.o[0m
[4.336s] [ 42%] [32mBuilding CXX object CMakeFiles/turtlesim__rosidl_typesupport_fastrtps_cpp.dir/rosidl_typesupport_fastrtps_cpp/turtlesim/msg/detail/dds_fastrtps/pose__type_support.cpp.o[0m
[4.373s] [ 43%] [32mBuilding C object CMakeFiles/turtlesim__rosidl_typesupport_introspection_c.dir/rosidl_typesupport_introspection_c/turtlesim/msg/detail/pose__type_support.c.o[0m
[4.419s] [ 44%] [32mBuilding C object CMakeFiles/turtlesim__rosidl_typesupport_introspection_c.dir/rosidl_typesupport_introspection_c/turtlesim/srv/detail/kill__type_support.c.o[0m
[4.471s] [ 45%] [32mBuilding C object CMakeFiles/turtlesim__rosidl_typesupport_introspection_c.dir/rosidl_typesupport_introspection_c/turtlesim/srv/detail/set_pen__type_support.c.o[0m
[4.522s] [ 46%] [32mBuilding C object CMakeFiles/turtlesim__rosidl_typesupport_introspection_c.dir/rosidl_typesupport_introspection_c/turtlesim/srv/detail/spawn__type_support.c.o[0m
[4.530s] [ 47%] [32mBuilding CXX object CMakeFiles/turtlesim__rosidl_typesupport_introspection_cpp.dir/rosidl_typesupport_introspection_cpp/turtlesim/msg/detail/pose__type_support.cpp.o[0m
[4.572s] [ 48%] [32mBuilding C object CMakeFiles/turtlesim__rosidl_typesupport_introspection_c.dir/rosidl_typesupport_introspection_c/turtlesim/srv/detail/teleport_absolute__type_support.c.o[0m
[4.612s] [ 49%] [32mBuilding CXX object CMakeFiles/turtlesim__rosidl_typesupport_fastrtps_c.dir/rosidl_typesupport_fastrtps_c/turtlesim/msg/detail/color__type_support_c.cpp.o[0m
[4.616s] [ 50%] [32m[1mLinking CXX shared library libturtlesim__rosidl_typesupport_cpp.so[0m
[4.620s] [ 51%] [32mBuilding C object CMakeFiles/turtlesim__rosidl_typesupport_introspection_c.dir/rosidl_typesupport_introspection_c/turtlesim/srv/detail/teleport_relative__type_support.c.o[0m
[4.673s] [ 52%] [32m[1mLinking C shared library libturtlesim__rosidl_typesupport_introspection_c.so[0m
[4.679s] [ 52%] Built target turtlesim__rosidl_typesupport_cpp
[4.693s] [ 53%] [34m[1mGenerating include/turtlesim/moc_turtle_frame.cpp[0m
[4.723s] [ 53%] Built target turtlesim__rosidl_typesupport_introspection_c
[4.752s] [ 54%] [32mBuilding CXX object CMakeFiles/turtle_teleop_key.dir/tutorials/teleop_turtle_key.cpp.o[0m
[4.790s] [ 55%] [32mBuilding CXX object CMakeFiles/turtlesim_node.dir/src/turtlesim.cpp.o[0m
[4.814s] [ 56%] [32mBuilding CXX object CMakeFiles/turtlesim__rosidl_typesupport_introspection_cpp.dir/rosidl_typesupport_introspection_cpp/turtlesim/srv/detail/kill__type_support.cpp.o[0m
[4.828s] [ 57%] [32mBuilding CXX object CMakeFiles/turtlesim_node.dir/src/turtle.cpp.o[0m
[4.909s] [ 58%] [32mBuilding CXX object CMakeFiles/turtlesim__rosidl_typesupport_fastrtps_cpp.dir/rosidl_typesupport_fastrtps_cpp/turtlesim/srv/detail/dds_fastrtps/kill__type_support.cpp.o[0m
[4.971s] [ 59%] [32mBuilding CXX object CMakeFiles/turtlesim__rosidl_typesupport_fastrtps_cpp.dir/rosidl_typesupport_fastrtps_cpp/turtlesim/srv/detail/dds_fastrtps/set_pen__type_support.cpp.o[0m
[5.026s] [ 60%] [32mBuilding CXX object CMakeFiles/turtlesim__rosidl_typesupport_introspection_cpp.dir/rosidl_typesupport_introspection_cpp/turtlesim/srv/detail/set_pen__type_support.cpp.o[0m
[5.066s] [ 61%] [32mBuilding CXX object CMakeFiles/turtlesim__rosidl_typesupport_fastrtps_c.dir/rosidl_typesupport_fastrtps_c/turtlesim/msg/detail/pose__type_support_c.cpp.o[0m
[5.343s] [ 62%] [32mBuilding CXX object CMakeFiles/turtlesim__rosidl_typesupport_introspection_cpp.dir/rosidl_typesupport_introspection_cpp/turtlesim/srv/detail/spawn__type_support.cpp.o[0m
[5.502s] [ 63%] [32mBuilding CXX object CMakeFiles/turtlesim__rosidl_typesupport_fastrtps_cpp.dir/rosidl_typesupport_fastrtps_cpp/turtlesim/srv/detail/dds_fastrtps/spawn__type_support.cpp.o[0m
[5.525s] [ 64%] [32mBuilding CXX object CMakeFiles/turtlesim__rosidl_typesupport_fastrtps_cpp.dir/rosidl_typesupport_fastrtps_cpp/turtlesim/srv/detail/dds_fastrtps/teleport_absolute__type_support.cpp.o[0m
[5.543s] [ 65%] [32mBuilding CXX object CMakeFiles/turtlesim__rosidl_typesupport_fastrtps_c.dir/rosidl_typesupport_fastrtps_c/turtlesim/srv/detail/kill__type_support_c.cpp.o[0m
[5.569s] [ 66%] [32mBuilding CXX object CMakeFiles/turtlesim__rosidl_typesupport_introspection_cpp.dir/rosidl_typesupport_introspection_cpp/turtlesim/srv/detail/teleport_absolute__type_support.cpp.o[0m
[5.901s] [ 67%] [32mBuilding CXX object CMakeFiles/turtlesim__rosidl_typesupport_introspection_cpp.dir/rosidl_typesupport_introspection_cpp/turtlesim/srv/detail/teleport_relative__type_support.cpp.o[0m
[6.026s] [ 68%] [32mBuilding CXX object CMakeFiles/turtlesim__rosidl_typesupport_fastrtps_c.dir/rosidl_typesupport_fastrtps_c/turtlesim/srv/detail/set_pen__type_support_c.cpp.o[0m
[6.062s] [ 69%] [32mBuilding CXX object CMakeFiles/turtlesim__rosidl_typesupport_fastrtps_cpp.dir/rosidl_typesupport_fastrtps_cpp/turtlesim/srv/detail/dds_fastrtps/teleport_relative__type_support.cpp.o[0m
[6.104s] [ 70%] [32mBuilding CXX object CMakeFiles/turtlesim__rosidl_typesupport_fastrtps_c.dir/rosidl_typesupport_fastrtps_c/turtlesim/srv/detail/spawn__type_support_c.cpp.o[0m
[6.146s] [ 71%] [32mBuilding CXX object CMakeFiles/turtlesim__rosidl_typesupport_fastrtps_c.dir/rosidl_typesupport_fastrtps_c/turtlesim/srv/detail/teleport_absolute__type_support_c.cpp.o[0m
[6.436s] [ 72%] [32m[1mLinking CXX shared library libturtlesim__rosidl_typesupport_introspection_cpp.so[0m
[6.499s] [ 73%] [32mBuilding CXX object CMakeFiles/turtlesim__rosidl_typesupport_fastrtps_c.dir/rosidl_typesupport_fastrtps_c/turtlesim/srv/detail/teleport_relative__type_support_c.cpp.o[0m
[6.590s] [ 73%] Built target turtlesim__rosidl_typesupport_introspection_cpp
[6.616s] [ 75%] [32m[1mLinking CXX shared library libturtlesim__rosidl_typesupport_fastrtps_cpp.so[0m
[6.617s] [ 75%] [32mBuilding CXX object CMakeFiles/draw_square.dir/tutorials/draw_square.cpp.o[0m
[6.629s] [ 76%] [32mBuilding CXX object CMakeFiles/mimic.dir/tutorials/mimic.cpp.o[0m
[6.650s] [ 77%] [32mBuilding CXX object CMakeFiles/turtlesim_node.dir/src/turtle_frame.cpp.o[0m
[6.754s] [ 77%] Built target turtlesim__rosidl_typesupport_fastrtps_cpp
[6.766s] [ 78%] [32mBuilding CXX object CMakeFiles/turtlesim_node.dir/include/turtlesim/moc_turtle_frame.cpp.o[0m
[6.953s] [ 79%] [32m[1mLinking CXX shared library libturtlesim__rosidl_typesupport_fastrtps_c.so[0m
[7.071s] [ 79%] Built target turtlesim__rosidl_typesupport_fastrtps_c
[7.096s] [ 79%] Built target turtlesim
[7.124s] [ 80%] [34m[1mGenerating Python code for ROS interfaces[0m
[10.343s] [ 80%] Built target turtlesim__py
[10.380s] [ 81%] [32mBuilding C object CMakeFiles/turtlesim__rosidl_generator_py.dir/rosidl_generator_py/turtlesim/action/_rotate_absolute_s.c.o[0m
[10.589s] [ 82%] [32mBuilding C object CMakeFiles/turtlesim__rosidl_generator_py.dir/rosidl_generator_py/turtlesim/msg/_color_s.c.o[0m
[10.751s] [ 83%] [32mBuilding C object CMakeFiles/turtlesim__rosidl_generator_py.dir/rosidl_generator_py/turtlesim/msg/_pose_s.c.o[0m
[10.918s] [ 84%] [32mBuilding C object CMakeFiles/turtlesim__rosidl_generator_py.dir/rosidl_generator_py/turtlesim/srv/_kill_s.c.o[0m
[11.094s] [ 85%] [32mBuilding C object CMakeFiles/turtlesim__rosidl_generator_py.dir/rosidl_generator_py/turtlesim/srv/_set_pen_s.c.o[0m
[11.282s] [ 86%] [32mBuilding C object CMakeFiles/turtlesim__rosidl_generator_py.dir/rosidl_generator_py/turtlesim/srv/_spawn_s.c.o[0m
[11.324s] [ 87%] [32mBuilding C object CMakeFiles/turtlesim__rosidl_generator_py.dir/rosidl_generator_py/turtlesim/srv/_teleport_absolute_s.c.o[0m
[11.455s] [ 88%] [32mBuilding C object CMakeFiles/turtlesim__rosidl_generator_py.dir/rosidl_generator_py/turtlesim/srv/_teleport_relative_s.c.o[0m
[11.609s] [ 89%] [32m[1mLinking C shared library rosidl_generator_py/turtlesim/libturtlesim__rosidl_generator_py.so[0m
[11.675s] [ 89%] Built target turtlesim__rosidl_generator_py
[11.703s] [ 90%] [32mBuilding C object CMakeFiles/turtlesim__rosidl_typesupport_introspection_c__pyext.dir/rosidl_generator_py/turtlesim/_turtlesim_s.ep.rosidl_typesupport_introspection_c.c.o[0m
[11.706s] [ 91%] [32mBuilding C object CMakeFiles/turtlesim__rosidl_typesupport_fastrtps_c__pyext.dir/rosidl_generator_py/turtlesim/_turtlesim_s.ep.rosidl_typesupport_fastrtps_c.c.o[0m
[11.944s] [ 92%] [32m[1mLinking C shared library rosidl_generator_py/turtlesim/turtlesim_s__rosidl_typesupport_introspection_c.cpython-310-x86_64-linux-gnu.so[0m
[11.973s] [ 93%] [32m[1mLinking C shared library rosidl_generator_py/turtlesim/turtlesim_s__rosidl_typesupport_fastrtps_c.cpython-310-x86_64-linux-gnu.so[0m
[12.004s] [ 93%] Built target turtlesim__rosidl_typesupport_introspection_c__pyext
[12.032s] [ 94%] Built target turtlesim__rosidl_typesupport_fastrtps_c__pyext
[12.034s] [ 94%] [32mBuilding C object CMakeFiles/turtlesim__rosidl_typesupport_c__pyext.dir/rosidl_generator_py/turtlesim/_turtlesim_s.ep.rosidl_typesupport_c.c.o[0m
[12.284s] [ 95%] [32m[1mLinking C shared library rosidl_generator_py/turtlesim/turtlesim_s__rosidl_typesupport_c.cpython-310-x86_64-linux-gnu.so[0m
[12.342s] [ 95%] Built target turtlesim__rosidl_typesupport_c__pyext
[13.832s] [ 96%] [32m[1mLinking CXX executable turtle_teleop_key[0m
[14.116s] [ 96%] Built target turtle_teleop_key
[18.372s] [ 97%] [32m[1mLinking CXX executable mimic[0m
[18.681s] [ 98%] [32m[1mLinking CXX executable draw_square[0m
[18.846s] [ 98%] Built target mimic
[19.263s] [ 98%] Built target draw_square
[22.141s] [100%] [32m[1mLinking CXX executable turtlesim_node[0m
[23.856s] [100%] Built target turtlesim_node
[23.866s] Invoked command in '/home/gme2307/ponderadas-m6-ec/ponderada-1/meu_workspace/build/turtlesim' returned '0': CMAKE_PREFIX_PATH=${CMAKE_PREFIX_PATH}:/home/gme2307/ponderadas-m6-ec/ponderada-1/meu_workspace/install/ponderada_gustavo:/opt/ros/humble /usr/bin/cmake --build /home/gme2307/ponderadas-m6-ec/ponderada-1/meu_workspace/build/turtlesim -- -j8 -l8
[24.027s] Invoking command in '/home/gme2307/ponderadas-m6-ec/ponderada-1/meu_workspace/build/turtlesim': CMAKE_PREFIX_PATH=${CMAKE_PREFIX_PATH}:/home/gme2307/ponderadas-m6-ec/ponderada-1/meu_workspace/install/ponderada_gustavo:/opt/ros/humble /usr/bin/cmake --install /home/gme2307/ponderadas-m6-ec/ponderada-1/meu_workspace/build/turtlesim
[24.033s] -- Install configuration: ""
[24.033s] -- Installing: /home/gme2307/ponderadas-m6-ec/ponderada-1/meu_workspace/install/turtlesim/share/ament_index/resource_index/rosidl_interfaces/turtlesim
[24.033s] -- Up-to-date: /home/gme2307/ponderadas-m6-ec/ponderada-1/meu_workspace/install/turtlesim/include/turtlesim/turtlesim
[24.033s] -- Up-to-date: /home/gme2307/ponderadas-m6-ec/ponderada-1/meu_workspace/install/turtlesim/include/turtlesim/turtlesim/srv
[24.033s] -- Installing: /home/gme2307/ponderadas-m6-ec/ponderada-1/meu_workspace/install/turtlesim/include/turtlesim/turtlesim/srv/spawn.h
[24.033s] -- Installing: /home/gme2307/ponderadas-m6-ec/ponderada-1/meu_workspace/install/turtlesim/include/turtlesim/turtlesim/srv/teleport_absolute.h
[24.033s] -- Installing: /home/gme2307/ponderadas-m6-ec/ponderada-1/meu_workspace/install/turtlesim/include/turtlesim/turtlesim/srv/kill.h
[24.033s] -- Installing: /home/gme2307/ponderadas-m6-ec/ponderada-1/meu_workspace/install/turtlesim/include/turtlesim/turtlesim/srv/teleport_relative.h
[24.033s] -- Up-to-date: /home/gme2307/ponderadas-m6-ec/ponderada-1/meu_workspace/install/turtlesim/include/turtlesim/turtlesim/srv/detail
[24.033s] -- Installing: /home/gme2307/ponderadas-m6-ec/ponderada-1/meu_workspace/install/turtlesim/include/turtlesim/turtlesim/srv/detail/set_pen__functions.c
[24.033s] -- Installing: /home/gme2307/ponderadas-m6-ec/ponderada-1/meu_workspace/install/turtlesim/include/turtlesim/turtlesim/srv/detail/set_pen__functions.h
[24.033s] -- Installing: /home/gme2307/ponderadas-m6-ec/ponderada-1/meu_workspace/install/turtlesim/include/turtlesim/turtlesim/srv/detail/kill__struct.h
[24.034s] -- Installing: /home/gme2307/ponderadas-m6-ec/ponderada-1/meu_workspace/install/turtlesim/include/turtlesim/turtlesim/srv/detail/kill__functions.c
[24.034s] -- Installing: /home/gme2307/ponderadas-m6-ec/ponderada-1/meu_workspace/install/turtlesim/include/turtlesim/turtlesim/srv/detail/set_pen__type_support.h
[24.034s] -- Installing: /home/gme2307/ponderadas-m6-ec/ponderada-1/meu_workspace/install/turtlesim/include/turtlesim/turtlesim/srv/detail/teleport_relative__type_support.h
[24.034s] -- Installing: /home/gme2307/ponderadas-m6-ec/ponderada-1/meu_workspace/install/turtlesim/include/turtlesim/turtlesim/srv/detail/teleport_absolute__struct.h
[24.034s] -- Installing: /home/gme2307/ponderadas-m6-ec/ponderada-1/meu_workspace/install/turtlesim/include/turtlesim/turtlesim/srv/detail/teleport_absolute__functions.h
[24.034s] -- Installing: /home/gme2307/ponderadas-m6-ec/ponderada-1/meu_workspace/install/turtlesim/include/turtlesim/turtlesim/srv/detail/spawn__functions.h
[24.034s] -- Installing: /home/gme2307/ponderadas-m6-ec/ponderada-1/meu_workspace/install/turtlesim/include/turtlesim/turtlesim/srv/detail/set_pen__struct.h
[24.034s] -- Installing: /home/gme2307/ponderadas-m6-ec/ponderada-1/meu_workspace/install/turtlesim/include/turtlesim/turtlesim/srv/detail/teleport_relative__functions.h
[24.034s] -- Installing: /home/gme2307/ponderadas-m6-ec/ponderada-1/meu_workspace/install/turtlesim/include/turtlesim/turtlesim/srv/detail/teleport_relative__functions.c
[24.034s] -- Installing: /home/gme2307/ponderadas-m6-ec/ponderada-1/meu_workspace/install/turtlesim/include/turtlesim/turtlesim/srv/detail/teleport_absolute__functions.c
[24.034s] -- Installing: /home/gme2307/ponderadas-m6-ec/ponderada-1/meu_workspace/install/turtlesim/include/turtlesim/turtlesim/srv/detail/kill__type_support.h
[24.034s] -- Installing: /home/gme2307/ponderadas-m6-ec/ponderada-1/meu_workspace/install/turtlesim/include/turtlesim/turtlesim/srv/detail/spawn__functions.c
[24.034s] -- Installing: /home/gme2307/ponderadas-m6-ec/ponderada-1/meu_workspace/install/turtlesim/include/turtlesim/turtlesim/srv/detail/spawn__struct.h
[24.035s] -- Installing: /home/gme2307/ponderadas-m6-ec/ponderada-1/meu_workspace/install/turtlesim/include/turtlesim/turtlesim/srv/detail/teleport_relative__struct.h
[24.035s] -- Installing: /home/gme2307/ponderadas-m6-ec/ponderada-1/meu_workspace/install/turtlesim/include/turtlesim/turtlesim/srv/detail/spawn__type_support.h
[24.035s] -- Installing: /home/gme2307/ponderadas-m6-ec/ponderada-1/meu_workspace/install/turtlesim/include/turtlesim/turtlesim/srv/detail/teleport_absolute__type_support.h
[24.035s] -- Installing: /home/gme2307/ponderadas-m6-ec/ponderada-1/meu_workspace/install/turtlesim/include/turtlesim/turtlesim/srv/detail/kill__functions.h
[24.035s] -- Installing: /home/gme2307/ponderadas-m6-ec/ponderada-1/meu_workspace/install/turtlesim/include/turtlesim/turtlesim/srv/set_pen.h
[24.035s] -- Up-to-date: /home/gme2307/ponderadas-m6-ec/ponderada-1/meu_workspace/install/turtlesim/include/turtlesim/turtlesim/msg
[24.035s] -- Installing: /home/gme2307/ponderadas-m6-ec/ponderada-1/meu_workspace/install/turtlesim/include/turtlesim/turtlesim/msg/color.h
[24.035s] -- Installing: /home/gme2307/ponderadas-m6-ec/ponderada-1/meu_workspace/install/turtlesim/include/turtlesim/turtlesim/msg/pose.h
[24.035s] -- Up-to-date: /home/gme2307/ponderadas-m6-ec/ponderada-1/meu_workspace/install/turtlesim/include/turtlesim/turtlesim/msg/detail
[24.035s] -- Installing: /home/gme2307/ponderadas-m6-ec/ponderada-1/meu_workspace/install/turtlesim/include/turtlesim/turtlesim/msg/detail/color__functions.h
[24.035s] -- Installing: /home/gme2307/ponderadas-m6-ec/ponderada-1/meu_workspace/install/turtlesim/include/turtlesim/turtlesim/msg/detail/color__struct.h
[24.035s] -- Installing: /home/gme2307/ponderadas-m6-ec/ponderada-1/meu_workspace/install/turtlesim/include/turtlesim/turtlesim/msg/detail/pose__struct.h
[24.035s] -- Installing: /home/gme2307/ponderadas-m6-ec/ponderada-1/meu_workspace/install/turtlesim/include/turtlesim/turtlesim/msg/detail/color__functions.c
[24.035s] -- Installing: /home/gme2307/ponderadas-m6-ec/ponderada-1/meu_workspace/install/turtlesim/include/turtlesim/turtlesim/msg/detail/pose__functions.h
[24.036s] -- Installing: /home/gme2307/ponderadas-m6-ec/ponderada-1/meu_workspace/install/turtlesim/include/turtlesim/turtlesim/msg/detail/pose__functions.c
[24.036s] -- Installing: /home/gme2307/ponderadas-m6-ec/ponderada-1/meu_workspace/install/turtlesim/include/turtlesim/turtlesim/msg/detail/pose__type_support.h
[24.036s] -- Installing: /home/gme2307/ponderadas-m6-ec/ponderada-1/meu_workspace/install/turtlesim/include/turtlesim/turtlesim/msg/detail/color__type_support.h
[24.036s] -- Installing: /home/gme2307/ponderadas-m6-ec/ponderada-1/meu_workspace/install/turtlesim/include/turtlesim/turtlesim/msg/rosidl_generator_c__visibility_control.h
[24.036s] -- Up-to-date: /home/gme2307/ponderadas-m6-ec/ponderada-1/meu_workspace/install/turtlesim/include/turtlesim/turtlesim/action
[24.036s] -- Installing: /home/gme2307/ponderadas-m6-ec/ponderada-1/meu_workspace/install/turtlesim/include/turtlesim/turtlesim/action/rotate_absolute.h
[24.036s] -- Up-to-date: /home/gme2307/ponderadas-m6-ec/ponderada-1/meu_workspace/install/turtlesim/include/turtlesim/turtlesim/action/detail
[24.036s] -- Installing: /home/gme2307/ponderadas-m6-ec/ponderada-1/meu_workspace/install/turtlesim/include/turtlesim/turtlesim/action/detail/rotate_absolute__functions.c
[24.036s] -- Installing: /home/gme2307/ponderadas-m6-ec/ponderada-1/meu_workspace/install/turtlesim/include/turtlesim/turtlesim/action/detail/rotate_absolute__type_support.h
[24.036s] -- Installing: /home/gme2307/ponderadas-m6-ec/ponderada-1/meu_workspace/install/turtlesim/include/turtlesim/turtlesim/action/detail/rotate_absolute__struct.h
[24.036s] -- Installing: /home/gme2307/ponderadas-m6-ec/ponderada-1/meu_workspace/install/turtlesim/include/turtlesim/turtlesim/action/detail/rotate_absolute__functions.h
[24.036s] -- Up-to-date: /home/gme2307/ponderadas-m6-ec/ponderada-1/meu_workspace/install/turtlesim/share/turtlesim/environment/library_path.sh
[24.036s] -- Installing: /home/gme2307/ponderadas-m6-ec/ponderada-1/meu_workspace/install/turtlesim/share/turtlesim/environment/library_path.dsv
[24.037s] -- Installing: /home/gme2307/ponderadas-m6-ec/ponderada-1/meu_workspace/install/turtlesim/lib/libturtlesim__rosidl_generator_c.so
[24.037s] -- Set runtime path of "/home/gme2307/ponderadas-m6-ec/ponderada-1/meu_workspace/install/turtlesim/lib/libturtlesim__rosidl_generator_c.so" to ""
[24.037s] -- Up-to-date: /home/gme2307/ponderadas-m6-ec/ponderada-1/meu_workspace/install/turtlesim/include/turtlesim/turtlesim
[24.037s] -- Up-to-date: /home/gme2307/ponderadas-m6-ec/ponderada-1/meu_workspace/install/turtlesim/include/turtlesim/turtlesim/srv
[24.037s] -- Up-to-date: /home/gme2307/ponderadas-m6-ec/ponderada-1/meu_workspace/install/turtlesim/include/turtlesim/turtlesim/srv/detail
[24.037s] -- Installing: /home/gme2307/ponderadas-m6-ec/ponderada-1/meu_workspace/install/turtlesim/include/turtlesim/turtlesim/srv/detail/spawn__rosidl_typesupport_fastrtps_c.h
[24.037s] -- Installing: /home/gme2307/ponderadas-m6-ec/ponderada-1/meu_workspace/install/turtlesim/include/turtlesim/turtlesim/srv/detail/kill__rosidl_typesupport_fastrtps_c.h
[24.037s] -- Installing: /home/gme2307/ponderadas-m6-ec/ponderada-1/meu_workspace/install/turtlesim/include/turtlesim/turtlesim/srv/detail/set_pen__rosidl_typesupport_fastrtps_c.h
[24.037s] -- Installing: /home/gme2307/ponderadas-m6-ec/ponderada-1/meu_workspace/install/turtlesim/include/turtlesim/turtlesim/srv/detail/teleport_absolute__rosidl_typesupport_fastrtps_c.h
[24.037s] -- Installing: /home/gme2307/ponderadas-m6-ec/ponderada-1/meu_workspace/install/turtlesim/include/turtlesim/turtlesim/srv/detail/teleport_relative__rosidl_typesupport_fastrtps_c.h
[24.037s] -- Up-to-date: /home/gme2307/ponderadas-m6-ec/ponderada-1/meu_workspace/install/turtlesim/include/turtlesim/turtlesim/msg
[24.037s] -- Up-to-date: /home/gme2307/ponderadas-m6-ec/ponderada-1/meu_workspace/install/turtlesim/include/turtlesim/turtlesim/msg/detail
[24.038s] -- Installing: /home/gme2307/ponderadas-m6-ec/ponderada-1/meu_workspace/install/turtlesim/include/turtlesim/turtlesim/msg/detail/color__rosidl_typesupport_fastrtps_c.h
[24.038s] -- Installing: /home/gme2307/ponderadas-m6-ec/ponderada-1/meu_workspace/install/turtlesim/include/turtlesim/turtlesim/msg/detail/pose__rosidl_typesupport_fastrtps_c.h
[24.038s] -- Installing: /home/gme2307/ponderadas-m6-ec/ponderada-1/meu_workspace/install/turtlesim/include/turtlesim/turtlesim/msg/rosidl_typesupport_fastrtps_c__visibility_control.h
[24.038s] -- Up-to-date: /home/gme2307/ponderadas-m6-ec/ponderada-1/meu_workspace/install/turtlesim/include/turtlesim/turtlesim/action
[24.038s] -- Up-to-date: /home/gme2307/ponderadas-m6-ec/ponderada-1/meu_workspace/install/turtlesim/include/turtlesim/turtlesim/action/detail
[24.038s] -- Installing: /home/gme2307/ponderadas-m6-ec/ponderada-1/meu_workspace/install/turtlesim/include/turtlesim/turtlesim/action/detail/rotate_absolute__rosidl_typesupport_fastrtps_c.h
[24.038s] -- Installing: /home/gme2307/ponderadas-m6-ec/ponderada-1/meu_workspace/install/turtlesim/lib/libturtlesim__rosidl_typesupport_fastrtps_c.so
[24.038s] -- Set runtime path of "/home/gme2307/ponderadas-m6-ec/ponderada-1/meu_workspace/install/turtlesim/lib/libturtlesim__rosidl_typesupport_fastrtps_c.so" to ""
[24.038s] -- Up-to-date: /home/gme2307/ponderadas-m6-ec/ponderada-1/meu_workspace/install/turtlesim/include/turtlesim/turtlesim
[24.038s] -- Up-to-date: /home/gme2307/ponderadas-m6-ec/ponderada-1/meu_workspace/install/turtlesim/include/turtlesim/turtlesim/srv
[24.038s] -- Installing: /home/gme2307/ponderadas-m6-ec/ponderada-1/meu_workspace/install/turtlesim/include/turtlesim/turtlesim/srv/teleport_absolute.hpp
[24.038s] -- Installing: /home/gme2307/ponderadas-m6-ec/ponderada-1/meu_workspace/install/turtlesim/include/turtlesim/turtlesim/srv/kill.hpp
[24.039s] -- Installing: /home/gme2307/ponderadas-m6-ec/ponderada-1/meu_workspace/install/turtlesim/include/turtlesim/turtlesim/srv/teleport_relative.hpp
[24.039s] -- Installing: /home/gme2307/ponderadas-m6-ec/ponderada-1/meu_workspace/install/turtlesim/include/turtlesim/turtlesim/srv/set_pen.hpp
[24.039s] -- Up-to-date: /home/gme2307/ponderadas-m6-ec/ponderada-1/meu_workspace/install/turtlesim/include/turtlesim/turtlesim/srv/detail
[24.039s] -- Installing: /home/gme2307/ponderadas-m6-ec/ponderada-1/meu_workspace/install/turtlesim/include/turtlesim/turtlesim/srv/detail/kill__builder.hpp
[24.039s] -- Installing: /home/gme2307/ponderadas-m6-ec/ponderada-1/meu_workspace/install/turtlesim/include/turtlesim/turtlesim/srv/detail/teleport_absolute__traits.hpp
[24.039s] -- Installing: /home/gme2307/ponderadas-m6-ec/ponderada-1/meu_workspace/install/turtlesim/include/turtlesim/turtlesim/srv/detail/set_pen__struct.hpp
[24.039s] -- Installing: /home/gme2307/ponderadas-m6-ec/ponderada-1/meu_workspace/install/turtlesim/include/turtlesim/turtlesim/srv/detail/teleport_relative__struct.hpp
[24.039s] -- Installing: /home/gme2307/ponderadas-m6-ec/ponderada-1/meu_workspace/install/turtlesim/include/turtlesim/turtlesim/srv/detail/teleport_relative__traits.hpp
[24.039s] -- Installing: /home/gme2307/ponderadas-m6-ec/ponderada-1/meu_workspace/install/turtlesim/include/turtlesim/turtlesim/srv/detail/kill__traits.hpp
[24.039s] -- Installing: /home/gme2307/ponderadas-m6-ec/ponderada-1/meu_workspace/install/turtlesim/include/turtlesim/turtlesim/srv/detail/spawn__traits.hpp
[24.039s] -- Installing: /home/gme2307/ponderadas-m6-ec/ponderada-1/meu_workspace/install/turtlesim/include/turtlesim/turtlesim/srv/detail/teleport_absolute__builder.hpp
[24.039s] -- Installing: /home/gme2307/ponderadas-m6-ec/ponderada-1/meu_workspace/install/turtlesim/include/turtlesim/turtlesim/srv/detail/teleport_relative__builder.hpp
[24.039s] -- Installing: /home/gme2307/ponderadas-m6-ec/ponderada-1/meu_workspace/install/turtlesim/include/turtlesim/turtlesim/srv/detail/teleport_absolute__struct.hpp
[24.040s] -- Installing: /home/gme2307/ponderadas-m6-ec/ponderada-1/meu_workspace/install/turtlesim/include/turtlesim/turtlesim/srv/detail/spawn__struct.hpp
[24.040s] -- Installing: /home/gme2307/ponderadas-m6-ec/ponderada-1/meu_workspace/install/turtlesim/include/turtlesim/turtlesim/srv/detail/kill__struct.hpp
[24.040s] -- Installing: /home/gme2307/ponderadas-m6-ec/ponderada-1/meu_workspace/install/turtlesim/include/turtlesim/turtlesim/srv/detail/spawn__builder.hpp
[24.040s] -- Installing: /home/gme2307/ponderadas-m6-ec/ponderada-1/meu_workspace/install/turtlesim/include/turtlesim/turtlesim/srv/detail/set_pen__builder.hpp
[24.040s] -- Installing: /home/gme2307/ponderadas-m6-ec/ponderada-1/meu_workspace/install/turtlesim/include/turtlesim/turtlesim/srv/detail/set_pen__traits.hpp
[24.040s] -- Installing: /home/gme2307/ponderadas-m6-ec/ponderada-1/meu_workspace/install/turtlesim/include/turtlesim/turtlesim/srv/spawn.hpp
[24.040s] -- Up-to-date: /home/gme2307/ponderadas-m6-ec/ponderada-1/meu_workspace/install/turtlesim/include/turtlesim/turtlesim/msg
[24.040s] -- Up-to-date: /home/gme2307/ponderadas-m6-ec/ponderada-1/meu_workspace/install/turtlesim/include/turtlesim/turtlesim/msg/detail
[24.040s] -- Installing: /home/gme2307/ponderadas-m6-ec/ponderada-1/meu_workspace/install/turtlesim/include/turtlesim/turtlesim/msg/detail/color__builder.hpp
[24.040s] -- Installing: /home/gme2307/ponderadas-m6-ec/ponderada-1/meu_workspace/install/turtlesim/include/turtlesim/turtlesim/msg/detail/pose__traits.hpp
[24.040s] -- Installing: /home/gme2307/ponderadas-m6-ec/ponderada-1/meu_workspace/install/turtlesim/include/turtlesim/turtlesim/msg/detail/pose__builder.hpp
[24.040s] -- Installing: /home/gme2307/ponderadas-m6-ec/ponderada-1/meu_workspace/install/turtlesim/include/turtlesim/turtlesim/msg/detail/pose__struct.hpp
[24.040s] -- Installing: /home/gme2307/ponderadas-m6-ec/ponderada-1/meu_workspace/install/turtlesim/include/turtlesim/turtlesim/msg/detail/color__struct.hpp
[24.040s] -- Installing: /home/gme2307/ponderadas-m6-ec/ponderada-1/meu_workspace/install/turtlesim/include/turtlesim/turtlesim/msg/detail/color__traits.hpp
[24.041s] -- Installing: /home/gme2307/ponderadas-m6-ec/ponderada-1/meu_workspace/install/turtlesim/include/turtlesim/turtlesim/msg/color.hpp
[24.041s] -- Installing: /home/gme2307/ponderadas-m6-ec/ponderada-1/meu_workspace/install/turtlesim/include/turtlesim/turtlesim/msg/pose.hpp
[24.041s] -- Up-to-date: /home/gme2307/ponderadas-m6-ec/ponderada-1/meu_workspace/install/turtlesim/include/turtlesim/turtlesim/action
[24.041s] -- Up-to-date: /home/gme2307/ponderadas-m6-ec/ponderada-1/meu_workspace/install/turtlesim/include/turtlesim/turtlesim/action/detail
[24.041s] -- Installing: /home/gme2307/ponderadas-m6-ec/ponderada-1/meu_workspace/install/turtlesim/include/turtlesim/turtlesim/action/detail/rotate_absolute__struct.hpp
[24.041s] -- Installing: /home/gme2307/ponderadas-m6-ec/ponderada-1/meu_workspace/install/turtlesim/include/turtlesim/turtlesim/action/detail/rotate_absolute__traits.hpp
[24.041s] -- Installing: /home/gme2307/ponderadas-m6-ec/ponderada-1/meu_workspace/install/turtlesim/include/turtlesim/turtlesim/action/detail/rotate_absolute__builder.hpp
[24.041s] -- Installing: /home/gme2307/ponderadas-m6-ec/ponderada-1/meu_workspace/install/turtlesim/include/turtlesim/turtlesim/action/rotate_absolute.hpp
[24.041s] -- Up-to-date: /home/gme2307/ponderadas-m6-ec/ponderada-1/meu_workspace/install/turtlesim/include/turtlesim/turtlesim
[24.041s] -- Up-to-date: /home/gme2307/ponderadas-m6-ec/ponderada-1/meu_workspace/install/turtlesim/include/turtlesim/turtlesim/srv
[24.041s] -- Up-to-date: /home/gme2307/ponderadas-m6-ec/ponderada-1/meu_workspace/install/turtlesim/include/turtlesim/turtlesim/srv/detail
[24.041s] -- Installing: /home/gme2307/ponderadas-m6-ec/ponderada-1/meu_workspace/install/turtlesim/include/turtlesim/turtlesim/srv/detail/kill__rosidl_typesupport_fastrtps_cpp.hpp
[24.041s] -- Installing: /home/gme2307/ponderadas-m6-ec/ponderada-1/meu_workspace/install/turtlesim/include/turtlesim/turtlesim/srv/detail/teleport_relative__rosidl_typesupport_fastrtps_cpp.hpp
[24.041s] -- Installing: /home/gme2307/ponderadas-m6-ec/ponderada-1/meu_workspace/install/turtlesim/include/turtlesim/turtlesim/srv/detail/spawn__rosidl_typesupport_fastrtps_cpp.hpp
[24.041s] -- Installing: /home/gme2307/ponderadas-m6-ec/ponderada-1/meu_workspace/install/turtlesim/include/turtlesim/turtlesim/srv/detail/teleport_absolute__rosidl_typesupport_fastrtps_cpp.hpp
[24.042s] -- Up-to-date: /home/gme2307/ponderadas-m6-ec/ponderada-1/meu_workspace/install/turtlesim/include/turtlesim/turtlesim/srv/detail/dds_fastrtps
[24.042s] -- Installing: /home/gme2307/ponderadas-m6-ec/ponderada-1/meu_workspace/install/turtlesim/include/turtlesim/turtlesim/srv/detail/set_pen__rosidl_typesupport_fastrtps_cpp.hpp
[24.042s] -- Up-to-date: /home/gme2307/ponderadas-m6-ec/ponderada-1/meu_workspace/install/turtlesim/include/turtlesim/turtlesim/msg
[24.042s] -- Installing: /home/gme2307/ponderadas-m6-ec/ponderada-1/meu_workspace/install/turtlesim/include/turtlesim/turtlesim/msg/rosidl_typesupport_fastrtps_cpp__visibility_control.h
[24.042s] -- Up-to-date: /home/gme2307/ponderadas-m6-ec/ponderada-1/meu_workspace/install/turtlesim/include/turtlesim/turtlesim/msg/detail
[24.042s] -- Installing: /home/gme2307/ponderadas-m6-ec/ponderada-1/meu_workspace/install/turtlesim/include/turtlesim/turtlesim/msg/detail/pose__rosidl_typesupport_fastrtps_cpp.hpp
[24.042s] -- Installing: /home/gme2307/ponderadas-m6-ec/ponderada-1/meu_workspace/install/turtlesim/include/turtlesim/turtlesim/msg/detail/color__rosidl_typesupport_fastrtps_cpp.hpp
[24.042s] -- Up-to-date: /home/gme2307/ponderadas-m6-ec/ponderada-1/meu_workspace/install/turtlesim/include/turtlesim/turtlesim/msg/detail/dds_fastrtps
[24.042s] -- Up-to-date: /home/gme2307/ponderadas-m6-ec/ponderada-1/meu_workspace/install/turtlesim/include/turtlesim/turtlesim/action
[24.042s] -- Up-to-date: /home/gme2307/ponderadas-m6-ec/ponderada-1/meu_workspace/install/turtlesim/include/turtlesim/turtlesim/action/detail
[24.042s] -- Installing: /home/gme2307/ponderadas-m6-ec/ponderada-1/meu_workspace/install/turtlesim/include/turtlesim/turtlesim/action/detail/rotate_absolute__rosidl_typesupport_fastrtps_cpp.hpp
[24.042s] -- Up-to-date: /home/gme2307/ponderadas-m6-ec/ponderada-1/meu_workspace/install/turtlesim/include/turtlesim/turtlesim/action/detail/dds_fastrtps
[24.042s] -- Installing: /home/gme2307/ponderadas-m6-ec/ponderada-1/meu_workspace/install/turtlesim/lib/libturtlesim__rosidl_typesupport_fastrtps_cpp.so
[24.043s] -- Set runtime path of "/home/gme2307/ponderadas-m6-ec/ponderada-1/meu_workspace/install/turtlesim/lib/libturtlesim__rosidl_typesupport_fastrtps_cpp.so" to ""
[24.043s] -- Up-to-date: /home/gme2307/ponderadas-m6-ec/ponderada-1/meu_workspace/install/turtlesim/include/turtlesim/turtlesim
[24.043s] -- Up-to-date: /home/gme2307/ponderadas-m6-ec/ponderada-1/meu_workspace/install/turtlesim/include/turtlesim/turtlesim/srv
[24.043s] -- Up-to-date: /home/gme2307/ponderadas-m6-ec/ponderada-1/meu_workspace/install/turtlesim/include/turtlesim/turtlesim/srv/detail
[24.043s] -- Installing: /home/gme2307/ponderadas-m6-ec/ponderada-1/meu_workspace/install/turtlesim/include/turtlesim/turtlesim/srv/detail/spawn__type_support.c
[24.043s] -- Installing: /home/gme2307/ponderadas-m6-ec/ponderada-1/meu_workspace/install/turtlesim/include/turtlesim/turtlesim/srv/detail/teleport_relative__rosidl_typesupport_introspection_c.h
[24.043s] -- Installing: /home/gme2307/ponderadas-m6-ec/ponderada-1/meu_workspace/install/turtlesim/include/turtlesim/turtlesim/srv/detail/spawn__rosidl_typesupport_introspection_c.h
[24.043s] -- Installing: /home/gme2307/ponderadas-m6-ec/ponderada-1/meu_workspace/install/turtlesim/include/turtlesim/turtlesim/srv/detail/set_pen__type_support.c
[24.043s] -- Installing: /home/gme2307/ponderadas-m6-ec/ponderada-1/meu_workspace/install/turtlesim/include/turtlesim/turtlesim/srv/detail/teleport_relative__type_support.c
[24.043s] -- Installing: /home/gme2307/ponderadas-m6-ec/ponderada-1/meu_workspace/install/turtlesim/include/turtlesim/turtlesim/srv/detail/kill__type_support.c
[24.044s] -- Installing: /home/gme2307/ponderadas-m6-ec/ponderada-1/meu_workspace/install/turtlesim/include/turtlesim/turtlesim/srv/detail/teleport_absolute__type_support.c
[24.044s] -- Installing: /home/gme2307/ponderadas-m6-ec/ponderada-1/meu_workspace/install/turtlesim/include/turtlesim/turtlesim/srv/detail/kill__rosidl_typesupport_introspection_c.h
[24.044s] -- Installing: /home/gme2307/ponderadas-m6-ec/ponderada-1/meu_workspace/install/turtlesim/include/turtlesim/turtlesim/srv/detail/teleport_absolute__rosidl_typesupport_introspection_c.h
[24.044s] -- Installing: /home/gme2307/ponderadas-m6-ec/ponderada-1/meu_workspace/install/turtlesim/include/turtlesim/turtlesim/srv/detail/set_pen__rosidl_typesupport_introspection_c.h
[24.044s] -- Up-to-date: /home/gme2307/ponderadas-m6-ec/ponderada-1/meu_workspace/install/turtlesim/include/turtlesim/turtlesim/msg
[24.044s] -- Up-to-date: /home/gme2307/ponderadas-m6-ec/ponderada-1/meu_workspace/install/turtlesim/include/turtlesim/turtlesim/msg/detail
[24.044s] -- Installing: /home/gme2307/ponderadas-m6-ec/ponderada-1/meu_workspace/install/turtlesim/include/turtlesim/turtlesim/msg/detail/pose__type_support.c
[24.044s] -- Installing: /home/gme2307/ponderadas-m6-ec/ponderada-1/meu_workspace/install/turtlesim/include/turtlesim/turtlesim/msg/detail/pose__rosidl_typesupport_introspection_c.h
[24.044s] -- Installing: /home/gme2307/ponderadas-m6-ec/ponderada-1/meu_workspace/install/turtlesim/include/turtlesim/turtlesim/msg/detail/color__type_support.c
[24.044s] -- Installing: /home/gme2307/ponderadas-m6-ec/ponderada-1/meu_workspace/install/turtlesim/include/turtlesim/turtlesim/msg/detail/color__rosidl_typesupport_introspection_c.h
[24.044s] -- Installing: /home/gme2307/ponderadas-m6-ec/ponderada-1/meu_workspace/install/turtlesim/include/turtlesim/turtlesim/msg/rosidl_typesupport_introspection_c__visibility_control.h
[24.044s] -- Up-to-date: /home/gme2307/ponderadas-m6-ec/ponderada-1/meu_workspace/install/turtlesim/include/turtlesim/turtlesim/action
[24.044s] -- Up-to-date: /home/gme2307/ponderadas-m6-ec/ponderada-1/meu_workspace/install/turtlesim/include/turtlesim/turtlesim/action/detail
[24.044s] -- Installing: /home/gme2307/ponderadas-m6-ec/ponderada-1/meu_workspace/install/turtlesim/include/turtlesim/turtlesim/action/detail/rotate_absolute__rosidl_typesupport_introspection_c.h
[24.044s] -- Installing: /home/gme2307/ponderadas-m6-ec/ponderada-1/meu_workspace/install/turtlesim/include/turtlesim/turtlesim/action/detail/rotate_absolute__type_support.c
[24.045s] -- Installing: /home/gme2307/ponderadas-m6-ec/ponderada-1/meu_workspace/install/turtlesim/lib/libturtlesim__rosidl_typesupport_introspection_c.so
[24.045s] -- Set runtime path of "/home/gme2307/ponderadas-m6-ec/ponderada-1/meu_workspace/install/turtlesim/lib/libturtlesim__rosidl_typesupport_introspection_c.so" to ""
[24.045s] -- Installing: /home/gme2307/ponderadas-m6-ec/ponderada-1/meu_workspace/install/turtlesim/lib/libturtlesim__rosidl_typesupport_c.so
[24.045s] -- Set runtime path of "/home/gme2307/ponderadas-m6-ec/ponderada-1/meu_workspace/install/turtlesim/lib/libturtlesim__rosidl_typesupport_c.so" to ""
[24.045s] -- Up-to-date: /home/gme2307/ponderadas-m6-ec/ponderada-1/meu_workspace/install/turtlesim/include/turtlesim/turtlesim
[24.045s] -- Up-to-date: /home/gme2307/ponderadas-m6-ec/ponderada-1/meu_workspace/install/turtlesim/include/turtlesim/turtlesim/srv
[24.045s] -- Up-to-date: /home/gme2307/ponderadas-m6-ec/ponderada-1/meu_workspace/install/turtlesim/include/turtlesim/turtlesim/srv/detail
[24.045s] -- Installing: /home/gme2307/ponderadas-m6-ec/ponderada-1/meu_workspace/install/turtlesim/include/turtlesim/turtlesim/srv/detail/kill__rosidl_typesupport_introspection_cpp.hpp
[24.045s] -- Installing: /home/gme2307/ponderadas-m6-ec/ponderada-1/meu_workspace/install/turtlesim/include/turtlesim/turtlesim/srv/detail/spawn__type_support.cpp
[24.045s] -- Installing: /home/gme2307/ponderadas-m6-ec/ponderada-1/meu_workspace/install/turtlesim/include/turtlesim/turtlesim/srv/detail/set_pen__type_support.cpp
[24.046s] -- Installing: /home/gme2307/ponderadas-m6-ec/ponderada-1/meu_workspace/install/turtlesim/include/turtlesim/turtlesim/srv/detail/teleport_absolute__type_support.cpp
[24.046s] -- Installing: /home/gme2307/ponderadas-m6-ec/ponderada-1/meu_workspace/install/turtlesim/include/turtlesim/turtlesim/srv/detail/teleport_relative__rosidl_typesupport_introspection_cpp.hpp
[24.046s] -- Installing: /home/gme2307/ponderadas-m6-ec/ponderada-1/meu_workspace/install/turtlesim/include/turtlesim/turtlesim/srv/detail/set_pen__rosidl_typesupport_introspection_cpp.hpp
[24.046s] -- Installing: /home/gme2307/ponderadas-m6-ec/ponderada-1/meu_workspace/install/turtlesim/include/turtlesim/turtlesim/srv/detail/teleport_relative__type_support.cpp
[24.046s] -- Installing: /home/gme2307/ponderadas-m6-ec/ponderada-1/meu_workspace/install/turtlesim/include/turtlesim/turtlesim/srv/detail/spawn__rosidl_typesupport_introspection_cpp.hpp
[24.046s] -- Installing: /home/gme2307/ponderadas-m6-ec/ponderada-1/meu_workspace/install/turtlesim/include/turtlesim/turtlesim/srv/detail/teleport_absolute__rosidl_typesupport_introspection_cpp.hpp
[24.046s] -- Installing: /home/gme2307/ponderadas-m6-ec/ponderada-1/meu_workspace/install/turtlesim/include/turtlesim/turtlesim/srv/detail/kill__type_support.cpp
[24.046s] -- Up-to-date: /home/gme2307/ponderadas-m6-ec/ponderada-1/meu_workspace/install/turtlesim/include/turtlesim/turtlesim/msg
[24.046s] -- Up-to-date: /home/gme2307/ponderadas-m6-ec/ponderada-1/meu_workspace/install/turtlesim/include/turtlesim/turtlesim/msg/detail
[24.046s] -- Installing: /home/gme2307/ponderadas-m6-ec/ponderada-1/meu_workspace/install/turtlesim/include/turtlesim/turtlesim/msg/detail/pose__type_support.cpp
[24.046s] -- Installing: /home/gme2307/ponderadas-m6-ec/ponderada-1/meu_workspace/install/turtlesim/include/turtlesim/turtlesim/msg/detail/color__type_support.cpp
[24.046s] -- Installing: /home/gme2307/ponderadas-m6-ec/ponderada-1/meu_workspace/install/turtlesim/include/turtlesim/turtlesim/msg/detail/pose__rosidl_typesupport_introspection_cpp.hpp
[24.046s] -- Installing: /home/gme2307/ponderadas-m6-ec/ponderada-1/meu_workspace/install/turtlesim/include/turtlesim/turtlesim/msg/detail/color__rosidl_typesupport_introspection_cpp.hpp
[24.046s] -- Up-to-date: /home/gme2307/ponderadas-m6-ec/ponderada-1/meu_workspace/install/turtlesim/include/turtlesim/turtlesim/action
[24.047s] -- Up-to-date: /home/gme2307/ponderadas-m6-ec/ponderada-1/meu_workspace/install/turtlesim/include/turtlesim/turtlesim/action/detail
[24.047s] -- Installing: /home/gme2307/ponderadas-m6-ec/ponderada-1/meu_workspace/install/turtlesim/include/turtlesim/turtlesim/action/detail/rotate_absolute__rosidl_typesupport_introspection_cpp.hpp
[24.047s] -- Installing: /home/gme2307/ponderadas-m6-ec/ponderada-1/meu_workspace/install/turtlesim/include/turtlesim/turtlesim/action/detail/rotate_absolute__type_support.cpp
[24.047s] -- Installing: /home/gme2307/ponderadas-m6-ec/ponderada-1/meu_workspace/install/turtlesim/lib/libturtlesim__rosidl_typesupport_introspection_cpp.so
[24.047s] -- Set runtime path of "/home/gme2307/ponderadas-m6-ec/ponderada-1/meu_workspace/install/turtlesim/lib/libturtlesim__rosidl_typesupport_introspection_cpp.so" to ""
[24.047s] -- Installing: /home/gme2307/ponderadas-m6-ec/ponderada-1/meu_workspace/install/turtlesim/lib/libturtlesim__rosidl_typesupport_cpp.so
[24.047s] -- Set runtime path of "/home/gme2307/ponderadas-m6-ec/ponderada-1/meu_workspace/install/turtlesim/lib/libturtlesim__rosidl_typesupport_cpp.so" to ""
[24.047s] -- Installing: /home/gme2307/ponderadas-m6-ec/ponderada-1/meu_workspace/install/turtlesim/share/turtlesim/environment/pythonpath.sh
[24.048s] -- Installing: /home/gme2307/ponderadas-m6-ec/ponderada-1/meu_workspace/install/turtlesim/share/turtlesim/environment/pythonpath.dsv
[24.048s] -- Up-to-date: /home/gme2307/ponderadas-m6-ec/ponderada-1/meu_workspace/install/turtlesim/local/lib/python3.10/dist-packages/turtlesim-1.4.2-py3.10.egg-info
[24.048s] -- Installing: /home/gme2307/ponderadas-m6-ec/ponderada-1/meu_workspace/install/turtlesim/local/lib/python3.10/dist-packages/turtlesim-1.4.2-py3.10.egg-info/SOURCES.txt
[24.048s] -- Installing: /home/gme2307/ponderadas-m6-ec/ponderada-1/meu_workspace/install/turtlesim/local/lib/python3.10/dist-packages/turtlesim-1.4.2-py3.10.egg-info/top_level.txt
[24.048s] -- Installing: /home/gme2307/ponderadas-m6-ec/ponderada-1/meu_workspace/install/turtlesim/local/lib/python3.10/dist-packages/turtlesim-1.4.2-py3.10.egg-info/dependency_links.txt
[24.048s] -- Installing: /home/gme2307/ponderadas-m6-ec/ponderada-1/meu_workspace/install/turtlesim/local/lib/python3.10/dist-packages/turtlesim-1.4.2-py3.10.egg-info/PKG-INFO
[24.048s] -- Up-to-date: /home/gme2307/ponderadas-m6-ec/ponderada-1/meu_workspace/install/turtlesim/local/lib/python3.10/dist-packages/turtlesim
[24.048s] -- Up-to-date: /home/gme2307/ponderadas-m6-ec/ponderada-1/meu_workspace/install/turtlesim/local/lib/python3.10/dist-packages/turtlesim/srv
[24.048s] -- Installing: /home/gme2307/ponderadas-m6-ec/ponderada-1/meu_workspace/install/turtlesim/local/lib/python3.10/dist-packages/turtlesim/srv/_set_pen_s.c
[24.048s] -- Installing: /home/gme2307/ponderadas-m6-ec/ponderada-1/meu_workspace/install/turtlesim/local/lib/python3.10/dist-packages/turtlesim/srv/_spawn.py
[24.048s] -- Installing: /home/gme2307/ponderadas-m6-ec/ponderada-1/meu_workspace/install/turtlesim/local/lib/python3.10/dist-packages/turtlesim/srv/_kill.py
[24.048s] -- Installing: /home/gme2307/ponderadas-m6-ec/ponderada-1/meu_workspace/install/turtlesim/local/lib/python3.10/dist-packages/turtlesim/srv/_spawn_s.c
[24.048s] -- Installing: /home/gme2307/ponderadas-m6-ec/ponderada-1/meu_workspace/install/turtlesim/local/lib/python3.10/dist-packages/turtlesim/srv/_set_pen.py
[24.048s] -- Installing: /home/gme2307/ponderadas-m6-ec/ponderada-1/meu_workspace/install/turtlesim/local/lib/python3.10/dist-packages/turtlesim/srv/_kill_s.c
[24.049s] -- Installing: /home/gme2307/ponderadas-m6-ec/ponderada-1/meu_workspace/install/turtlesim/local/lib/python3.10/dist-packages/turtlesim/srv/_teleport_absolute_s.c
[24.049s] -- Installing: /home/gme2307/ponderadas-m6-ec/ponderada-1/meu_workspace/install/turtlesim/local/lib/python3.10/dist-packages/turtlesim/srv/_teleport_relative_s.c
[24.049s] -- Installing: /home/gme2307/ponderadas-m6-ec/ponderada-1/meu_workspace/install/turtlesim/local/lib/python3.10/dist-packages/turtlesim/srv/__init__.py
[24.049s] -- Installing: /home/gme2307/ponderadas-m6-ec/ponderada-1/meu_workspace/install/turtlesim/local/lib/python3.10/dist-packages/turtlesim/srv/_teleport_absolute.py
[24.049s] -- Installing: /home/gme2307/ponderadas-m6-ec/ponderada-1/meu_workspace/install/turtlesim/local/lib/python3.10/dist-packages/turtlesim/srv/_teleport_relative.py
[24.049s] -- Installing: /home/gme2307/ponderadas-m6-ec/ponderada-1/meu_workspace/install/turtlesim/local/lib/python3.10/dist-packages/turtlesim/turtlesim_s__rosidl_typesupport_introspection_c.cpython-310-x86_64-linux-gnu.so
[24.049s] -- Installing: /home/gme2307/ponderadas-m6-ec/ponderada-1/meu_workspace/install/turtlesim/local/lib/python3.10/dist-packages/turtlesim/turtlesim_s__rosidl_typesupport_fastrtps_c.cpython-310-x86_64-linux-gnu.so
[24.049s] -- Installing: /home/gme2307/ponderadas-m6-ec/ponderada-1/meu_workspace/install/turtlesim/local/lib/python3.10/dist-packages/turtlesim/libturtlesim__rosidl_generator_py.so
[24.049s] -- Installing: /home/gme2307/ponderadas-m6-ec/ponderada-1/meu_workspace/install/turtlesim/local/lib/python3.10/dist-packages/turtlesim/_turtlesim_s.ep.rosidl_typesupport_introspection_c.c
[24.050s] -- Up-to-date: /home/gme2307/ponderadas-m6-ec/ponderada-1/meu_workspace/install/turtlesim/local/lib/python3.10/dist-packages/turtlesim/msg
[24.050s] -- Installing: /home/gme2307/ponderadas-m6-ec/ponderada-1/meu_workspace/install/turtlesim/local/lib/python3.10/dist-packages/turtlesim/msg/_pose_s.c
[24.050s] -- Installing: /home/gme2307/ponderadas-m6-ec/ponderada-1/meu_workspace/install/turtlesim/local/lib/python3.10/dist-packages/turtlesim/msg/_color_s.c
[24.050s] -- Installing: /home/gme2307/ponderadas-m6-ec/ponderada-1/meu_workspace/install/turtlesim/local/lib/python3.10/dist-packages/turtlesim/msg/__init__.py
[24.050s] -- Installing: /home/gme2307/ponderadas-m6-ec/ponderada-1/meu_workspace/install/turtlesim/local/lib/python3.10/dist-packages/turtlesim/msg/_color.py
[24.050s] -- Installing: /home/gme2307/ponderadas-m6-ec/ponderada-1/meu_workspace/install/turtlesim/local/lib/python3.10/dist-packages/turtlesim/msg/_pose.py
[24.050s] -- Installing: /home/gme2307/ponderadas-m6-ec/ponderada-1/meu_workspace/install/turtlesim/local/lib/python3.10/dist-packages/turtlesim/turtlesim_s__rosidl_typesupport_c.cpython-310-x86_64-linux-gnu.so
[24.050s] -- Installing: /home/gme2307/ponderadas-m6-ec/ponderada-1/meu_workspace/install/turtlesim/local/lib/python3.10/dist-packages/turtlesim/__init__.py
[24.050s] -- Up-to-date: /home/gme2307/ponderadas-m6-ec/ponderada-1/meu_workspace/install/turtlesim/local/lib/python3.10/dist-packages/turtlesim/action
[24.050s] -- Installing: /home/gme2307/ponderadas-m6-ec/ponderada-1/meu_workspace/install/turtlesim/local/lib/python3.10/dist-packages/turtlesim/action/_rotate_absolute.py
[24.050s] -- Installing: /home/gme2307/ponderadas-m6-ec/ponderada-1/meu_workspace/install/turtlesim/local/lib/python3.10/dist-packages/turtlesim/action/_rotate_absolute_s.c
[24.050s] -- Installing: /home/gme2307/ponderadas-m6-ec/ponderada-1/meu_workspace/install/turtlesim/local/lib/python3.10/dist-packages/turtlesim/action/__init__.py
[24.050s] -- Installing: /home/gme2307/ponderadas-m6-ec/ponderada-1/meu_workspace/install/turtlesim/local/lib/python3.10/dist-packages/turtlesim/_turtlesim_s.ep.rosidl_typesupport_c.c
[24.051s] -- Installing: /home/gme2307/ponderadas-m6-ec/ponderada-1/meu_workspace/install/turtlesim/local/lib/python3.10/dist-packages/turtlesim/_turtlesim_s.ep.rosidl_typesupport_fastrtps_c.c
[24.087s] Listing '/home/gme2307/ponderadas-m6-ec/ponderada-1/meu_workspace/install/turtlesim/local/lib/python3.10/dist-packages/turtlesim'...
[24.088s] Compiling '/home/gme2307/ponderadas-m6-ec/ponderada-1/meu_workspace/install/turtlesim/local/lib/python3.10/dist-packages/turtlesim/__init__.py'...
[24.088s] Listing '/home/gme2307/ponderadas-m6-ec/ponderada-1/meu_workspace/install/turtlesim/local/lib/python3.10/dist-packages/turtlesim/action'...
[24.088s] Compiling '/home/gme2307/ponderadas-m6-ec/ponderada-1/meu_workspace/install/turtlesim/local/lib/python3.10/dist-packages/turtlesim/action/__init__.py'...
[24.088s] Compiling '/home/gme2307/ponderadas-m6-ec/ponderada-1/meu_workspace/install/turtlesim/local/lib/python3.10/dist-packages/turtlesim/action/_rotate_absolute.py'...
[24.088s] Listing '/home/gme2307/ponderadas-m6-ec/ponderada-1/meu_workspace/install/turtlesim/local/lib/python3.10/dist-packages/turtlesim/msg'...
[24.088s] Compiling '/home/gme2307/ponderadas-m6-ec/ponderada-1/meu_workspace/install/turtlesim/local/lib/python3.10/dist-packages/turtlesim/msg/__init__.py'...
[24.088s] Compiling '/home/gme2307/ponderadas-m6-ec/ponderada-1/meu_workspace/install/turtlesim/local/lib/python3.10/dist-packages/turtlesim/msg/_color.py'...
[24.088s] Compiling '/home/gme2307/ponderadas-m6-ec/ponderada-1/meu_workspace/install/turtlesim/local/lib/python3.10/dist-packages/turtlesim/msg/_pose.py'...
[24.088s] Listing '/home/gme2307/ponderadas-m6-ec/ponderada-1/meu_workspace/install/turtlesim/local/lib/python3.10/dist-packages/turtlesim/srv'...
[24.088s] Compiling '/home/gme2307/ponderadas-m6-ec/ponderada-1/meu_workspace/install/turtlesim/local/lib/python3.10/dist-packages/turtlesim/srv/__init__.py'...
[24.089s] Compiling '/home/gme2307/ponderadas-m6-ec/ponderada-1/meu_workspace/install/turtlesim/local/lib/python3.10/dist-packages/turtlesim/srv/_kill.py'...
[24.089s] Compiling '/home/gme2307/ponderadas-m6-ec/ponderada-1/meu_workspace/install/turtlesim/local/lib/python3.10/dist-packages/turtlesim/srv/_set_pen.py'...
[24.089s] Compiling '/home/gme2307/ponderadas-m6-ec/ponderada-1/meu_workspace/install/turtlesim/local/lib/python3.10/dist-packages/turtlesim/srv/_spawn.py'...
[24.089s] Compiling '/home/gme2307/ponderadas-m6-ec/ponderada-1/meu_workspace/install/turtlesim/local/lib/python3.10/dist-packages/turtlesim/srv/_teleport_absolute.py'...
[24.089s] Compiling '/home/gme2307/ponderadas-m6-ec/ponderada-1/meu_workspace/install/turtlesim/local/lib/python3.10/dist-packages/turtlesim/srv/_teleport_relative.py'...
[24.091s] -- Installing: /home/gme2307/ponderadas-m6-ec/ponderada-1/meu_workspace/install/turtlesim/local/lib/python3.10/dist-packages/turtlesim/turtlesim_s__rosidl_typesupport_fastrtps_c.cpython-310-x86_64-linux-gnu.so
[24.092s] -- Set runtime path of "/home/gme2307/ponderadas-m6-ec/ponderada-1/meu_workspace/install/turtlesim/local/lib/python3.10/dist-packages/turtlesim/turtlesim_s__rosidl_typesupport_fastrtps_c.cpython-310-x86_64-linux-gnu.so" to ""
[24.092s] -- Installing: /home/gme2307/ponderadas-m6-ec/ponderada-1/meu_workspace/install/turtlesim/local/lib/python3.10/dist-packages/turtlesim/turtlesim_s__rosidl_typesupport_introspection_c.cpython-310-x86_64-linux-gnu.so
[24.092s] -- Set runtime path of "/home/gme2307/ponderadas-m6-ec/ponderada-1/meu_workspace/install/turtlesim/local/lib/python3.10/dist-packages/turtlesim/turtlesim_s__rosidl_typesupport_introspection_c.cpython-310-x86_64-linux-gnu.so" to ""
[24.092s] -- Installing: /home/gme2307/ponderadas-m6-ec/ponderada-1/meu_workspace/install/turtlesim/local/lib/python3.10/dist-packages/turtlesim/turtlesim_s__rosidl_typesupport_c.cpython-310-x86_64-linux-gnu.so
[24.092s] -- Set runtime path of "/home/gme2307/ponderadas-m6-ec/ponderada-1/meu_workspace/install/turtlesim/local/lib/python3.10/dist-packages/turtlesim/turtlesim_s__rosidl_typesupport_c.cpython-310-x86_64-linux-gnu.so" to ""
[24.092s] -- Installing: /home/gme2307/ponderadas-m6-ec/ponderada-1/meu_workspace/install/turtlesim/lib/libturtlesim__rosidl_generator_py.so
[24.093s] -- Set runtime path of "/home/gme2307/ponderadas-m6-ec/ponderada-1/meu_workspace/install/turtlesim/lib/libturtlesim__rosidl_generator_py.so" to ""
[24.093s] -- Installing: /home/gme2307/ponderadas-m6-ec/ponderada-1/meu_workspace/install/turtlesim/share/turtlesim/action/RotateAbsolute.idl
[24.093s] -- Installing: /home/gme2307/ponderadas-m6-ec/ponderada-1/meu_workspace/install/turtlesim/share/turtlesim/msg/Color.idl
[24.093s] -- Installing: /home/gme2307/ponderadas-m6-ec/ponderada-1/meu_workspace/install/turtlesim/share/turtlesim/msg/Pose.idl
[24.093s] -- Installing: /home/gme2307/ponderadas-m6-ec/ponderada-1/meu_workspace/install/turtlesim/share/turtlesim/srv/Kill.idl
[24.093s] -- Installing: /home/gme2307/ponderadas-m6-ec/ponderada-1/meu_workspace/install/turtlesim/share/turtlesim/srv/SetPen.idl
[24.093s] -- Installing: /home/gme2307/ponderadas-m6-ec/ponderada-1/meu_workspace/install/turtlesim/share/turtlesim/srv/Spawn.idl
[24.093s] -- Installing: /home/gme2307/ponderadas-m6-ec/ponderada-1/meu_workspace/install/turtlesim/share/turtlesim/srv/TeleportAbsolute.idl
[24.093s] -- Installing: /home/gme2307/ponderadas-m6-ec/ponderada-1/meu_workspace/install/turtlesim/share/turtlesim/srv/TeleportRelative.idl
[24.093s] -- Up-to-date: /home/gme2307/ponderadas-m6-ec/ponderada-1/meu_workspace/install/turtlesim/share/turtlesim/action/RotateAbsolute.action
[24.094s] -- Up-to-date: /home/gme2307/ponderadas-m6-ec/ponderada-1/meu_workspace/install/turtlesim/share/turtlesim/msg/Color.msg
[24.094s] -- Up-to-date: /home/gme2307/ponderadas-m6-ec/ponderada-1/meu_workspace/install/turtlesim/share/turtlesim/msg/Pose.msg
[24.094s] -- Up-to-date: /home/gme2307/ponderadas-m6-ec/ponderada-1/meu_workspace/install/turtlesim/share/turtlesim/srv/Kill.srv
[24.094s] -- Installing: /home/gme2307/ponderadas-m6-ec/ponderada-1/meu_workspace/install/turtlesim/share/turtlesim/srv/Kill_Request.msg
[24.094s] -- Installing: /home/gme2307/ponderadas-m6-ec/ponderada-1/meu_workspace/install/turtlesim/share/turtlesim/srv/Kill_Response.msg
[24.094s] -- Up-to-date: /home/gme2307/ponderadas-m6-ec/ponderada-1/meu_workspace/install/turtlesim/share/turtlesim/srv/SetPen.srv
[24.094s] -- Installing: /home/gme2307/ponderadas-m6-ec/ponderada-1/meu_workspace/install/turtlesim/share/turtlesim/srv/SetPen_Request.msg
[24.094s] -- Installing: /home/gme2307/ponderadas-m6-ec/ponderada-1/meu_workspace/install/turtlesim/share/turtlesim/srv/SetPen_Response.msg
[24.094s] -- Up-to-date: /home/gme2307/ponderadas-m6-ec/ponderada-1/meu_workspace/install/turtlesim/share/turtlesim/srv/Spawn.srv
[24.094s] -- Installing: /home/gme2307/ponderadas-m6-ec/ponderada-1/meu_workspace/install/turtlesim/share/turtlesim/srv/Spawn_Request.msg
[24.094s] -- Installing: /home/gme2307/ponderadas-m6-ec/ponderada-1/meu_workspace/install/turtlesim/share/turtlesim/srv/Spawn_Response.msg
[24.094s] -- Up-to-date: /home/gme2307/ponderadas-m6-ec/ponderada-1/meu_workspace/install/turtlesim/share/turtlesim/srv/TeleportAbsolute.srv
[24.095s] -- Installing: /home/gme2307/ponderadas-m6-ec/ponderada-1/meu_workspace/install/turtlesim/share/turtlesim/srv/TeleportAbsolute_Request.msg
[24.095s] -- Installing: /home/gme2307/ponderadas-m6-ec/ponderada-1/meu_workspace/install/turtlesim/share/turtlesim/srv/TeleportAbsolute_Response.msg
[24.095s] -- Up-to-date: /home/gme2307/ponderadas-m6-ec/ponderada-1/meu_workspace/install/turtlesim/share/turtlesim/srv/TeleportRelative.srv
[24.095s] -- Installing: /home/gme2307/ponderadas-m6-ec/ponderada-1/meu_workspace/install/turtlesim/share/turtlesim/srv/TeleportRelative_Request.msg
[24.095s] -- Installing: /home/gme2307/ponderadas-m6-ec/ponderada-1/meu_workspace/install/turtlesim/share/turtlesim/srv/TeleportRelative_Response.msg
[24.095s] -- Installing: /home/gme2307/ponderadas-m6-ec/ponderada-1/meu_workspace/install/turtlesim/lib/turtlesim/turtlesim_node
[24.103s] -- Set runtime path of "/home/gme2307/ponderadas-m6-ec/ponderada-1/meu_workspace/install/turtlesim/lib/turtlesim/turtlesim_node" to ""
[24.103s] -- Installing: /home/gme2307/ponderadas-m6-ec/ponderada-1/meu_workspace/install/turtlesim/lib/turtlesim/turtle_teleop_key
[24.104s] -- Set runtime path of "/home/gme2307/ponderadas-m6-ec/ponderada-1/meu_workspace/install/turtlesim/lib/turtlesim/turtle_teleop_key" to ""
[24.104s] -- Installing: /home/gme2307/ponderadas-m6-ec/ponderada-1/meu_workspace/install/turtlesim/lib/turtlesim/draw_square
[24.108s] -- Set runtime path of "/home/gme2307/ponderadas-m6-ec/ponderada-1/meu_workspace/install/turtlesim/lib/turtlesim/draw_square" to ""
[24.108s] -- Installing: /home/gme2307/ponderadas-m6-ec/ponderada-1/meu_workspace/install/turtlesim/lib/turtlesim/mimic
[24.111s] -- Set runtime path of "/home/gme2307/ponderadas-m6-ec/ponderada-1/meu_workspace/install/turtlesim/lib/turtlesim/mimic" to ""
[24.111s] -- Up-to-date: /home/gme2307/ponderadas-m6-ec/ponderada-1/meu_workspace/install/turtlesim/share/turtlesim/images
[24.111s] -- Up-to-date: /home/gme2307/ponderadas-m6-ec/ponderada-1/meu_workspace/install/turtlesim/share/turtlesim/images/foxy.png
[24.111s] -- Up-to-date: /home/gme2307/ponderadas-m6-ec/ponderada-1/meu_workspace/install/turtlesim/share/turtlesim/images/galactic.png
[24.112s] -- Up-to-date: /home/gme2307/ponderadas-m6-ec/ponderada-1/meu_workspace/install/turtlesim/share/turtlesim/images/ardent.png
[24.112s] -- Up-to-date: /home/gme2307/ponderadas-m6-ec/ponderada-1/meu_workspace/install/turtlesim/share/turtlesim/images/crystal.png
[24.112s] -- Up-to-date: /home/gme2307/ponderadas-m6-ec/ponderada-1/meu_workspace/install/turtlesim/share/turtlesim/images/dashing.png
[24.112s] -- Up-to-date: /home/gme2307/ponderadas-m6-ec/ponderada-1/meu_workspace/install/turtlesim/share/turtlesim/images/rolling.png
[24.112s] -- Up-to-date: /home/gme2307/ponderadas-m6-ec/ponderada-1/meu_workspace/install/turtlesim/share/turtlesim/images/bouncy.png
[24.112s] -- Up-to-date: /home/gme2307/ponderadas-m6-ec/ponderada-1/meu_workspace/install/turtlesim/share/turtlesim/images/eloquent.png
[24.112s] -- Up-to-date: /home/gme2307/ponderadas-m6-ec/ponderada-1/meu_workspace/install/turtlesim/share/turtlesim/images/humble.png
[24.112s] -- Up-to-date: /home/gme2307/ponderadas-m6-ec/ponderada-1/meu_workspace/install/turtlesim/share/turtlesim/launch
[24.112s] -- Up-to-date: /home/gme2307/ponderadas-m6-ec/ponderada-1/meu_workspace/install/turtlesim/share/turtlesim/launch/multisim.launch.py
[24.112s] -- Installing: /home/gme2307/ponderadas-m6-ec/ponderada-1/meu_workspace/install/turtlesim/share/ament_index/resource_index/package_run_dependencies/turtlesim
[24.112s] -- Installing: /home/gme2307/ponderadas-m6-ec/ponderada-1/meu_workspace/install/turtlesim/share/ament_index/resource_index/parent_prefix_path/turtlesim
[24.113s] -- Up-to-date: /home/gme2307/ponderadas-m6-ec/ponderada-1/meu_workspace/install/turtlesim/share/turtlesim/environment/ament_prefix_path.sh
[24.113s] -- Installing: /home/gme2307/ponderadas-m6-ec/ponderada-1/meu_workspace/install/turtlesim/share/turtlesim/environment/ament_prefix_path.dsv
[24.113s] -- Up-to-date: /home/gme2307/ponderadas-m6-ec/ponderada-1/meu_workspace/install/turtlesim/share/turtlesim/environment/path.sh
[24.113s] -- Installing: /home/gme2307/ponderadas-m6-ec/ponderada-1/meu_workspace/install/turtlesim/share/turtlesim/environment/path.dsv
[24.113s] -- Installing: /home/gme2307/ponderadas-m6-ec/ponderada-1/meu_workspace/install/turtlesim/share/turtlesim/local_setup.bash
[24.113s] -- Installing: /home/gme2307/ponderadas-m6-ec/ponderada-1/meu_workspace/install/turtlesim/share/turtlesim/local_setup.sh
[24.113s] -- Installing: /home/gme2307/ponderadas-m6-ec/ponderada-1/meu_workspace/install/turtlesim/share/turtlesim/local_setup.zsh
[24.113s] -- Installing: /home/gme2307/ponderadas-m6-ec/ponderada-1/meu_workspace/install/turtlesim/share/turtlesim/local_setup.dsv
[24.113s] -- Installing: /home/gme2307/ponderadas-m6-ec/ponderada-1/meu_workspace/install/turtlesim/share/turtlesim/package.dsv
[24.113s] -- Installing: /home/gme2307/ponderadas-m6-ec/ponderada-1/meu_workspace/install/turtlesim/share/ament_index/resource_index/packages/turtlesim
[24.113s] -- Installing: /home/gme2307/ponderadas-m6-ec/ponderada-1/meu_workspace/install/turtlesim/share/turtlesim/cmake/export_turtlesim__rosidl_generator_cExport.cmake
[24.113s] -- Installing: /home/gme2307/ponderadas-m6-ec/ponderada-1/meu_workspace/install/turtlesim/share/turtlesim/cmake/export_turtlesim__rosidl_generator_cExport-noconfig.cmake
[24.113s] -- Installing: /home/gme2307/ponderadas-m6-ec/ponderada-1/meu_workspace/install/turtlesim/share/turtlesim/cmake/export_turtlesim__rosidl_typesupport_fastrtps_cExport.cmake
[24.114s] -- Installing: /home/gme2307/ponderadas-m6-ec/ponderada-1/meu_workspace/install/turtlesim/share/turtlesim/cmake/export_turtlesim__rosidl_typesupport_fastrtps_cExport-noconfig.cmake
[24.114s] -- Installing: /home/gme2307/ponderadas-m6-ec/ponderada-1/meu_workspace/install/turtlesim/share/turtlesim/cmake/export_turtlesim__rosidl_generator_cppExport.cmake
[24.114s] -- Installing: /home/gme2307/ponderadas-m6-ec/ponderada-1/meu_workspace/install/turtlesim/share/turtlesim/cmake/export_turtlesim__rosidl_typesupport_fastrtps_cppExport.cmake
[24.114s] -- Installing: /home/gme2307/ponderadas-m6-ec/ponderada-1/meu_workspace/install/turtlesim/share/turtlesim/cmake/export_turtlesim__rosidl_typesupport_fastrtps_cppExport-noconfig.cmake
[24.114s] -- Installing: /home/gme2307/ponderadas-m6-ec/ponderada-1/meu_workspace/install/turtlesim/share/turtlesim/cmake/turtlesim__rosidl_typesupport_introspection_cExport.cmake
[24.114s] -- Installing: /home/gme2307/ponderadas-m6-ec/ponderada-1/meu_workspace/install/turtlesim/share/turtlesim/cmake/turtlesim__rosidl_typesupport_introspection_cExport-noconfig.cmake
[24.114s] -- Installing: /home/gme2307/ponderadas-m6-ec/ponderada-1/meu_workspace/install/turtlesim/share/turtlesim/cmake/turtlesim__rosidl_typesupport_cExport.cmake
[24.114s] -- Installing: /home/gme2307/ponderadas-m6-ec/ponderada-1/meu_workspace/install/turtlesim/share/turtlesim/cmake/turtlesim__rosidl_typesupport_cExport-noconfig.cmake
[24.114s] -- Installing: /home/gme2307/ponderadas-m6-ec/ponderada-1/meu_workspace/install/turtlesim/share/turtlesim/cmake/turtlesim__rosidl_typesupport_introspection_cppExport.cmake
[24.114s] -- Installing: /home/gme2307/ponderadas-m6-ec/ponderada-1/meu_workspace/install/turtlesim/share/turtlesim/cmake/turtlesim__rosidl_typesupport_introspection_cppExport-noconfig.cmake
[24.114s] -- Installing: /home/gme2307/ponderadas-m6-ec/ponderada-1/meu_workspace/install/turtlesim/share/turtlesim/cmake/turtlesim__rosidl_typesupport_cppExport.cmake
[24.115s] -- Installing: /home/gme2307/ponderadas-m6-ec/ponderada-1/meu_workspace/install/turtlesim/share/turtlesim/cmake/turtlesim__rosidl_typesupport_cppExport-noconfig.cmake
[24.115s] -- Installing: /home/gme2307/ponderadas-m6-ec/ponderada-1/meu_workspace/install/turtlesim/share/turtlesim/cmake/export_turtlesim__rosidl_generator_pyExport.cmake
[24.115s] -- Installing: /home/gme2307/ponderadas-m6-ec/ponderada-1/meu_workspace/install/turtlesim/share/turtlesim/cmake/export_turtlesim__rosidl_generator_pyExport-noconfig.cmake
[24.115s] -- Installing: /home/gme2307/ponderadas-m6-ec/ponderada-1/meu_workspace/install/turtlesim/share/turtlesim/cmake/rosidl_cmake-extras.cmake
[24.115s] -- Installing: /home/gme2307/ponderadas-m6-ec/ponderada-1/meu_workspace/install/turtlesim/share/turtlesim/cmake/ament_cmake_export_dependencies-extras.cmake
[24.115s] -- Installing: /home/gme2307/ponderadas-m6-ec/ponderada-1/meu_workspace/install/turtlesim/share/turtlesim/cmake/ament_cmake_export_include_directories-extras.cmake
[24.115s] -- Installing: /home/gme2307/ponderadas-m6-ec/ponderada-1/meu_workspace/install/turtlesim/share/turtlesim/cmake/ament_cmake_export_libraries-extras.cmake
[24.115s] -- Installing: /home/gme2307/ponderadas-m6-ec/ponderada-1/meu_workspace/install/turtlesim/share/turtlesim/cmake/ament_cmake_export_targets-extras.cmake
[24.115s] -- Installing: /home/gme2307/ponderadas-m6-ec/ponderada-1/meu_workspace/install/turtlesim/share/turtlesim/cmake/rosidl_cmake_export_typesupport_targets-extras.cmake
[24.115s] -- Installing: /home/gme2307/ponderadas-m6-ec/ponderada-1/meu_workspace/install/turtlesim/share/turtlesim/cmake/rosidl_cmake_export_typesupport_libraries-extras.cmake
[24.115s] -- Installing: /home/gme2307/ponderadas-m6-ec/ponderada-1/meu_workspace/install/turtlesim/share/turtlesim/cmake/turtlesimConfig.cmake
[24.115s] -- Installing: /home/gme2307/ponderadas-m6-ec/ponderada-1/meu_workspace/install/turtlesim/share/turtlesim/cmake/turtlesimConfig-version.cmake
[24.115s] -- Up-to-date: /home/gme2307/ponderadas-m6-ec/ponderada-1/meu_workspace/install/turtlesim/share/turtlesim/package.xml
[24.118s] Invoked command in '/home/gme2307/ponderadas-m6-ec/ponderada-1/meu_workspace/build/turtlesim' returned '0': CMAKE_PREFIX_PATH=${CMAKE_PREFIX_PATH}:/home/gme2307/ponderadas-m6-ec/ponderada-1/meu_workspace/install/ponderada_gustavo:/opt/ros/humble /usr/bin/cmake --install /home/gme2307/ponderadas-m6-ec/ponderada-1/meu_workspace/build/turtlesim
