[0.513s] Invoking command in '/home/gme2307/ponderadas-m6-ec/ponderada-1/meu_workspace/src/ponderada_gustavo': PYTHONPATH=/home/gme2307/ponderadas-m6-ec/ponderada-1/meu_workspace/build/ponderada_gustavo/prefix_override:/home/gme2307/ponderadas-m6-ec/ponderada-1/meu_workspace/install/ponderada_gustavo/lib/python3.10/site-packages:${PYTHONPATH} /usr/bin/python3 -W ignore:setup.py install is deprecated setup.py egg_info --egg-base ../../build/ponderada_gustavo build --build-base /home/gme2307/ponderadas-m6-ec/ponderada-1/meu_workspace/build/ponderada_gustavo/build install --record /home/gme2307/ponderadas-m6-ec/ponderada-1/meu_workspace/build/ponderada_gustavo/install.log --single-version-externally-managed install_data
[0.712s] running egg_info
[0.712s] writing ../../build/ponderada_gustavo/ponderada_gustavo.egg-info/PKG-INFO
[0.712s] writing dependency_links to ../../build/ponderada_gustavo/ponderada_gustavo.egg-info/dependency_links.txt
[0.712s] writing entry points to ../../build/ponderada_gustavo/ponderada_gustavo.egg-info/entry_points.txt
[0.715s] writing requirements to ../../build/ponderada_gustavo/ponderada_gustavo.egg-info/requires.txt
[0.715s] writing top-level names to ../../build/ponderada_gustavo/ponderada_gustavo.egg-info/top_level.txt
[0.717s] reading manifest file '../../build/ponderada_gustavo/ponderada_gustavo.egg-info/SOURCES.txt'
[0.718s] writing manifest file '../../build/ponderada_gustavo/ponderada_gustavo.egg-info/SOURCES.txt'
[0.718s] running build
[0.718s] running build_py
[0.718s] running install
[0.718s] running install_lib
[0.719s] running install_data
[0.720s] running install_egg_info
[0.721s] removing '/home/gme2307/ponderadas-m6-ec/ponderada-1/meu_workspace/install/ponderada_gustavo/lib/python3.10/site-packages/ponderada_gustavo-0.0.0-py3.10.egg-info' (and everything under it)
[0.721s] Copying ../../build/ponderada_gustavo/ponderada_gustavo.egg-info to /home/gme2307/ponderadas-m6-ec/ponderada-1/meu_workspace/install/ponderada_gustavo/lib/python3.10/site-packages/ponderada_gustavo-0.0.0-py3.10.egg-info
[0.722s] running install_scripts
[0.739s] Installing pond_gu script to /home/gme2307/ponderadas-m6-ec/ponderada-1/meu_workspace/install/ponderada_gustavo/lib/ponderada_gustavo
[0.740s] writing list of installed files to '/home/gme2307/ponderadas-m6-ec/ponderada-1/meu_workspace/build/ponderada_gustavo/install.log'
[0.765s] Invoked command in '/home/gme2307/ponderadas-m6-ec/ponderada-1/meu_workspace/src/ponderada_gustavo' returned '0': PYTHONPATH=/home/gme2307/ponderadas-m6-ec/ponderada-1/meu_workspace/build/ponderada_gustavo/prefix_override:/home/gme2307/ponderadas-m6-ec/ponderada-1/meu_workspace/install/ponderada_gustavo/lib/python3.10/site-packages:${PYTHONPATH} /usr/bin/python3 -W ignore:setup.py install is deprecated setup.py egg_info --egg-base ../../build/ponderada_gustavo build --build-base /home/gme2307/ponderadas-m6-ec/ponderada-1/meu_workspace/build/ponderada_gustavo/build install --record /home/gme2307/ponderadas-m6-ec/ponderada-1/meu_workspace/build/ponderada_gustavo/install.log --single-version-externally-managed install_data
