[0.196s] Invoking command in '/home/gme2307/ponderadas-m6-ec/ponderada-1/meu_workspace/build/turtlesim': CMAKE_PREFIX_PATH=${CMAKE_PREFIX_PATH}:/home/gme2307/ponderadas-m6-ec/ponderada-1/meu_workspace/install/ponderada_gustavo:/opt/ros/humble /usr/bin/cmake /home/gme2307/ponderadas-m6-ec/ponderada-1/meu_workspace/src/ros_tutorials/turtlesim -DCMAKE_INSTALL_PREFIX=/home/gme2307/ponderadas-m6-ec/ponderada-1/meu_workspace/install/turtlesim
[0.237s] -- The C compiler identification is GNU 11.4.0
[0.279s] -- The CXX compiler identification is GNU 11.4.0
[0.286s] -- Detecting C compiler ABI info
[0.338s] -- Detecting C compiler ABI info - done
[0.347s] -- Check for working C compiler: /usr/bin/cc - skipped
[0.347s] -- Detecting C compile features
[0.347s] -- Detecting C compile features - done
[0.350s] -- Detecting CXX compiler ABI info
[0.413s] -- Detecting CXX compiler ABI info - done
[0.423s] -- Check for working CXX compiler: /usr/bin/c++ - skipped
[0.423s] -- Detecting CXX compile features
[0.423s] -- Detecting CXX compile features - done
[0.426s] -- Found ament_cmake: 1.3.8 (/opt/ros/humble/share/ament_cmake/cmake)
[0.552s] -- Found Python3: /usr/bin/python3 (found version "3.10.12") found components: Interpreter 
[0.614s] -- Found ament_index_cpp: 1.4.0 (/opt/ros/humble/share/ament_index_cpp/cmake)
[0.615s] -- Found geometry_msgs: 4.2.3 (/opt/ros/humble/share/geometry_msgs/cmake)
[0.644s] -- Found rosidl_generator_c: 3.1.5 (/opt/ros/humble/share/rosidl_generator_c/cmake)
[0.650s] -- Found rosidl_adapter: 3.1.5 (/opt/ros/humble/share/rosidl_adapter/cmake)
[0.658s] -- Found rosidl_generator_cpp: 3.1.5 (/opt/ros/humble/share/rosidl_generator_cpp/cmake)
[0.668s] -- Using all available rosidl_typesupport_c: rosidl_typesupport_fastrtps_c;rosidl_typesupport_introspection_c
[0.682s] -- Using all available rosidl_typesupport_cpp: rosidl_typesupport_fastrtps_cpp;rosidl_typesupport_introspection_cpp
[0.774s] -- Found rclcpp: 16.0.8 (/opt/ros/humble/share/rclcpp/cmake)
[0.810s] -- Found rmw_implementation_cmake: 6.1.1 (/opt/ros/humble/share/rmw_implementation_cmake/cmake)
[0.812s] -- Found rmw_fastrtps_cpp: 6.2.6 (/opt/ros/humble/share/rmw_fastrtps_cpp/cmake)
[0.883s] -- Found OpenSSL: /usr/lib/x86_64-linux-gnu/libcrypto.so (found version "3.0.2")  
[0.901s] -- Found FastRTPS: /opt/ros/humble/include  
[0.932s] -- Using RMW implementation 'rmw_fastrtps_cpp' as default
[0.939s] -- Looking for pthread.h
[0.991s] -- Looking for pthread.h - found
[0.991s] -- Performing Test CMAKE_HAVE_LIBC_PTHREAD
[1.046s] -- Performing Test CMAKE_HAVE_LIBC_PTHREAD - Success
[1.047s] -- Found Threads: TRUE  
[1.133s] -- Found rclcpp_action: 16.0.8 (/opt/ros/humble/share/rclcpp_action/cmake)
[1.196s] -- Found rosidl_default_generators: 1.2.0 (/opt/ros/humble/share/rosidl_default_generators/cmake)
[1.202s] -- Found std_srvs: 4.2.3 (/opt/ros/humble/share/std_srvs/cmake)
[1.428s] -- Found ament_cmake_ros: 0.10.0 (/opt/ros/humble/share/ament_cmake_ros/cmake)
[1.652s] -- Using all available rosidl_typesupport_c: rosidl_typesupport_fastrtps_c;rosidl_typesupport_introspection_c
[1.737s] -- Using all available rosidl_typesupport_cpp: rosidl_typesupport_fastrtps_cpp;rosidl_typesupport_introspection_cpp
[1.754s] -- Found PythonInterp: /usr/bin/python3 (found suitable version "3.10.12", minimum required is "3.6") 
[1.755s] -- Found python_cmake_module: 0.10.0 (/opt/ros/humble/share/python_cmake_module/cmake)
[1.773s] -- Found PythonLibs: /usr/lib/x86_64-linux-gnu/libpython3.10.so (found suitable version "3.10.12", minimum required is "3.5") 
[1.773s] -- Using PYTHON_EXECUTABLE: /usr/bin/python3
[1.773s] -- Using PYTHON_INCLUDE_DIRS: /usr/include/python3.10
[1.773s] -- Using PYTHON_LIBRARIES: /usr/lib/x86_64-linux-gnu/libpython3.10.so
[1.788s] -- Found PythonExtra: .so  
[1.827s] -- Configuring done
[1.883s] -- Generating done
[1.885s] -- Build files have been written to: /home/gme2307/ponderadas-m6-ec/ponderada-1/meu_workspace/build/turtlesim
[1.894s] Invoked command in '/home/gme2307/ponderadas-m6-ec/ponderada-1/meu_workspace/build/turtlesim' returned '0': CMAKE_PREFIX_PATH=${CMAKE_PREFIX_PATH}:/home/gme2307/ponderadas-m6-ec/ponderada-1/meu_workspace/install/ponderada_gustavo:/opt/ros/humble /usr/bin/cmake /home/gme2307/ponderadas-m6-ec/ponderada-1/meu_workspace/src/ros_tutorials/turtlesim -DCMAKE_INSTALL_PREFIX=/home/gme2307/ponderadas-m6-ec/ponderada-1/meu_workspace/install/turtlesim
[1.896s] Invoking command in '/home/gme2307/ponderadas-m6-ec/ponderada-1/meu_workspace/build/turtlesim': CMAKE_PREFIX_PATH=${CMAKE_PREFIX_PATH}:/home/gme2307/ponderadas-m6-ec/ponderada-1/meu_workspace/install/ponderada_gustavo:/opt/ros/humble /usr/bin/cmake --build /home/gme2307/ponderadas-m6-ec/ponderada-1/meu_workspace/build/turtlesim -- -j8 -l8
[1.926s] [  1%] [34m[1mGenerating C code for ROS interfaces[0m
[1.934s] [  2%] [34m[1mGenerating C++ code for ROS interfaces[0m
[1.945s] [  2%] Built target ament_cmake_python_copy_turtlesim
[2.133s] running egg_info
[2.133s] creating turtlesim.egg-info
[2.133s] writing turtlesim.egg-info/PKG-INFO
[2.133s] writing dependency_links to turtlesim.egg-info/dependency_links.txt
[2.133s] writing top-level names to turtlesim.egg-info/top_level.txt
[2.133s] writing manifest file 'turtlesim.egg-info/SOURCES.txt'
[2.135s] reading manifest file 'turtlesim.egg-info/SOURCES.txt'
[2.135s] writing manifest file 'turtlesim.egg-info/SOURCES.txt'
[2.158s] [  2%] Built target ament_cmake_python_build_turtlesim_egg
[2.642s] [  2%] Built target turtlesim__cpp
[2.651s] [  5%] [34m[1mGenerating C++ type support for eProsima Fast-RTPS[0m
[2.651s] [  5%] [34m[1mGenerating C++ introspection for ROS interfaces[0m
[2.651s] [  5%] [34m[1mGenerating C++ type support dispatch for ROS interfaces[0m
[2.771s] [ 10%] [32mBuilding C object CMakeFiles/turtlesim__rosidl_generator_c.dir/rosidl_generator_c/turtlesim/srv/detail/set_pen__functions.c.o[0m
[2.771s] [ 10%] [32mBuilding C object CMakeFiles/turtlesim__rosidl_generator_c.dir/rosidl_generator_c/turtlesim/msg/detail/color__functions.c.o[0m
[2.772s] [ 10%] [32mBuilding C object CMakeFiles/turtlesim__rosidl_generator_c.dir/rosidl_generator_c/turtlesim/srv/detail/kill__functions.c.o[0m
[2.772s] [ 10%] [32mBuilding C object CMakeFiles/turtlesim__rosidl_generator_c.dir/rosidl_generator_c/turtlesim/msg/detail/pose__functions.c.o[0m
[2.773s] [ 10%] [32mBuilding C object CMakeFiles/turtlesim__rosidl_generator_c.dir/rosidl_generator_c/turtlesim/action/detail/rotate_absolute__functions.c.o[0m
[2.864s] [ 11%] [32mBuilding C object CMakeFiles/turtlesim__rosidl_generator_c.dir/rosidl_generator_c/turtlesim/srv/detail/spawn__functions.c.o[0m
[2.874s] [ 12%] [32mBuilding C object CMakeFiles/turtlesim__rosidl_generator_c.dir/rosidl_generator_c/turtlesim/srv/detail/teleport_absolute__functions.c.o[0m
[2.878s] [ 13%] [32mBuilding C object CMakeFiles/turtlesim__rosidl_generator_c.dir/rosidl_generator_c/turtlesim/srv/detail/teleport_relative__functions.c.o[0m
[2.976s] [ 14%] [32m[1mLinking C shared library libturtlesim__rosidl_generator_c.so[0m
[3.015s] [ 14%] Built target turtlesim__rosidl_generator_c
[3.024s] [ 15%] [34m[1mGenerating C type support dispatch for ROS interfaces[0m
[3.027s] [ 16%] [34m[1mGenerating C type support for eProsima Fast-RTPS[0m
[3.028s] [ 17%] [34m[1mGenerating C introspection for ROS interfaces[0m
[3.264s] [ 20%] [32mBuilding CXX object CMakeFiles/turtlesim__rosidl_typesupport_cpp.dir/rosidl_typesupport_cpp/turtlesim/action/rotate_absolute__type_support.cpp.o[0m
[3.264s] [ 20%] [32mBuilding CXX object CMakeFiles/turtlesim__rosidl_typesupport_cpp.dir/rosidl_typesupport_cpp/turtlesim/msg/color__type_support.cpp.o[0m
[3.265s] [ 20%] [32mBuilding CXX object CMakeFiles/turtlesim__rosidl_typesupport_cpp.dir/rosidl_typesupport_cpp/turtlesim/msg/pose__type_support.cpp.o[0m
[3.658s] [ 21%] [32mBuilding CXX object CMakeFiles/turtlesim__rosidl_typesupport_cpp.dir/rosidl_typesupport_cpp/turtlesim/srv/kill__type_support.cpp.o[0m
[3.673s] [ 22%] [32mBuilding CXX object CMakeFiles/turtlesim__rosidl_typesupport_cpp.dir/rosidl_typesupport_cpp/turtlesim/srv/set_pen__type_support.cpp.o[0m
[3.873s] [ 23%] [32mBuilding CXX object CMakeFiles/turtlesim__rosidl_typesupport_introspection_cpp.dir/rosidl_typesupport_introspection_cpp/turtlesim/action/detail/rotate_absolute__type_support.cpp.o[0m
[3.886s] [ 24%] [32mBuilding CXX object CMakeFiles/turtlesim__rosidl_typesupport_fastrtps_cpp.dir/rosidl_typesupport_fastrtps_cpp/turtlesim/action/detail/dds_fastrtps/rotate_absolute__type_support.cpp.o[0m
[3.954s] [ 25%] [32mBuilding CXX object CMakeFiles/turtlesim__rosidl_typesupport_cpp.dir/rosidl_typesupport_cpp/turtlesim/srv/spawn__type_support.cpp.o[0m
[4.023s] [ 26%] [32mBuilding CXX object CMakeFiles/turtlesim__rosidl_typesupport_c.dir/rosidl_typesupport_c/turtlesim/action/rotate_absolute__type_support.cpp.o[0m
[4.032s] [ 27%] [32mBuilding CXX object CMakeFiles/turtlesim__rosidl_typesupport_cpp.dir/rosidl_typesupport_cpp/turtlesim/srv/teleport_absolute__type_support.cpp.o[0m
[4.061s] [ 28%] [32mBuilding CXX object CMakeFiles/turtlesim__rosidl_typesupport_cpp.dir/rosidl_typesupport_cpp/turtlesim/srv/teleport_relative__type_support.cpp.o[0m
[4.100s] [ 29%] [32mBuilding CXX object CMakeFiles/turtlesim__rosidl_typesupport_c.dir/rosidl_typesupport_c/turtlesim/msg/color__type_support.cpp.o[0m
[4.141s] [ 30%] [32mBuilding CXX object CMakeFiles/turtlesim__rosidl_typesupport_c.dir/rosidl_typesupport_c/turtlesim/msg/pose__type_support.cpp.o[0m
[4.184s] [ 31%] [32mBuilding CXX object CMakeFiles/turtlesim__rosidl_typesupport_c.dir/rosidl_typesupport_c/turtlesim/srv/kill__type_support.cpp.o[0m
[4.228s] [ 32%] [32mBuilding CXX object CMakeFiles/turtlesim__rosidl_typesupport_c.dir/rosidl_typesupport_c/turtlesim/srv/set_pen__type_support.cpp.o[0m
[4.274s] [ 33%] [32mBuilding CXX object CMakeFiles/turtlesim__rosidl_typesupport_c.dir/rosidl_typesupport_c/turtlesim/srv/spawn__type_support.cpp.o[0m
[4.320s] [ 34%] [32mBuilding CXX object CMakeFiles/turtlesim__rosidl_typesupport_c.dir/rosidl_typesupport_c/turtlesim/srv/teleport_absolute__type_support.cpp.o[0m
[4.367s] [ 35%] [32mBuilding CXX object CMakeFiles/turtlesim__rosidl_typesupport_c.dir/rosidl_typesupport_c/turtlesim/srv/teleport_relative__type_support.cpp.o[0m
[4.410s] [ 36%] [32m[1mLinking CXX shared library libturtlesim__rosidl_typesupport_c.so[0m
[4.433s] [ 37%] [32mBuilding CXX object CMakeFiles/turtlesim__rosidl_typesupport_fastrtps_cpp.dir/rosidl_typesupport_fastrtps_cpp/turtlesim/msg/detail/dds_fastrtps/color__type_support.cpp.o[0m
[4.436s] [ 38%] [32mBuilding C object CMakeFiles/turtlesim__rosidl_typesupport_introspection_c.dir/rosidl_typesupport_introspection_c/turtlesim/action/detail/rotate_absolute__type_support.c.o[0m
[4.437s] [ 39%] [32mBuilding CXX object CMakeFiles/turtlesim__rosidl_typesupport_introspection_cpp.dir/rosidl_typesupport_introspection_cpp/turtlesim/msg/detail/color__type_support.cpp.o[0m
[4.453s] [ 41%] [32m[1mLinking CXX shared library libturtlesim__rosidl_typesupport_cpp.so[0m
[4.453s] [ 41%] [32mBuilding CXX object CMakeFiles/turtlesim__rosidl_typesupport_fastrtps_c.dir/rosidl_typesupport_fastrtps_c/turtlesim/action/detail/rotate_absolute__type_support_c.cpp.o[0m
[4.473s] [ 41%] Built target turtlesim__rosidl_typesupport_c
[4.484s] [ 42%] [32mBuilding CXX object CMakeFiles/turtlesim__rosidl_typesupport_fastrtps_c.dir/rosidl_typesupport_fastrtps_c/turtlesim/msg/detail/color__type_support_c.cpp.o[0m
[4.513s] [ 43%] [32mBuilding C object CMakeFiles/turtlesim__rosidl_typesupport_introspection_c.dir/rosidl_typesupport_introspection_c/turtlesim/msg/detail/color__type_support.c.o[0m
[4.515s] [ 43%] Built target turtlesim__rosidl_typesupport_cpp
[4.537s] [ 44%] [34m[1mGenerating include/turtlesim/moc_turtle_frame.cpp[0m
[4.569s] [ 45%] [32mBuilding C object CMakeFiles/turtlesim__rosidl_typesupport_introspection_c.dir/rosidl_typesupport_introspection_c/turtlesim/msg/detail/pose__type_support.c.o[0m
[4.616s] [ 46%] [32mBuilding C object CMakeFiles/turtlesim__rosidl_typesupport_introspection_c.dir/rosidl_typesupport_introspection_c/turtlesim/srv/detail/kill__type_support.c.o[0m
[4.637s] [ 47%] [32mBuilding CXX object CMakeFiles/turtlesim_node.dir/src/turtlesim.cpp.o[0m
[4.669s] [ 48%] [32mBuilding CXX object CMakeFiles/turtlesim__rosidl_typesupport_fastrtps_cpp.dir/rosidl_typesupport_fastrtps_cpp/turtlesim/msg/detail/dds_fastrtps/pose__type_support.cpp.o[0m
[4.677s] [ 49%] [32mBuilding C object CMakeFiles/turtlesim__rosidl_typesupport_introspection_c.dir/rosidl_typesupport_introspection_c/turtlesim/srv/detail/set_pen__type_support.c.o[0m
[4.683s] [ 50%] [32mBuilding CXX object CMakeFiles/turtlesim__rosidl_typesupport_introspection_cpp.dir/rosidl_typesupport_introspection_cpp/turtlesim/msg/detail/pose__type_support.cpp.o[0m
[4.726s] [ 51%] [32mBuilding C object CMakeFiles/turtlesim__rosidl_typesupport_introspection_c.dir/rosidl_typesupport_introspection_c/turtlesim/srv/detail/spawn__type_support.c.o[0m
[4.908s] [ 52%] [32mBuilding C object CMakeFiles/turtlesim__rosidl_typesupport_introspection_c.dir/rosidl_typesupport_introspection_c/turtlesim/srv/detail/teleport_absolute__type_support.c.o[0m
[4.919s] [ 53%] [32mBuilding CXX object CMakeFiles/turtlesim__rosidl_typesupport_fastrtps_c.dir/rosidl_typesupport_fastrtps_c/turtlesim/msg/detail/pose__type_support_c.cpp.o[0m
[4.965s] [ 54%] [32mBuilding C object CMakeFiles/turtlesim__rosidl_typesupport_introspection_c.dir/rosidl_typesupport_introspection_c/turtlesim/srv/detail/teleport_relative__type_support.c.o[0m
[4.971s] [ 55%] [32mBuilding CXX object CMakeFiles/turtlesim__rosidl_typesupport_fastrtps_c.dir/rosidl_typesupport_fastrtps_c/turtlesim/srv/detail/kill__type_support_c.cpp.o[0m
[4.981s] [ 56%] [32mBuilding CXX object CMakeFiles/turtlesim__rosidl_typesupport_fastrtps_cpp.dir/rosidl_typesupport_fastrtps_cpp/turtlesim/srv/detail/dds_fastrtps/kill__type_support.cpp.o[0m
[4.982s] [ 57%] [32mBuilding CXX object CMakeFiles/turtlesim__rosidl_typesupport_introspection_cpp.dir/rosidl_typesupport_introspection_cpp/turtlesim/srv/detail/kill__type_support.cpp.o[0m
[5.012s] [ 58%] [32m[1mLinking C shared library libturtlesim__rosidl_typesupport_introspection_c.so[0m
[5.057s] [ 58%] Built target turtlesim__rosidl_typesupport_introspection_c
[5.083s] [ 59%] [32mBuilding CXX object CMakeFiles/turtle_teleop_key.dir/tutorials/teleop_turtle_key.cpp.o[0m
[5.204s] [ 60%] [32mBuilding CXX object CMakeFiles/turtlesim__rosidl_typesupport_introspection_cpp.dir/rosidl_typesupport_introspection_cpp/turtlesim/srv/detail/set_pen__type_support.cpp.o[0m
[5.205s] [ 61%] [32mBuilding CXX object CMakeFiles/turtlesim__rosidl_typesupport_fastrtps_cpp.dir/rosidl_typesupport_fastrtps_cpp/turtlesim/srv/detail/dds_fastrtps/set_pen__type_support.cpp.o[0m
[5.417s] [ 62%] [32mBuilding CXX object CMakeFiles/turtlesim__rosidl_typesupport_fastrtps_c.dir/rosidl_typesupport_fastrtps_c/turtlesim/srv/detail/set_pen__type_support_c.cpp.o[0m
[5.457s] [ 63%] [32mBuilding CXX object CMakeFiles/turtlesim__rosidl_typesupport_fastrtps_c.dir/rosidl_typesupport_fastrtps_c/turtlesim/srv/detail/spawn__type_support_c.cpp.o[0m
[5.496s] [ 64%] [32mBuilding CXX object CMakeFiles/turtlesim__rosidl_typesupport_introspection_cpp.dir/rosidl_typesupport_introspection_cpp/turtlesim/srv/detail/spawn__type_support.cpp.o[0m
[5.555s] [ 65%] [32mBuilding CXX object CMakeFiles/turtlesim__rosidl_typesupport_fastrtps_cpp.dir/rosidl_typesupport_fastrtps_cpp/turtlesim/srv/detail/dds_fastrtps/spawn__type_support.cpp.o[0m
[5.730s] [ 66%] [32mBuilding CXX object CMakeFiles/turtlesim__rosidl_typesupport_introspection_cpp.dir/rosidl_typesupport_introspection_cpp/turtlesim/srv/detail/teleport_absolute__type_support.cpp.o[0m
[5.765s] [ 67%] [32mBuilding CXX object CMakeFiles/turtlesim__rosidl_typesupport_fastrtps_cpp.dir/rosidl_typesupport_fastrtps_cpp/turtlesim/srv/detail/dds_fastrtps/teleport_absolute__type_support.cpp.o[0m
[5.938s] [ 68%] [32mBuilding CXX object CMakeFiles/turtlesim__rosidl_typesupport_fastrtps_c.dir/rosidl_typesupport_fastrtps_c/turtlesim/srv/detail/teleport_absolute__type_support_c.cpp.o[0m
[5.941s] [ 69%] [32mBuilding CXX object CMakeFiles/turtlesim__rosidl_typesupport_fastrtps_c.dir/rosidl_typesupport_fastrtps_c/turtlesim/srv/detail/teleport_relative__type_support_c.cpp.o[0m
[6.045s] [ 70%] [32mBuilding CXX object CMakeFiles/turtlesim__rosidl_typesupport_introspection_cpp.dir/rosidl_typesupport_introspection_cpp/turtlesim/srv/detail/teleport_relative__type_support.cpp.o[0m
[6.140s] [ 71%] [32mBuilding CXX object CMakeFiles/turtlesim__rosidl_typesupport_fastrtps_cpp.dir/rosidl_typesupport_fastrtps_cpp/turtlesim/srv/detail/dds_fastrtps/teleport_relative__type_support.cpp.o[0m
[6.301s] [ 72%] [32mBuilding CXX object CMakeFiles/draw_square.dir/tutorials/draw_square.cpp.o[0m
[6.338s] [ 73%] [32mBuilding CXX object CMakeFiles/mimic.dir/tutorials/mimic.cpp.o[0m
[6.398s] [ 75%] [32mBuilding CXX object CMakeFiles/turtlesim_node.dir/src/turtle.cpp.o[0m
[6.399s] [ 75%] [32m[1mLinking CXX shared library libturtlesim__rosidl_typesupport_fastrtps_c.so[0m
[6.510s] [ 75%] Built target turtlesim__rosidl_typesupport_fastrtps_c
[6.520s] [ 76%] [32mBuilding CXX object CMakeFiles/turtlesim_node.dir/src/turtle_frame.cpp.o[0m
[6.589s] [ 77%] [32m[1mLinking CXX shared library libturtlesim__rosidl_typesupport_introspection_cpp.so[0m
[6.706s] [ 77%] Built target turtlesim__rosidl_typesupport_introspection_cpp
[6.718s] [ 78%] [32mBuilding CXX object CMakeFiles/turtlesim_node.dir/include/turtlesim/moc_turtle_frame.cpp.o[0m
[6.723s] [ 79%] [32m[1mLinking CXX shared library libturtlesim__rosidl_typesupport_fastrtps_cpp.so[0m
[6.855s] [ 79%] Built target turtlesim__rosidl_typesupport_fastrtps_cpp
[6.883s] [ 79%] Built target turtlesim
[6.911s] [ 80%] [34m[1mGenerating Python code for ROS interfaces[0m
[10.105s] [ 80%] Built target turtlesim__py
[10.132s] [ 81%] [32mBuilding C object CMakeFiles/turtlesim__rosidl_generator_py.dir/rosidl_generator_py/turtlesim/action/_rotate_absolute_s.c.o[0m
[10.343s] [ 82%] [32mBuilding C object CMakeFiles/turtlesim__rosidl_generator_py.dir/rosidl_generator_py/turtlesim/msg/_color_s.c.o[0m
[10.494s] [ 83%] [32mBuilding C object CMakeFiles/turtlesim__rosidl_generator_py.dir/rosidl_generator_py/turtlesim/msg/_pose_s.c.o[0m
[10.647s] [ 84%] [32mBuilding C object CMakeFiles/turtlesim__rosidl_generator_py.dir/rosidl_generator_py/turtlesim/srv/_kill_s.c.o[0m
[10.805s] [ 85%] [32mBuilding C object CMakeFiles/turtlesim__rosidl_generator_py.dir/rosidl_generator_py/turtlesim/srv/_set_pen_s.c.o[0m
[10.964s] [ 86%] [32mBuilding C object CMakeFiles/turtlesim__rosidl_generator_py.dir/rosidl_generator_py/turtlesim/srv/_spawn_s.c.o[0m
[10.966s] [ 87%] [32mBuilding C object CMakeFiles/turtlesim__rosidl_generator_py.dir/rosidl_generator_py/turtlesim/srv/_teleport_absolute_s.c.o[0m
[11.125s] [ 88%] [32mBuilding C object CMakeFiles/turtlesim__rosidl_generator_py.dir/rosidl_generator_py/turtlesim/srv/_teleport_relative_s.c.o[0m
[11.242s] [ 89%] [32m[1mLinking C shared library rosidl_generator_py/turtlesim/libturtlesim__rosidl_generator_py.so[0m
[11.287s] [ 89%] Built target turtlesim__rosidl_generator_py
[11.314s] [ 90%] [32mBuilding C object CMakeFiles/turtlesim__rosidl_typesupport_fastrtps_c__pyext.dir/rosidl_generator_py/turtlesim/_turtlesim_s.ep.rosidl_typesupport_fastrtps_c.c.o[0m
[11.316s] [ 91%] [32mBuilding C object CMakeFiles/turtlesim__rosidl_typesupport_introspection_c__pyext.dir/rosidl_generator_py/turtlesim/_turtlesim_s.ep.rosidl_typesupport_introspection_c.c.o[0m
[11.548s] [ 92%] [32m[1mLinking C shared library rosidl_generator_py/turtlesim/turtlesim_s__rosidl_typesupport_introspection_c.cpython-310-x86_64-linux-gnu.so[0m
[11.558s] [ 93%] [32m[1mLinking C shared library rosidl_generator_py/turtlesim/turtlesim_s__rosidl_typesupport_fastrtps_c.cpython-310-x86_64-linux-gnu.so[0m
[11.603s] [ 93%] Built target turtlesim__rosidl_typesupport_introspection_c__pyext
[11.620s] [ 93%] Built target turtlesim__rosidl_typesupport_fastrtps_c__pyext
[11.627s] [ 94%] [32mBuilding C object CMakeFiles/turtlesim__rosidl_typesupport_c__pyext.dir/rosidl_generator_py/turtlesim/_turtlesim_s.ep.rosidl_typesupport_c.c.o[0m
[11.808s] [ 95%] [32m[1mLinking C shared library rosidl_generator_py/turtlesim/turtlesim_s__rosidl_typesupport_c.cpython-310-x86_64-linux-gnu.so[0m
[11.864s] [ 95%] Built target turtlesim__rosidl_typesupport_c__pyext
[14.027s] [ 96%] [32m[1mLinking CXX executable turtle_teleop_key[0m
[14.406s] [ 96%] Built target turtle_teleop_key
[17.993s] [ 97%] [32m[1mLinking CXX executable mimic[0m
[18.413s] [ 97%] Built target mimic
[18.564s] [ 98%] [32m[1mLinking CXX executable draw_square[0m
[19.107s] [ 98%] Built target draw_square
[22.227s] [100%] [32m[1mLinking CXX executable turtlesim_node[0m
[24.109s] [100%] Built target turtlesim_node
[24.119s] Invoked command in '/home/gme2307/ponderadas-m6-ec/ponderada-1/meu_workspace/build/turtlesim' returned '0': CMAKE_PREFIX_PATH=${CMAKE_PREFIX_PATH}:/home/gme2307/ponderadas-m6-ec/ponderada-1/meu_workspace/install/ponderada_gustavo:/opt/ros/humble /usr/bin/cmake --build /home/gme2307/ponderadas-m6-ec/ponderada-1/meu_workspace/build/turtlesim -- -j8 -l8
[24.284s] Invoking command in '/home/gme2307/ponderadas-m6-ec/ponderada-1/meu_workspace/build/turtlesim': CMAKE_PREFIX_PATH=${CMAKE_PREFIX_PATH}:/home/gme2307/ponderadas-m6-ec/ponderada-1/meu_workspace/install/ponderada_gustavo:/opt/ros/humble /usr/bin/cmake --install /home/gme2307/ponderadas-m6-ec/ponderada-1/meu_workspace/build/turtlesim
[24.289s] -- Install configuration: ""
[24.289s] -- Installing: /home/gme2307/ponderadas-m6-ec/ponderada-1/meu_workspace/install/turtlesim/share/ament_index/resource_index/rosidl_interfaces/turtlesim
[24.290s] -- Up-to-date: /home/gme2307/ponderadas-m6-ec/ponderada-1/meu_workspace/install/turtlesim/include/turtlesim/turtlesim
[24.290s] -- Up-to-date: /home/gme2307/ponderadas-m6-ec/ponderada-1/meu_workspace/install/turtlesim/include/turtlesim/turtlesim/srv
[24.290s] -- Installing: /home/gme2307/ponderadas-m6-ec/ponderada-1/meu_workspace/install/turtlesim/include/turtlesim/turtlesim/srv/spawn.h
[24.290s] -- Installing: /home/gme2307/ponderadas-m6-ec/ponderada-1/meu_workspace/install/turtlesim/include/turtlesim/turtlesim/srv/teleport_absolute.h
[24.290s] -- Installing: /home/gme2307/ponderadas-m6-ec/ponderada-1/meu_workspace/install/turtlesim/include/turtlesim/turtlesim/srv/kill.h
[24.290s] -- Installing: /home/gme2307/ponderadas-m6-ec/ponderada-1/meu_workspace/install/turtlesim/include/turtlesim/turtlesim/srv/teleport_relative.h
[24.290s] -- Up-to-date: /home/gme2307/ponderadas-m6-ec/ponderada-1/meu_workspace/install/turtlesim/include/turtlesim/turtlesim/srv/detail
[24.290s] -- Installing: /home/gme2307/ponderadas-m6-ec/ponderada-1/meu_workspace/install/turtlesim/include/turtlesim/turtlesim/srv/detail/set_pen__functions.c
[24.290s] -- Installing: /home/gme2307/ponderadas-m6-ec/ponderada-1/meu_workspace/install/turtlesim/include/turtlesim/turtlesim/srv/detail/set_pen__functions.h
[24.290s] -- Installing: /home/gme2307/ponderadas-m6-ec/ponderada-1/meu_workspace/install/turtlesim/include/turtlesim/turtlesim/srv/detail/kill__struct.h
[24.290s] -- Installing: /home/gme2307/ponderadas-m6-ec/ponderada-1/meu_workspace/install/turtlesim/include/turtlesim/turtlesim/srv/detail/kill__functions.c
[24.291s] -- Installing: /home/gme2307/ponderadas-m6-ec/ponderada-1/meu_workspace/install/turtlesim/include/turtlesim/turtlesim/srv/detail/set_pen__type_support.h
[24.291s] -- Installing: /home/gme2307/ponderadas-m6-ec/ponderada-1/meu_workspace/install/turtlesim/include/turtlesim/turtlesim/srv/detail/teleport_relative__type_support.h
[24.291s] -- Installing: /home/gme2307/ponderadas-m6-ec/ponderada-1/meu_workspace/install/turtlesim/include/turtlesim/turtlesim/srv/detail/teleport_absolute__struct.h
[24.291s] -- Installing: /home/gme2307/ponderadas-m6-ec/ponderada-1/meu_workspace/install/turtlesim/include/turtlesim/turtlesim/srv/detail/teleport_absolute__functions.h
[24.291s] -- Installing: /home/gme2307/ponderadas-m6-ec/ponderada-1/meu_workspace/install/turtlesim/include/turtlesim/turtlesim/srv/detail/spawn__functions.h
[24.291s] -- Installing: /home/gme2307/ponderadas-m6-ec/ponderada-1/meu_workspace/install/turtlesim/include/turtlesim/turtlesim/srv/detail/set_pen__struct.h
[24.292s] -- Installing: /home/gme2307/ponderadas-m6-ec/ponderada-1/meu_workspace/install/turtlesim/include/turtlesim/turtlesim/srv/detail/teleport_relative__functions.h
[24.292s] -- Installing: /home/gme2307/ponderadas-m6-ec/ponderada-1/meu_workspace/install/turtlesim/include/turtlesim/turtlesim/srv/detail/teleport_relative__functions.c
[24.292s] -- Installing: /home/gme2307/ponderadas-m6-ec/ponderada-1/meu_workspace/install/turtlesim/include/turtlesim/turtlesim/srv/detail/teleport_absolute__functions.c
[24.292s] -- Installing: /home/gme2307/ponderadas-m6-ec/ponderada-1/meu_workspace/install/turtlesim/include/turtlesim/turtlesim/srv/detail/kill__type_support.h
[24.292s] -- Installing: /home/gme2307/ponderadas-m6-ec/ponderada-1/meu_workspace/install/turtlesim/include/turtlesim/turtlesim/srv/detail/spawn__functions.c
[24.292s] -- Installing: /home/gme2307/ponderadas-m6-ec/ponderada-1/meu_workspace/install/turtlesim/include/turtlesim/turtlesim/srv/detail/spawn__struct.h
[24.292s] -- Installing: /home/gme2307/ponderadas-m6-ec/ponderada-1/meu_workspace/install/turtlesim/include/turtlesim/turtlesim/srv/detail/teleport_relative__struct.h
[24.293s] -- Installing: /home/gme2307/ponderadas-m6-ec/ponderada-1/meu_workspace/install/turtlesim/include/turtlesim/turtlesim/srv/detail/spawn__type_support.h
[24.293s] -- Installing: /home/gme2307/ponderadas-m6-ec/ponderada-1/meu_workspace/install/turtlesim/include/turtlesim/turtlesim/srv/detail/teleport_absolute__type_support.h
[24.293s] -- Installing: /home/gme2307/ponderadas-m6-ec/ponderada-1/meu_workspace/install/turtlesim/include/turtlesim/turtlesim/srv/detail/kill__functions.h
[24.293s] -- Installing: /home/gme2307/ponderadas-m6-ec/ponderada-1/meu_workspace/install/turtlesim/include/turtlesim/turtlesim/srv/set_pen.h
[24.293s] -- Up-to-date: /home/gme2307/ponderadas-m6-ec/ponderada-1/meu_workspace/install/turtlesim/include/turtlesim/turtlesim/msg
[24.293s] -- Installing: /home/gme2307/ponderadas-m6-ec/ponderada-1/meu_workspace/install/turtlesim/include/turtlesim/turtlesim/msg/color.h
[24.293s] -- Installing: /home/gme2307/ponderadas-m6-ec/ponderada-1/meu_workspace/install/turtlesim/include/turtlesim/turtlesim/msg/pose.h
[24.293s] -- Up-to-date: /home/gme2307/ponderadas-m6-ec/ponderada-1/meu_workspace/install/turtlesim/include/turtlesim/turtlesim/msg/detail
[24.293s] -- Installing: /home/gme2307/ponderadas-m6-ec/ponderada-1/meu_workspace/install/turtlesim/include/turtlesim/turtlesim/msg/detail/color__functions.h
[24.293s] -- Installing: /home/gme2307/ponderadas-m6-ec/ponderada-1/meu_workspace/install/turtlesim/include/turtlesim/turtlesim/msg/detail/color__struct.h
[24.294s] -- Installing: /home/gme2307/ponderadas-m6-ec/ponderada-1/meu_workspace/install/turtlesim/include/turtlesim/turtlesim/msg/detail/pose__struct.h
[24.294s] -- Installing: /home/gme2307/ponderadas-m6-ec/ponderada-1/meu_workspace/install/turtlesim/include/turtlesim/turtlesim/msg/detail/color__functions.c
[24.294s] -- Installing: /home/gme2307/ponderadas-m6-ec/ponderada-1/meu_workspace/install/turtlesim/include/turtlesim/turtlesim/msg/detail/pose__functions.h
[24.294s] -- Installing: /home/gme2307/ponderadas-m6-ec/ponderada-1/meu_workspace/install/turtlesim/include/turtlesim/turtlesim/msg/detail/pose__functions.c
[24.294s] -- Installing: /home/gme2307/ponderadas-m6-ec/ponderada-1/meu_workspace/install/turtlesim/include/turtlesim/turtlesim/msg/detail/pose__type_support.h
[24.294s] -- Installing: /home/gme2307/ponderadas-m6-ec/ponderada-1/meu_workspace/install/turtlesim/include/turtlesim/turtlesim/msg/detail/color__type_support.h
[24.294s] -- Installing: /home/gme2307/ponderadas-m6-ec/ponderada-1/meu_workspace/install/turtlesim/include/turtlesim/turtlesim/msg/rosidl_generator_c__visibility_control.h
[24.294s] -- Up-to-date: /home/gme2307/ponderadas-m6-ec/ponderada-1/meu_workspace/install/turtlesim/include/turtlesim/turtlesim/action
[24.294s] -- Installing: /home/gme2307/ponderadas-m6-ec/ponderada-1/meu_workspace/install/turtlesim/include/turtlesim/turtlesim/action/rotate_absolute.h
[24.294s] -- Up-to-date: /home/gme2307/ponderadas-m6-ec/ponderada-1/meu_workspace/install/turtlesim/include/turtlesim/turtlesim/action/detail
[24.295s] -- Installing: /home/gme2307/ponderadas-m6-ec/ponderada-1/meu_workspace/install/turtlesim/include/turtlesim/turtlesim/action/detail/rotate_absolute__functions.c
[24.295s] -- Installing: /home/gme2307/ponderadas-m6-ec/ponderada-1/meu_workspace/install/turtlesim/include/turtlesim/turtlesim/action/detail/rotate_absolute__type_support.h
[24.295s] -- Installing: /home/gme2307/ponderadas-m6-ec/ponderada-1/meu_workspace/install/turtlesim/include/turtlesim/turtlesim/action/detail/rotate_absolute__struct.h
[24.295s] -- Installing: /home/gme2307/ponderadas-m6-ec/ponderada-1/meu_workspace/install/turtlesim/include/turtlesim/turtlesim/action/detail/rotate_absolute__functions.h
[24.295s] -- Up-to-date: /home/gme2307/ponderadas-m6-ec/ponderada-1/meu_workspace/install/turtlesim/share/turtlesim/environment/library_path.sh
[24.295s] -- Installing: /home/gme2307/ponderadas-m6-ec/ponderada-1/meu_workspace/install/turtlesim/share/turtlesim/environment/library_path.dsv
[24.296s] -- Installing: /home/gme2307/ponderadas-m6-ec/ponderada-1/meu_workspace/install/turtlesim/lib/libturtlesim__rosidl_generator_c.so
[24.296s] -- Set runtime path of "/home/gme2307/ponderadas-m6-ec/ponderada-1/meu_workspace/install/turtlesim/lib/libturtlesim__rosidl_generator_c.so" to ""
[24.296s] -- Up-to-date: /home/gme2307/ponderadas-m6-ec/ponderada-1/meu_workspace/install/turtlesim/include/turtlesim/turtlesim
[24.296s] -- Up-to-date: /home/gme2307/ponderadas-m6-ec/ponderada-1/meu_workspace/install/turtlesim/include/turtlesim/turtlesim/srv
[24.296s] -- Up-to-date: /home/gme2307/ponderadas-m6-ec/ponderada-1/meu_workspace/install/turtlesim/include/turtlesim/turtlesim/srv/detail
[24.296s] -- Installing: /home/gme2307/ponderadas-m6-ec/ponderada-1/meu_workspace/install/turtlesim/include/turtlesim/turtlesim/srv/detail/spawn__rosidl_typesupport_fastrtps_c.h
[24.296s] -- Installing: /home/gme2307/ponderadas-m6-ec/ponderada-1/meu_workspace/install/turtlesim/include/turtlesim/turtlesim/srv/detail/kill__rosidl_typesupport_fastrtps_c.h
[24.296s] -- Installing: /home/gme2307/ponderadas-m6-ec/ponderada-1/meu_workspace/install/turtlesim/include/turtlesim/turtlesim/srv/detail/set_pen__rosidl_typesupport_fastrtps_c.h
[24.297s] -- Installing: /home/gme2307/ponderadas-m6-ec/ponderada-1/meu_workspace/install/turtlesim/include/turtlesim/turtlesim/srv/detail/teleport_absolute__rosidl_typesupport_fastrtps_c.h
[24.297s] -- Installing: /home/gme2307/ponderadas-m6-ec/ponderada-1/meu_workspace/install/turtlesim/include/turtlesim/turtlesim/srv/detail/teleport_relative__rosidl_typesupport_fastrtps_c.h
[24.297s] -- Up-to-date: /home/gme2307/ponderadas-m6-ec/ponderada-1/meu_workspace/install/turtlesim/include/turtlesim/turtlesim/msg
[24.297s] -- Up-to-date: /home/gme2307/ponderadas-m6-ec/ponderada-1/meu_workspace/install/turtlesim/include/turtlesim/turtlesim/msg/detail
[24.297s] -- Installing: /home/gme2307/ponderadas-m6-ec/ponderada-1/meu_workspace/install/turtlesim/include/turtlesim/turtlesim/msg/detail/color__rosidl_typesupport_fastrtps_c.h
[24.297s] -- Installing: /home/gme2307/ponderadas-m6-ec/ponderada-1/meu_workspace/install/turtlesim/include/turtlesim/turtlesim/msg/detail/pose__rosidl_typesupport_fastrtps_c.h
[24.297s] -- Installing: /home/gme2307/ponderadas-m6-ec/ponderada-1/meu_workspace/install/turtlesim/include/turtlesim/turtlesim/msg/rosidl_typesupport_fastrtps_c__visibility_control.h
[24.297s] -- Up-to-date: /home/gme2307/ponderadas-m6-ec/ponderada-1/meu_workspace/install/turtlesim/include/turtlesim/turtlesim/action
[24.297s] -- Up-to-date: /home/gme2307/ponderadas-m6-ec/ponderada-1/meu_workspace/install/turtlesim/include/turtlesim/turtlesim/action/detail
[24.297s] -- Installing: /home/gme2307/ponderadas-m6-ec/ponderada-1/meu_workspace/install/turtlesim/include/turtlesim/turtlesim/action/detail/rotate_absolute__rosidl_typesupport_fastrtps_c.h
[24.298s] -- Installing: /home/gme2307/ponderadas-m6-ec/ponderada-1/meu_workspace/install/turtlesim/lib/libturtlesim__rosidl_typesupport_fastrtps_c.so
[24.298s] -- Set runtime path of "/home/gme2307/ponderadas-m6-ec/ponderada-1/meu_workspace/install/turtlesim/lib/libturtlesim__rosidl_typesupport_fastrtps_c.so" to ""
[24.298s] -- Up-to-date: /home/gme2307/ponderadas-m6-ec/ponderada-1/meu_workspace/install/turtlesim/include/turtlesim/turtlesim
[24.298s] -- Up-to-date: /home/gme2307/ponderadas-m6-ec/ponderada-1/meu_workspace/install/turtlesim/include/turtlesim/turtlesim/srv
[24.298s] -- Installing: /home/gme2307/ponderadas-m6-ec/ponderada-1/meu_workspace/install/turtlesim/include/turtlesim/turtlesim/srv/teleport_absolute.hpp
[24.298s] -- Installing: /home/gme2307/ponderadas-m6-ec/ponderada-1/meu_workspace/install/turtlesim/include/turtlesim/turtlesim/srv/kill.hpp
[24.298s] -- Installing: /home/gme2307/ponderadas-m6-ec/ponderada-1/meu_workspace/install/turtlesim/include/turtlesim/turtlesim/srv/teleport_relative.hpp
[24.298s] -- Installing: /home/gme2307/ponderadas-m6-ec/ponderada-1/meu_workspace/install/turtlesim/include/turtlesim/turtlesim/srv/set_pen.hpp
[24.299s] -- Up-to-date: /home/gme2307/ponderadas-m6-ec/ponderada-1/meu_workspace/install/turtlesim/include/turtlesim/turtlesim/srv/detail
[24.299s] -- Installing: /home/gme2307/ponderadas-m6-ec/ponderada-1/meu_workspace/install/turtlesim/include/turtlesim/turtlesim/srv/detail/kill__builder.hpp
[24.299s] -- Installing: /home/gme2307/ponderadas-m6-ec/ponderada-1/meu_workspace/install/turtlesim/include/turtlesim/turtlesim/srv/detail/teleport_absolute__traits.hpp
[24.299s] -- Installing: /home/gme2307/ponderadas-m6-ec/ponderada-1/meu_workspace/install/turtlesim/include/turtlesim/turtlesim/srv/detail/set_pen__struct.hpp
[24.299s] -- Installing: /home/gme2307/ponderadas-m6-ec/ponderada-1/meu_workspace/install/turtlesim/include/turtlesim/turtlesim/srv/detail/teleport_relative__struct.hpp
[24.299s] -- Installing: /home/gme2307/ponderadas-m6-ec/ponderada-1/meu_workspace/install/turtlesim/include/turtlesim/turtlesim/srv/detail/teleport_relative__traits.hpp
[24.299s] -- Installing: /home/gme2307/ponderadas-m6-ec/ponderada-1/meu_workspace/install/turtlesim/include/turtlesim/turtlesim/srv/detail/kill__traits.hpp
[24.299s] -- Installing: /home/gme2307/ponderadas-m6-ec/ponderada-1/meu_workspace/install/turtlesim/include/turtlesim/turtlesim/srv/detail/spawn__traits.hpp
[24.300s] -- Installing: /home/gme2307/ponderadas-m6-ec/ponderada-1/meu_workspace/install/turtlesim/include/turtlesim/turtlesim/srv/detail/teleport_absolute__builder.hpp
[24.300s] -- Installing: /home/gme2307/ponderadas-m6-ec/ponderada-1/meu_workspace/install/turtlesim/include/turtlesim/turtlesim/srv/detail/teleport_relative__builder.hpp
[24.300s] -- Installing: /home/gme2307/ponderadas-m6-ec/ponderada-1/meu_workspace/install/turtlesim/include/turtlesim/turtlesim/srv/detail/teleport_absolute__struct.hpp
[24.300s] -- Installing: /home/gme2307/ponderadas-m6-ec/ponderada-1/meu_workspace/install/turtlesim/include/turtlesim/turtlesim/srv/detail/spawn__struct.hpp
[24.300s] -- Installing: /home/gme2307/ponderadas-m6-ec/ponderada-1/meu_workspace/install/turtlesim/include/turtlesim/turtlesim/srv/detail/kill__struct.hpp
[24.300s] -- Installing: /home/gme2307/ponderadas-m6-ec/ponderada-1/meu_workspace/install/turtlesim/include/turtlesim/turtlesim/srv/detail/spawn__builder.hpp
[24.300s] -- Installing: /home/gme2307/ponderadas-m6-ec/ponderada-1/meu_workspace/install/turtlesim/include/turtlesim/turtlesim/srv/detail/set_pen__builder.hpp
[24.300s] -- Installing: /home/gme2307/ponderadas-m6-ec/ponderada-1/meu_workspace/install/turtlesim/include/turtlesim/turtlesim/srv/detail/set_pen__traits.hpp
[24.300s] -- Installing: /home/gme2307/ponderadas-m6-ec/ponderada-1/meu_workspace/install/turtlesim/include/turtlesim/turtlesim/srv/spawn.hpp
[24.301s] -- Up-to-date: /home/gme2307/ponderadas-m6-ec/ponderada-1/meu_workspace/install/turtlesim/include/turtlesim/turtlesim/msg
[24.301s] -- Up-to-date: /home/gme2307/ponderadas-m6-ec/ponderada-1/meu_workspace/install/turtlesim/include/turtlesim/turtlesim/msg/detail
[24.301s] -- Installing: /home/gme2307/ponderadas-m6-ec/ponderada-1/meu_workspace/install/turtlesim/include/turtlesim/turtlesim/msg/detail/color__builder.hpp
[24.301s] -- Installing: /home/gme2307/ponderadas-m6-ec/ponderada-1/meu_workspace/install/turtlesim/include/turtlesim/turtlesim/msg/detail/pose__traits.hpp
[24.301s] -- Installing: /home/gme2307/ponderadas-m6-ec/ponderada-1/meu_workspace/install/turtlesim/include/turtlesim/turtlesim/msg/detail/pose__builder.hpp
[24.301s] -- Installing: /home/gme2307/ponderadas-m6-ec/ponderada-1/meu_workspace/install/turtlesim/include/turtlesim/turtlesim/msg/detail/pose__struct.hpp
[24.301s] -- Installing: /home/gme2307/ponderadas-m6-ec/ponderada-1/meu_workspace/install/turtlesim/include/turtlesim/turtlesim/msg/detail/color__struct.hpp
[24.301s] -- Installing: /home/gme2307/ponderadas-m6-ec/ponderada-1/meu_workspace/install/turtlesim/include/turtlesim/turtlesim/msg/detail/color__traits.hpp
[24.301s] -- Installing: /home/gme2307/ponderadas-m6-ec/ponderada-1/meu_workspace/install/turtlesim/include/turtlesim/turtlesim/msg/color.hpp
[24.301s] -- Installing: /home/gme2307/ponderadas-m6-ec/ponderada-1/meu_workspace/install/turtlesim/include/turtlesim/turtlesim/msg/pose.hpp
[24.302s] -- Up-to-date: /home/gme2307/ponderadas-m6-ec/ponderada-1/meu_workspace/install/turtlesim/include/turtlesim/turtlesim/action
[24.302s] -- Up-to-date: /home/gme2307/ponderadas-m6-ec/ponderada-1/meu_workspace/install/turtlesim/include/turtlesim/turtlesim/action/detail
[24.302s] -- Installing: /home/gme2307/ponderadas-m6-ec/ponderada-1/meu_workspace/install/turtlesim/include/turtlesim/turtlesim/action/detail/rotate_absolute__struct.hpp
[24.302s] -- Installing: /home/gme2307/ponderadas-m6-ec/ponderada-1/meu_workspace/install/turtlesim/include/turtlesim/turtlesim/action/detail/rotate_absolute__traits.hpp
[24.302s] -- Installing: /home/gme2307/ponderadas-m6-ec/ponderada-1/meu_workspace/install/turtlesim/include/turtlesim/turtlesim/action/detail/rotate_absolute__builder.hpp
[24.302s] -- Installing: /home/gme2307/ponderadas-m6-ec/ponderada-1/meu_workspace/install/turtlesim/include/turtlesim/turtlesim/action/rotate_absolute.hpp
[24.302s] -- Up-to-date: /home/gme2307/ponderadas-m6-ec/ponderada-1/meu_workspace/install/turtlesim/include/turtlesim/turtlesim
[24.302s] -- Up-to-date: /home/gme2307/ponderadas-m6-ec/ponderada-1/meu_workspace/install/turtlesim/include/turtlesim/turtlesim/srv
[24.302s] -- Up-to-date: /home/gme2307/ponderadas-m6-ec/ponderada-1/meu_workspace/install/turtlesim/include/turtlesim/turtlesim/srv/detail
[24.302s] -- Installing: /home/gme2307/ponderadas-m6-ec/ponderada-1/meu_workspace/install/turtlesim/include/turtlesim/turtlesim/srv/detail/kill__rosidl_typesupport_fastrtps_cpp.hpp
[24.302s] -- Installing: /home/gme2307/ponderadas-m6-ec/ponderada-1/meu_workspace/install/turtlesim/include/turtlesim/turtlesim/srv/detail/teleport_relative__rosidl_typesupport_fastrtps_cpp.hpp
[24.303s] -- Installing: /home/gme2307/ponderadas-m6-ec/ponderada-1/meu_workspace/install/turtlesim/include/turtlesim/turtlesim/srv/detail/spawn__rosidl_typesupport_fastrtps_cpp.hpp
[24.303s] -- Installing: /home/gme2307/ponderadas-m6-ec/ponderada-1/meu_workspace/install/turtlesim/include/turtlesim/turtlesim/srv/detail/teleport_absolute__rosidl_typesupport_fastrtps_cpp.hpp
[24.303s] -- Up-to-date: /home/gme2307/ponderadas-m6-ec/ponderada-1/meu_workspace/install/turtlesim/include/turtlesim/turtlesim/srv/detail/dds_fastrtps
[24.303s] -- Installing: /home/gme2307/ponderadas-m6-ec/ponderada-1/meu_workspace/install/turtlesim/include/turtlesim/turtlesim/srv/detail/set_pen__rosidl_typesupport_fastrtps_cpp.hpp
[24.303s] -- Up-to-date: /home/gme2307/ponderadas-m6-ec/ponderada-1/meu_workspace/install/turtlesim/include/turtlesim/turtlesim/msg
[24.303s] -- Installing: /home/gme2307/ponderadas-m6-ec/ponderada-1/meu_workspace/install/turtlesim/include/turtlesim/turtlesim/msg/rosidl_typesupport_fastrtps_cpp__visibility_control.h
[24.303s] -- Up-to-date: /home/gme2307/ponderadas-m6-ec/ponderada-1/meu_workspace/install/turtlesim/include/turtlesim/turtlesim/msg/detail
[24.303s] -- Installing: /home/gme2307/ponderadas-m6-ec/ponderada-1/meu_workspace/install/turtlesim/include/turtlesim/turtlesim/msg/detail/pose__rosidl_typesupport_fastrtps_cpp.hpp
[24.303s] -- Installing: /home/gme2307/ponderadas-m6-ec/ponderada-1/meu_workspace/install/turtlesim/include/turtlesim/turtlesim/msg/detail/color__rosidl_typesupport_fastrtps_cpp.hpp
[24.303s] -- Up-to-date: /home/gme2307/ponderadas-m6-ec/ponderada-1/meu_workspace/install/turtlesim/include/turtlesim/turtlesim/msg/detail/dds_fastrtps
[24.304s] -- Up-to-date: /home/gme2307/ponderadas-m6-ec/ponderada-1/meu_workspace/install/turtlesim/include/turtlesim/turtlesim/action
[24.304s] -- Up-to-date: /home/gme2307/ponderadas-m6-ec/ponderada-1/meu_workspace/install/turtlesim/include/turtlesim/turtlesim/action/detail
[24.304s] -- Installing: /home/gme2307/ponderadas-m6-ec/ponderada-1/meu_workspace/install/turtlesim/include/turtlesim/turtlesim/action/detail/rotate_absolute__rosidl_typesupport_fastrtps_cpp.hpp
[24.304s] -- Up-to-date: /home/gme2307/ponderadas-m6-ec/ponderada-1/meu_workspace/install/turtlesim/include/turtlesim/turtlesim/action/detail/dds_fastrtps
[24.304s] -- Installing: /home/gme2307/ponderadas-m6-ec/ponderada-1/meu_workspace/install/turtlesim/lib/libturtlesim__rosidl_typesupport_fastrtps_cpp.so
[24.305s] -- Set runtime path of "/home/gme2307/ponderadas-m6-ec/ponderada-1/meu_workspace/install/turtlesim/lib/libturtlesim__rosidl_typesupport_fastrtps_cpp.so" to ""
[24.305s] -- Up-to-date: /home/gme2307/ponderadas-m6-ec/ponderada-1/meu_workspace/install/turtlesim/include/turtlesim/turtlesim
[24.305s] -- Up-to-date: /home/gme2307/ponderadas-m6-ec/ponderada-1/meu_workspace/install/turtlesim/include/turtlesim/turtlesim/srv
[24.305s] -- Up-to-date: /home/gme2307/ponderadas-m6-ec/ponderada-1/meu_workspace/install/turtlesim/include/turtlesim/turtlesim/srv/detail
[24.305s] -- Installing: /home/gme2307/ponderadas-m6-ec/ponderada-1/meu_workspace/install/turtlesim/include/turtlesim/turtlesim/srv/detail/spawn__type_support.c
[24.305s] -- Installing: /home/gme2307/ponderadas-m6-ec/ponderada-1/meu_workspace/install/turtlesim/include/turtlesim/turtlesim/srv/detail/teleport_relative__rosidl_typesupport_introspection_c.h
[24.305s] -- Installing: /home/gme2307/ponderadas-m6-ec/ponderada-1/meu_workspace/install/turtlesim/include/turtlesim/turtlesim/srv/detail/spawn__rosidl_typesupport_introspection_c.h
[24.305s] -- Installing: /home/gme2307/ponderadas-m6-ec/ponderada-1/meu_workspace/install/turtlesim/include/turtlesim/turtlesim/srv/detail/set_pen__type_support.c
[24.305s] -- Installing: /home/gme2307/ponderadas-m6-ec/ponderada-1/meu_workspace/install/turtlesim/include/turtlesim/turtlesim/srv/detail/teleport_relative__type_support.c
[24.305s] -- Installing: /home/gme2307/ponderadas-m6-ec/ponderada-1/meu_workspace/install/turtlesim/include/turtlesim/turtlesim/srv/detail/kill__type_support.c
[24.305s] -- Installing: /home/gme2307/ponderadas-m6-ec/ponderada-1/meu_workspace/install/turtlesim/include/turtlesim/turtlesim/srv/detail/teleport_absolute__type_support.c
[24.306s] -- Installing: /home/gme2307/ponderadas-m6-ec/ponderada-1/meu_workspace/install/turtlesim/include/turtlesim/turtlesim/srv/detail/kill__rosidl_typesupport_introspection_c.h
[24.306s] -- Installing: /home/gme2307/ponderadas-m6-ec/ponderada-1/meu_workspace/install/turtlesim/include/turtlesim/turtlesim/srv/detail/teleport_absolute__rosidl_typesupport_introspection_c.h
[24.306s] -- Installing: /home/gme2307/ponderadas-m6-ec/ponderada-1/meu_workspace/install/turtlesim/include/turtlesim/turtlesim/srv/detail/set_pen__rosidl_typesupport_introspection_c.h
[24.306s] -- Up-to-date: /home/gme2307/ponderadas-m6-ec/ponderada-1/meu_workspace/install/turtlesim/include/turtlesim/turtlesim/msg
[24.306s] -- Up-to-date: /home/gme2307/ponderadas-m6-ec/ponderada-1/meu_workspace/install/turtlesim/include/turtlesim/turtlesim/msg/detail
[24.306s] -- Installing: /home/gme2307/ponderadas-m6-ec/ponderada-1/meu_workspace/install/turtlesim/include/turtlesim/turtlesim/msg/detail/pose__type_support.c
[24.306s] -- Installing: /home/gme2307/ponderadas-m6-ec/ponderada-1/meu_workspace/install/turtlesim/include/turtlesim/turtlesim/msg/detail/pose__rosidl_typesupport_introspection_c.h
[24.306s] -- Installing: /home/gme2307/ponderadas-m6-ec/ponderada-1/meu_workspace/install/turtlesim/include/turtlesim/turtlesim/msg/detail/color__type_support.c
[24.307s] -- Installing: /home/gme2307/ponderadas-m6-ec/ponderada-1/meu_workspace/install/turtlesim/include/turtlesim/turtlesim/msg/detail/color__rosidl_typesupport_introspection_c.h
[24.307s] -- Installing: /home/gme2307/ponderadas-m6-ec/ponderada-1/meu_workspace/install/turtlesim/include/turtlesim/turtlesim/msg/rosidl_typesupport_introspection_c__visibility_control.h
[24.307s] -- Up-to-date: /home/gme2307/ponderadas-m6-ec/ponderada-1/meu_workspace/install/turtlesim/include/turtlesim/turtlesim/action
[24.307s] -- Up-to-date: /home/gme2307/ponderadas-m6-ec/ponderada-1/meu_workspace/install/turtlesim/include/turtlesim/turtlesim/action/detail
[24.307s] -- Installing: /home/gme2307/ponderadas-m6-ec/ponderada-1/meu_workspace/install/turtlesim/include/turtlesim/turtlesim/action/detail/rotate_absolute__rosidl_typesupport_introspection_c.h
[24.307s] -- Installing: /home/gme2307/ponderadas-m6-ec/ponderada-1/meu_workspace/install/turtlesim/include/turtlesim/turtlesim/action/detail/rotate_absolute__type_support.c
[24.307s] -- Installing: /home/gme2307/ponderadas-m6-ec/ponderada-1/meu_workspace/install/turtlesim/lib/libturtlesim__rosidl_typesupport_introspection_c.so
[24.308s] -- Set runtime path of "/home/gme2307/ponderadas-m6-ec/ponderada-1/meu_workspace/install/turtlesim/lib/libturtlesim__rosidl_typesupport_introspection_c.so" to ""
[24.308s] -- Installing: /home/gme2307/ponderadas-m6-ec/ponderada-1/meu_workspace/install/turtlesim/lib/libturtlesim__rosidl_typesupport_c.so
[24.308s] -- Set runtime path of "/home/gme2307/ponderadas-m6-ec/ponderada-1/meu_workspace/install/turtlesim/lib/libturtlesim__rosidl_typesupport_c.so" to ""
[24.308s] -- Up-to-date: /home/gme2307/ponderadas-m6-ec/ponderada-1/meu_workspace/install/turtlesim/include/turtlesim/turtlesim
[24.308s] -- Up-to-date: /home/gme2307/ponderadas-m6-ec/ponderada-1/meu_workspace/install/turtlesim/include/turtlesim/turtlesim/srv
[24.309s] -- Up-to-date: /home/gme2307/ponderadas-m6-ec/ponderada-1/meu_workspace/install/turtlesim/include/turtlesim/turtlesim/srv/detail
[24.309s] -- Installing: /home/gme2307/ponderadas-m6-ec/ponderada-1/meu_workspace/install/turtlesim/include/turtlesim/turtlesim/srv/detail/kill__rosidl_typesupport_introspection_cpp.hpp
[24.309s] -- Installing: /home/gme2307/ponderadas-m6-ec/ponderada-1/meu_workspace/install/turtlesim/include/turtlesim/turtlesim/srv/detail/spawn__type_support.cpp
[24.309s] -- Installing: /home/gme2307/ponderadas-m6-ec/ponderada-1/meu_workspace/install/turtlesim/include/turtlesim/turtlesim/srv/detail/set_pen__type_support.cpp
[24.309s] -- Installing: /home/gme2307/ponderadas-m6-ec/ponderada-1/meu_workspace/install/turtlesim/include/turtlesim/turtlesim/srv/detail/teleport_absolute__type_support.cpp
[24.309s] -- Installing: /home/gme2307/ponderadas-m6-ec/ponderada-1/meu_workspace/install/turtlesim/include/turtlesim/turtlesim/srv/detail/teleport_relative__rosidl_typesupport_introspection_cpp.hpp
[24.309s] -- Installing: /home/gme2307/ponderadas-m6-ec/ponderada-1/meu_workspace/install/turtlesim/include/turtlesim/turtlesim/srv/detail/set_pen__rosidl_typesupport_introspection_cpp.hpp
[24.309s] -- Installing: /home/gme2307/ponderadas-m6-ec/ponderada-1/meu_workspace/install/turtlesim/include/turtlesim/turtlesim/srv/detail/teleport_relative__type_support.cpp
[24.309s] -- Installing: /home/gme2307/ponderadas-m6-ec/ponderada-1/meu_workspace/install/turtlesim/include/turtlesim/turtlesim/srv/detail/spawn__rosidl_typesupport_introspection_cpp.hpp
[24.310s] -- Installing: /home/gme2307/ponderadas-m6-ec/ponderada-1/meu_workspace/install/turtlesim/include/turtlesim/turtlesim/srv/detail/teleport_absolute__rosidl_typesupport_introspection_cpp.hpp
[24.310s] -- Installing: /home/gme2307/ponderadas-m6-ec/ponderada-1/meu_workspace/install/turtlesim/include/turtlesim/turtlesim/srv/detail/kill__type_support.cpp
[24.310s] -- Up-to-date: /home/gme2307/ponderadas-m6-ec/ponderada-1/meu_workspace/install/turtlesim/include/turtlesim/turtlesim/msg
[24.310s] -- Up-to-date: /home/gme2307/ponderadas-m6-ec/ponderada-1/meu_workspace/install/turtlesim/include/turtlesim/turtlesim/msg/detail
[24.310s] -- Installing: /home/gme2307/ponderadas-m6-ec/ponderada-1/meu_workspace/install/turtlesim/include/turtlesim/turtlesim/msg/detail/pose__type_support.cpp
[24.310s] -- Installing: /home/gme2307/ponderadas-m6-ec/ponderada-1/meu_workspace/install/turtlesim/include/turtlesim/turtlesim/msg/detail/color__type_support.cpp
[24.310s] -- Installing: /home/gme2307/ponderadas-m6-ec/ponderada-1/meu_workspace/install/turtlesim/include/turtlesim/turtlesim/msg/detail/pose__rosidl_typesupport_introspection_cpp.hpp
[24.310s] -- Installing: /home/gme2307/ponderadas-m6-ec/ponderada-1/meu_workspace/install/turtlesim/include/turtlesim/turtlesim/msg/detail/color__rosidl_typesupport_introspection_cpp.hpp
[24.311s] -- Up-to-date: /home/gme2307/ponderadas-m6-ec/ponderada-1/meu_workspace/install/turtlesim/include/turtlesim/turtlesim/action
[24.311s] -- Up-to-date: /home/gme2307/ponderadas-m6-ec/ponderada-1/meu_workspace/install/turtlesim/include/turtlesim/turtlesim/action/detail
[24.311s] -- Installing: /home/gme2307/ponderadas-m6-ec/ponderada-1/meu_workspace/install/turtlesim/include/turtlesim/turtlesim/action/detail/rotate_absolute__rosidl_typesupport_introspection_cpp.hpp
[24.311s] -- Installing: /home/gme2307/ponderadas-m6-ec/ponderada-1/meu_workspace/install/turtlesim/include/turtlesim/turtlesim/action/detail/rotate_absolute__type_support.cpp
[24.311s] -- Installing: /home/gme2307/ponderadas-m6-ec/ponderada-1/meu_workspace/install/turtlesim/lib/libturtlesim__rosidl_typesupport_introspection_cpp.so
[24.312s] -- Set runtime path of "/home/gme2307/ponderadas-m6-ec/ponderada-1/meu_workspace/install/turtlesim/lib/libturtlesim__rosidl_typesupport_introspection_cpp.so" to ""
[24.312s] -- Installing: /home/gme2307/ponderadas-m6-ec/ponderada-1/meu_workspace/install/turtlesim/lib/libturtlesim__rosidl_typesupport_cpp.so
[24.312s] -- Set runtime path of "/home/gme2307/ponderadas-m6-ec/ponderada-1/meu_workspace/install/turtlesim/lib/libturtlesim__rosidl_typesupport_cpp.so" to ""
[24.312s] -- Installing: /home/gme2307/ponderadas-m6-ec/ponderada-1/meu_workspace/install/turtlesim/share/turtlesim/environment/pythonpath.sh
[24.312s] -- Installing: /home/gme2307/ponderadas-m6-ec/ponderada-1/meu_workspace/install/turtlesim/share/turtlesim/environment/pythonpath.dsv
[24.312s] -- Up-to-date: /home/gme2307/ponderadas-m6-ec/ponderada-1/meu_workspace/install/turtlesim/local/lib/python3.10/dist-packages/turtlesim-1.4.2-py3.10.egg-info
[24.313s] -- Installing: /home/gme2307/ponderadas-m6-ec/ponderada-1/meu_workspace/install/turtlesim/local/lib/python3.10/dist-packages/turtlesim-1.4.2-py3.10.egg-info/SOURCES.txt
[24.313s] -- Installing: /home/gme2307/ponderadas-m6-ec/ponderada-1/meu_workspace/install/turtlesim/local/lib/python3.10/dist-packages/turtlesim-1.4.2-py3.10.egg-info/top_level.txt
[24.313s] -- Installing: /home/gme2307/ponderadas-m6-ec/ponderada-1/meu_workspace/install/turtlesim/local/lib/python3.10/dist-packages/turtlesim-1.4.2-py3.10.egg-info/dependency_links.txt
[24.313s] -- Installing: /home/gme2307/ponderadas-m6-ec/ponderada-1/meu_workspace/install/turtlesim/local/lib/python3.10/dist-packages/turtlesim-1.4.2-py3.10.egg-info/PKG-INFO
[24.313s] -- Up-to-date: /home/gme2307/ponderadas-m6-ec/ponderada-1/meu_workspace/install/turtlesim/local/lib/python3.10/dist-packages/turtlesim
[24.313s] -- Up-to-date: /home/gme2307/ponderadas-m6-ec/ponderada-1/meu_workspace/install/turtlesim/local/lib/python3.10/dist-packages/turtlesim/srv
[24.313s] -- Installing: /home/gme2307/ponderadas-m6-ec/ponderada-1/meu_workspace/install/turtlesim/local/lib/python3.10/dist-packages/turtlesim/srv/_set_pen_s.c
[24.313s] -- Installing: /home/gme2307/ponderadas-m6-ec/ponderada-1/meu_workspace/install/turtlesim/local/lib/python3.10/dist-packages/turtlesim/srv/_spawn.py
[24.313s] -- Installing: /home/gme2307/ponderadas-m6-ec/ponderada-1/meu_workspace/install/turtlesim/local/lib/python3.10/dist-packages/turtlesim/srv/_kill.py
[24.314s] -- Installing: /home/gme2307/ponderadas-m6-ec/ponderada-1/meu_workspace/install/turtlesim/local/lib/python3.10/dist-packages/turtlesim/srv/_spawn_s.c
[24.314s] -- Installing: /home/gme2307/ponderadas-m6-ec/ponderada-1/meu_workspace/install/turtlesim/local/lib/python3.10/dist-packages/turtlesim/srv/_set_pen.py
[24.314s] -- Installing: /home/gme2307/ponderadas-m6-ec/ponderada-1/meu_workspace/install/turtlesim/local/lib/python3.10/dist-packages/turtlesim/srv/_kill_s.c
[24.314s] -- Installing: /home/gme2307/ponderadas-m6-ec/ponderada-1/meu_workspace/install/turtlesim/local/lib/python3.10/dist-packages/turtlesim/srv/_teleport_absolute_s.c
[24.314s] -- Installing: /home/gme2307/ponderadas-m6-ec/ponderada-1/meu_workspace/install/turtlesim/local/lib/python3.10/dist-packages/turtlesim/srv/_teleport_relative_s.c
[24.314s] -- Installing: /home/gme2307/ponderadas-m6-ec/ponderada-1/meu_workspace/install/turtlesim/local/lib/python3.10/dist-packages/turtlesim/srv/__init__.py
[24.314s] -- Installing: /home/gme2307/ponderadas-m6-ec/ponderada-1/meu_workspace/install/turtlesim/local/lib/python3.10/dist-packages/turtlesim/srv/_teleport_absolute.py
[24.314s] -- Installing: /home/gme2307/ponderadas-m6-ec/ponderada-1/meu_workspace/install/turtlesim/local/lib/python3.10/dist-packages/turtlesim/srv/_teleport_relative.py
[24.315s] -- Installing: /home/gme2307/ponderadas-m6-ec/ponderada-1/meu_workspace/install/turtlesim/local/lib/python3.10/dist-packages/turtlesim/turtlesim_s__rosidl_typesupport_introspection_c.cpython-310-x86_64-linux-gnu.so
[24.315s] -- Installing: /home/gme2307/ponderadas-m6-ec/ponderada-1/meu_workspace/install/turtlesim/local/lib/python3.10/dist-packages/turtlesim/turtlesim_s__rosidl_typesupport_fastrtps_c.cpython-310-x86_64-linux-gnu.so
[24.315s] -- Installing: /home/gme2307/ponderadas-m6-ec/ponderada-1/meu_workspace/install/turtlesim/local/lib/python3.10/dist-packages/turtlesim/libturtlesim__rosidl_generator_py.so
[24.315s] -- Installing: /home/gme2307/ponderadas-m6-ec/ponderada-1/meu_workspace/install/turtlesim/local/lib/python3.10/dist-packages/turtlesim/_turtlesim_s.ep.rosidl_typesupport_introspection_c.c
[24.315s] -- Up-to-date: /home/gme2307/ponderadas-m6-ec/ponderada-1/meu_workspace/install/turtlesim/local/lib/python3.10/dist-packages/turtlesim/msg
[24.315s] -- Installing: /home/gme2307/ponderadas-m6-ec/ponderada-1/meu_workspace/install/turtlesim/local/lib/python3.10/dist-packages/turtlesim/msg/_pose_s.c
[24.316s] -- Installing: /home/gme2307/ponderadas-m6-ec/ponderada-1/meu_workspace/install/turtlesim/local/lib/python3.10/dist-packages/turtlesim/msg/_color_s.c
[24.316s] -- Installing: /home/gme2307/ponderadas-m6-ec/ponderada-1/meu_workspace/install/turtlesim/local/lib/python3.10/dist-packages/turtlesim/msg/__init__.py
[24.316s] -- Installing: /home/gme2307/ponderadas-m6-ec/ponderada-1/meu_workspace/install/turtlesim/local/lib/python3.10/dist-packages/turtlesim/msg/_color.py
[24.316s] -- Installing: /home/gme2307/ponderadas-m6-ec/ponderada-1/meu_workspace/install/turtlesim/local/lib/python3.10/dist-packages/turtlesim/msg/_pose.py
[24.316s] -- Installing: /home/gme2307/ponderadas-m6-ec/ponderada-1/meu_workspace/install/turtlesim/local/lib/python3.10/dist-packages/turtlesim/turtlesim_s__rosidl_typesupport_c.cpython-310-x86_64-linux-gnu.so
[24.316s] -- Installing: /home/gme2307/ponderadas-m6-ec/ponderada-1/meu_workspace/install/turtlesim/local/lib/python3.10/dist-packages/turtlesim/__init__.py
[24.316s] -- Up-to-date: /home/gme2307/ponderadas-m6-ec/ponderada-1/meu_workspace/install/turtlesim/local/lib/python3.10/dist-packages/turtlesim/action
[24.316s] -- Installing: /home/gme2307/ponderadas-m6-ec/ponderada-1/meu_workspace/install/turtlesim/local/lib/python3.10/dist-packages/turtlesim/action/_rotate_absolute.py
[24.316s] -- Installing: /home/gme2307/ponderadas-m6-ec/ponderada-1/meu_workspace/install/turtlesim/local/lib/python3.10/dist-packages/turtlesim/action/_rotate_absolute_s.c
[24.316s] -- Installing: /home/gme2307/ponderadas-m6-ec/ponderada-1/meu_workspace/install/turtlesim/local/lib/python3.10/dist-packages/turtlesim/action/__init__.py
[24.316s] -- Installing: /home/gme2307/ponderadas-m6-ec/ponderada-1/meu_workspace/install/turtlesim/local/lib/python3.10/dist-packages/turtlesim/_turtlesim_s.ep.rosidl_typesupport_c.c
[24.317s] -- Installing: /home/gme2307/ponderadas-m6-ec/ponderada-1/meu_workspace/install/turtlesim/local/lib/python3.10/dist-packages/turtlesim/_turtlesim_s.ep.rosidl_typesupport_fastrtps_c.c
[24.355s] Listing '/home/gme2307/ponderadas-m6-ec/ponderada-1/meu_workspace/install/turtlesim/local/lib/python3.10/dist-packages/turtlesim'...
[24.355s] Compiling '/home/gme2307/ponderadas-m6-ec/ponderada-1/meu_workspace/install/turtlesim/local/lib/python3.10/dist-packages/turtlesim/__init__.py'...
[24.355s] Listing '/home/gme2307/ponderadas-m6-ec/ponderada-1/meu_workspace/install/turtlesim/local/lib/python3.10/dist-packages/turtlesim/action'...
[24.355s] Compiling '/home/gme2307/ponderadas-m6-ec/ponderada-1/meu_workspace/install/turtlesim/local/lib/python3.10/dist-packages/turtlesim/action/__init__.py'...
[24.355s] Compiling '/home/gme2307/ponderadas-m6-ec/ponderada-1/meu_workspace/install/turtlesim/local/lib/python3.10/dist-packages/turtlesim/action/_rotate_absolute.py'...
[24.355s] Listing '/home/gme2307/ponderadas-m6-ec/ponderada-1/meu_workspace/install/turtlesim/local/lib/python3.10/dist-packages/turtlesim/msg'...
[24.355s] Compiling '/home/gme2307/ponderadas-m6-ec/ponderada-1/meu_workspace/install/turtlesim/local/lib/python3.10/dist-packages/turtlesim/msg/__init__.py'...
[24.355s] Compiling '/home/gme2307/ponderadas-m6-ec/ponderada-1/meu_workspace/install/turtlesim/local/lib/python3.10/dist-packages/turtlesim/msg/_color.py'...
[24.355s] Compiling '/home/gme2307/ponderadas-m6-ec/ponderada-1/meu_workspace/install/turtlesim/local/lib/python3.10/dist-packages/turtlesim/msg/_pose.py'...
[24.355s] Listing '/home/gme2307/ponderadas-m6-ec/ponderada-1/meu_workspace/install/turtlesim/local/lib/python3.10/dist-packages/turtlesim/srv'...
[24.356s] Compiling '/home/gme2307/ponderadas-m6-ec/ponderada-1/meu_workspace/install/turtlesim/local/lib/python3.10/dist-packages/turtlesim/srv/__init__.py'...
[24.356s] Compiling '/home/gme2307/ponderadas-m6-ec/ponderada-1/meu_workspace/install/turtlesim/local/lib/python3.10/dist-packages/turtlesim/srv/_kill.py'...
[24.356s] Compiling '/home/gme2307/ponderadas-m6-ec/ponderada-1/meu_workspace/install/turtlesim/local/lib/python3.10/dist-packages/turtlesim/srv/_set_pen.py'...
[24.356s] Compiling '/home/gme2307/ponderadas-m6-ec/ponderada-1/meu_workspace/install/turtlesim/local/lib/python3.10/dist-packages/turtlesim/srv/_spawn.py'...
[24.356s] Compiling '/home/gme2307/ponderadas-m6-ec/ponderada-1/meu_workspace/install/turtlesim/local/lib/python3.10/dist-packages/turtlesim/srv/_teleport_absolute.py'...
[24.356s] Compiling '/home/gme2307/ponderadas-m6-ec/ponderada-1/meu_workspace/install/turtlesim/local/lib/python3.10/dist-packages/turtlesim/srv/_teleport_relative.py'...
[24.359s] -- Installing: /home/gme2307/ponderadas-m6-ec/ponderada-1/meu_workspace/install/turtlesim/local/lib/python3.10/dist-packages/turtlesim/turtlesim_s__rosidl_typesupport_fastrtps_c.cpython-310-x86_64-linux-gnu.so
[24.359s] -- Set runtime path of "/home/gme2307/ponderadas-m6-ec/ponderada-1/meu_workspace/install/turtlesim/local/lib/python3.10/dist-packages/turtlesim/turtlesim_s__rosidl_typesupport_fastrtps_c.cpython-310-x86_64-linux-gnu.so" to ""
[24.360s] -- Installing: /home/gme2307/ponderadas-m6-ec/ponderada-1/meu_workspace/install/turtlesim/local/lib/python3.10/dist-packages/turtlesim/turtlesim_s__rosidl_typesupport_introspection_c.cpython-310-x86_64-linux-gnu.so
[24.360s] -- Set runtime path of "/home/gme2307/ponderadas-m6-ec/ponderada-1/meu_workspace/install/turtlesim/local/lib/python3.10/dist-packages/turtlesim/turtlesim_s__rosidl_typesupport_introspection_c.cpython-310-x86_64-linux-gnu.so" to ""
[24.360s] -- Installing: /home/gme2307/ponderadas-m6-ec/ponderada-1/meu_workspace/install/turtlesim/local/lib/python3.10/dist-packages/turtlesim/turtlesim_s__rosidl_typesupport_c.cpython-310-x86_64-linux-gnu.so
[24.360s] -- Set runtime path of "/home/gme2307/ponderadas-m6-ec/ponderada-1/meu_workspace/install/turtlesim/local/lib/python3.10/dist-packages/turtlesim/turtlesim_s__rosidl_typesupport_c.cpython-310-x86_64-linux-gnu.so" to ""
[24.360s] -- Installing: /home/gme2307/ponderadas-m6-ec/ponderada-1/meu_workspace/install/turtlesim/lib/libturtlesim__rosidl_generator_py.so
[24.361s] -- Set runtime path of "/home/gme2307/ponderadas-m6-ec/ponderada-1/meu_workspace/install/turtlesim/lib/libturtlesim__rosidl_generator_py.so" to ""
[24.361s] -- Installing: /home/gme2307/ponderadas-m6-ec/ponderada-1/meu_workspace/install/turtlesim/share/turtlesim/action/RotateAbsolute.idl
[24.361s] -- Installing: /home/gme2307/ponderadas-m6-ec/ponderada-1/meu_workspace/install/turtlesim/share/turtlesim/msg/Color.idl
[24.361s] -- Installing: /home/gme2307/ponderadas-m6-ec/ponderada-1/meu_workspace/install/turtlesim/share/turtlesim/msg/Pose.idl
[24.361s] -- Installing: /home/gme2307/ponderadas-m6-ec/ponderada-1/meu_workspace/install/turtlesim/share/turtlesim/srv/Kill.idl
[24.361s] -- Installing: /home/gme2307/ponderadas-m6-ec/ponderada-1/meu_workspace/install/turtlesim/share/turtlesim/srv/SetPen.idl
[24.361s] -- Installing: /home/gme2307/ponderadas-m6-ec/ponderada-1/meu_workspace/install/turtlesim/share/turtlesim/srv/Spawn.idl
[24.361s] -- Installing: /home/gme2307/ponderadas-m6-ec/ponderada-1/meu_workspace/install/turtlesim/share/turtlesim/srv/TeleportAbsolute.idl
[24.361s] -- Installing: /home/gme2307/ponderadas-m6-ec/ponderada-1/meu_workspace/install/turtlesim/share/turtlesim/srv/TeleportRelative.idl
[24.361s] -- Up-to-date: /home/gme2307/ponderadas-m6-ec/ponderada-1/meu_workspace/install/turtlesim/share/turtlesim/action/RotateAbsolute.action
[24.362s] -- Up-to-date: /home/gme2307/ponderadas-m6-ec/ponderada-1/meu_workspace/install/turtlesim/share/turtlesim/msg/Color.msg
[24.362s] -- Up-to-date: /home/gme2307/ponderadas-m6-ec/ponderada-1/meu_workspace/install/turtlesim/share/turtlesim/msg/Pose.msg
[24.362s] -- Up-to-date: /home/gme2307/ponderadas-m6-ec/ponderada-1/meu_workspace/install/turtlesim/share/turtlesim/srv/Kill.srv
[24.362s] -- Installing: /home/gme2307/ponderadas-m6-ec/ponderada-1/meu_workspace/install/turtlesim/share/turtlesim/srv/Kill_Request.msg
[24.362s] -- Installing: /home/gme2307/ponderadas-m6-ec/ponderada-1/meu_workspace/install/turtlesim/share/turtlesim/srv/Kill_Response.msg
[24.362s] -- Up-to-date: /home/gme2307/ponderadas-m6-ec/ponderada-1/meu_workspace/install/turtlesim/share/turtlesim/srv/SetPen.srv
[24.362s] -- Installing: /home/gme2307/ponderadas-m6-ec/ponderada-1/meu_workspace/install/turtlesim/share/turtlesim/srv/SetPen_Request.msg
[24.362s] -- Installing: /home/gme2307/ponderadas-m6-ec/ponderada-1/meu_workspace/install/turtlesim/share/turtlesim/srv/SetPen_Response.msg
[24.362s] -- Up-to-date: /home/gme2307/ponderadas-m6-ec/ponderada-1/meu_workspace/install/turtlesim/share/turtlesim/srv/Spawn.srv
[24.362s] -- Installing: /home/gme2307/ponderadas-m6-ec/ponderada-1/meu_workspace/install/turtlesim/share/turtlesim/srv/Spawn_Request.msg
[24.362s] -- Installing: /home/gme2307/ponderadas-m6-ec/ponderada-1/meu_workspace/install/turtlesim/share/turtlesim/srv/Spawn_Response.msg
[24.362s] -- Up-to-date: /home/gme2307/ponderadas-m6-ec/ponderada-1/meu_workspace/install/turtlesim/share/turtlesim/srv/TeleportAbsolute.srv
[24.362s] -- Installing: /home/gme2307/ponderadas-m6-ec/ponderada-1/meu_workspace/install/turtlesim/share/turtlesim/srv/TeleportAbsolute_Request.msg
[24.363s] -- Installing: /home/gme2307/ponderadas-m6-ec/ponderada-1/meu_workspace/install/turtlesim/share/turtlesim/srv/TeleportAbsolute_Response.msg
[24.363s] -- Up-to-date: /home/gme2307/ponderadas-m6-ec/ponderada-1/meu_workspace/install/turtlesim/share/turtlesim/srv/TeleportRelative.srv
[24.363s] -- Installing: /home/gme2307/ponderadas-m6-ec/ponderada-1/meu_workspace/install/turtlesim/share/turtlesim/srv/TeleportRelative_Request.msg
[24.363s] -- Installing: /home/gme2307/ponderadas-m6-ec/ponderada-1/meu_workspace/install/turtlesim/share/turtlesim/srv/TeleportRelative_Response.msg
[24.363s] -- Installing: /home/gme2307/ponderadas-m6-ec/ponderada-1/meu_workspace/install/turtlesim/lib/turtlesim/turtlesim_node
[24.371s] -- Set runtime path of "/home/gme2307/ponderadas-m6-ec/ponderada-1/meu_workspace/install/turtlesim/lib/turtlesim/turtlesim_node" to ""
[24.371s] -- Installing: /home/gme2307/ponderadas-m6-ec/ponderada-1/meu_workspace/install/turtlesim/lib/turtlesim/turtle_teleop_key
[24.372s] -- Set runtime path of "/home/gme2307/ponderadas-m6-ec/ponderada-1/meu_workspace/install/turtlesim/lib/turtlesim/turtle_teleop_key" to ""
[24.372s] -- Installing: /home/gme2307/ponderadas-m6-ec/ponderada-1/meu_workspace/install/turtlesim/lib/turtlesim/draw_square
[24.377s] -- Set runtime path of "/home/gme2307/ponderadas-m6-ec/ponderada-1/meu_workspace/install/turtlesim/lib/turtlesim/draw_square" to ""
[24.377s] -- Installing: /home/gme2307/ponderadas-m6-ec/ponderada-1/meu_workspace/install/turtlesim/lib/turtlesim/mimic
[24.380s] -- Set runtime path of "/home/gme2307/ponderadas-m6-ec/ponderada-1/meu_workspace/install/turtlesim/lib/turtlesim/mimic" to ""
[24.381s] -- Up-to-date: /home/gme2307/ponderadas-m6-ec/ponderada-1/meu_workspace/install/turtlesim/share/turtlesim/images
[24.381s] -- Up-to-date: /home/gme2307/ponderadas-m6-ec/ponderada-1/meu_workspace/install/turtlesim/share/turtlesim/images/foxy.png
[24.381s] -- Up-to-date: /home/gme2307/ponderadas-m6-ec/ponderada-1/meu_workspace/install/turtlesim/share/turtlesim/images/galactic.png
[24.381s] -- Up-to-date: /home/gme2307/ponderadas-m6-ec/ponderada-1/meu_workspace/install/turtlesim/share/turtlesim/images/ardent.png
[24.381s] -- Up-to-date: /home/gme2307/ponderadas-m6-ec/ponderada-1/meu_workspace/install/turtlesim/share/turtlesim/images/crystal.png
[24.381s] -- Up-to-date: /home/gme2307/ponderadas-m6-ec/ponderada-1/meu_workspace/install/turtlesim/share/turtlesim/images/dashing.png
[24.381s] -- Up-to-date: /home/gme2307/ponderadas-m6-ec/ponderada-1/meu_workspace/install/turtlesim/share/turtlesim/images/rolling.png
[24.381s] -- Up-to-date: /home/gme2307/ponderadas-m6-ec/ponderada-1/meu_workspace/install/turtlesim/share/turtlesim/images/bouncy.png
[24.381s] -- Up-to-date: /home/gme2307/ponderadas-m6-ec/ponderada-1/meu_workspace/install/turtlesim/share/turtlesim/images/eloquent.png
[24.381s] -- Up-to-date: /home/gme2307/ponderadas-m6-ec/ponderada-1/meu_workspace/install/turtlesim/share/turtlesim/images/humble.png
[24.381s] -- Up-to-date: /home/gme2307/ponderadas-m6-ec/ponderada-1/meu_workspace/install/turtlesim/share/turtlesim/launch
[24.381s] -- Up-to-date: /home/gme2307/ponderadas-m6-ec/ponderada-1/meu_workspace/install/turtlesim/share/turtlesim/launch/multisim.launch.py
[24.381s] -- Installing: /home/gme2307/ponderadas-m6-ec/ponderada-1/meu_workspace/install/turtlesim/share/ament_index/resource_index/package_run_dependencies/turtlesim
[24.381s] -- Installing: /home/gme2307/ponderadas-m6-ec/ponderada-1/meu_workspace/install/turtlesim/share/ament_index/resource_index/parent_prefix_path/turtlesim
[24.381s] -- Up-to-date: /home/gme2307/ponderadas-m6-ec/ponderada-1/meu_workspace/install/turtlesim/share/turtlesim/environment/ament_prefix_path.sh
[24.381s] -- Installing: /home/gme2307/ponderadas-m6-ec/ponderada-1/meu_workspace/install/turtlesim/share/turtlesim/environment/ament_prefix_path.dsv
[24.381s] -- Up-to-date: /home/gme2307/ponderadas-m6-ec/ponderada-1/meu_workspace/install/turtlesim/share/turtlesim/environment/path.sh
[24.381s] -- Installing: /home/gme2307/ponderadas-m6-ec/ponderada-1/meu_workspace/install/turtlesim/share/turtlesim/environment/path.dsv
[24.382s] -- Installing: /home/gme2307/ponderadas-m6-ec/ponderada-1/meu_workspace/install/turtlesim/share/turtlesim/local_setup.bash
[24.382s] -- Installing: /home/gme2307/ponderadas-m6-ec/ponderada-1/meu_workspace/install/turtlesim/share/turtlesim/local_setup.sh
[24.382s] -- Installing: /home/gme2307/ponderadas-m6-ec/ponderada-1/meu_workspace/install/turtlesim/share/turtlesim/local_setup.zsh
[24.382s] -- Installing: /home/gme2307/ponderadas-m6-ec/ponderada-1/meu_workspace/install/turtlesim/share/turtlesim/local_setup.dsv
[24.382s] -- Installing: /home/gme2307/ponderadas-m6-ec/ponderada-1/meu_workspace/install/turtlesim/share/turtlesim/package.dsv
[24.382s] -- Installing: /home/gme2307/ponderadas-m6-ec/ponderada-1/meu_workspace/install/turtlesim/share/ament_index/resource_index/packages/turtlesim
[24.382s] -- Installing: /home/gme2307/ponderadas-m6-ec/ponderada-1/meu_workspace/install/turtlesim/share/turtlesim/cmake/export_turtlesim__rosidl_generator_cExport.cmake
[24.382s] -- Installing: /home/gme2307/ponderadas-m6-ec/ponderada-1/meu_workspace/install/turtlesim/share/turtlesim/cmake/export_turtlesim__rosidl_generator_cExport-noconfig.cmake
[24.382s] -- Installing: /home/gme2307/ponderadas-m6-ec/ponderada-1/meu_workspace/install/turtlesim/share/turtlesim/cmake/export_turtlesim__rosidl_typesupport_fastrtps_cExport.cmake
[24.382s] -- Installing: /home/gme2307/ponderadas-m6-ec/ponderada-1/meu_workspace/install/turtlesim/share/turtlesim/cmake/export_turtlesim__rosidl_typesupport_fastrtps_cExport-noconfig.cmake
[24.382s] -- Installing: /home/gme2307/ponderadas-m6-ec/ponderada-1/meu_workspace/install/turtlesim/share/turtlesim/cmake/export_turtlesim__rosidl_generator_cppExport.cmake
[24.382s] -- Installing: /home/gme2307/ponderadas-m6-ec/ponderada-1/meu_workspace/install/turtlesim/share/turtlesim/cmake/export_turtlesim__rosidl_typesupport_fastrtps_cppExport.cmake
[24.382s] -- Installing: /home/gme2307/ponderadas-m6-ec/ponderada-1/meu_workspace/install/turtlesim/share/turtlesim/cmake/export_turtlesim__rosidl_typesupport_fastrtps_cppExport-noconfig.cmake
[24.382s] -- Installing: /home/gme2307/ponderadas-m6-ec/ponderada-1/meu_workspace/install/turtlesim/share/turtlesim/cmake/turtlesim__rosidl_typesupport_introspection_cExport.cmake
[24.382s] -- Installing: /home/gme2307/ponderadas-m6-ec/ponderada-1/meu_workspace/install/turtlesim/share/turtlesim/cmake/turtlesim__rosidl_typesupport_introspection_cExport-noconfig.cmake
[24.383s] -- Installing: /home/gme2307/ponderadas-m6-ec/ponderada-1/meu_workspace/install/turtlesim/share/turtlesim/cmake/turtlesim__rosidl_typesupport_cExport.cmake
[24.383s] -- Installing: /home/gme2307/ponderadas-m6-ec/ponderada-1/meu_workspace/install/turtlesim/share/turtlesim/cmake/turtlesim__rosidl_typesupport_cExport-noconfig.cmake
[24.383s] -- Installing: /home/gme2307/ponderadas-m6-ec/ponderada-1/meu_workspace/install/turtlesim/share/turtlesim/cmake/turtlesim__rosidl_typesupport_introspection_cppExport.cmake
[24.383s] -- Installing: /home/gme2307/ponderadas-m6-ec/ponderada-1/meu_workspace/install/turtlesim/share/turtlesim/cmake/turtlesim__rosidl_typesupport_introspection_cppExport-noconfig.cmake
[24.383s] -- Installing: /home/gme2307/ponderadas-m6-ec/ponderada-1/meu_workspace/install/turtlesim/share/turtlesim/cmake/turtlesim__rosidl_typesupport_cppExport.cmake
[24.384s] -- Installing: /home/gme2307/ponderadas-m6-ec/ponderada-1/meu_workspace/install/turtlesim/share/turtlesim/cmake/turtlesim__rosidl_typesupport_cppExport-noconfig.cmake
[24.384s] -- Installing: /home/gme2307/ponderadas-m6-ec/ponderada-1/meu_workspace/install/turtlesim/share/turtlesim/cmake/export_turtlesim__rosidl_generator_pyExport.cmake
[24.384s] -- Installing: /home/gme2307/ponderadas-m6-ec/ponderada-1/meu_workspace/install/turtlesim/share/turtlesim/cmake/export_turtlesim__rosidl_generator_pyExport-noconfig.cmake
[24.384s] -- Installing: /home/gme2307/ponderadas-m6-ec/ponderada-1/meu_workspace/install/turtlesim/share/turtlesim/cmake/rosidl_cmake-extras.cmake
[24.384s] -- Installing: /home/gme2307/ponderadas-m6-ec/ponderada-1/meu_workspace/install/turtlesim/share/turtlesim/cmake/ament_cmake_export_dependencies-extras.cmake
[24.384s] -- Installing: /home/gme2307/ponderadas-m6-ec/ponderada-1/meu_workspace/install/turtlesim/share/turtlesim/cmake/ament_cmake_export_include_directories-extras.cmake
[24.384s] -- Installing: /home/gme2307/ponderadas-m6-ec/ponderada-1/meu_workspace/install/turtlesim/share/turtlesim/cmake/ament_cmake_export_libraries-extras.cmake
[24.385s] -- Installing: /home/gme2307/ponderadas-m6-ec/ponderada-1/meu_workspace/install/turtlesim/share/turtlesim/cmake/ament_cmake_export_targets-extras.cmake
[24.385s] -- Installing: /home/gme2307/ponderadas-m6-ec/ponderada-1/meu_workspace/install/turtlesim/share/turtlesim/cmake/rosidl_cmake_export_typesupport_targets-extras.cmake
[24.385s] -- Installing: /home/gme2307/ponderadas-m6-ec/ponderada-1/meu_workspace/install/turtlesim/share/turtlesim/cmake/rosidl_cmake_export_typesupport_libraries-extras.cmake
[24.385s] -- Installing: /home/gme2307/ponderadas-m6-ec/ponderada-1/meu_workspace/install/turtlesim/share/turtlesim/cmake/turtlesimConfig.cmake
[24.385s] -- Installing: /home/gme2307/ponderadas-m6-ec/ponderada-1/meu_workspace/install/turtlesim/share/turtlesim/cmake/turtlesimConfig-version.cmake
[24.385s] -- Up-to-date: /home/gme2307/ponderadas-m6-ec/ponderada-1/meu_workspace/install/turtlesim/share/turtlesim/package.xml
[24.387s] Invoked command in '/home/gme2307/ponderadas-m6-ec/ponderada-1/meu_workspace/build/turtlesim' returned '0': CMAKE_PREFIX_PATH=${CMAKE_PREFIX_PATH}:/home/gme2307/ponderadas-m6-ec/ponderada-1/meu_workspace/install/ponderada_gustavo:/opt/ros/humble /usr/bin/cmake --install /home/gme2307/ponderadas-m6-ec/ponderada-1/meu_workspace/build/turtlesim
