running egg_info
writing ../../build/semana_03/semana_03.egg-info/PKG-INFO
writing dependency_links to ../../build/semana_03/semana_03.egg-info/dependency_links.txt
writing entry points to ../../build/semana_03/semana_03.egg-info/entry_points.txt
writing requirements to ../../build/semana_03/semana_03.egg-info/requires.txt
writing top-level names to ../../build/semana_03/semana_03.egg-info/top_level.txt
reading manifest file '../../build/semana_03/semana_03.egg-info/SOURCES.txt'
writing manifest file '../../build/semana_03/semana_03.egg-info/SOURCES.txt'
running build
running build_py
copying semana_03/codigo.py -> /home/gustavo/ponderadas-m6-ec/ponderada-2/meu_workspace/build/semana_03/build/lib/semana_03
running install
running install_lib
copying /home/gustavo/ponderadas-m6-ec/ponderada-2/meu_workspace/build/semana_03/build/lib/semana_03/codigo.py -> /home/gustavo/ponderadas-m6-ec/ponderada-2/meu_workspace/install/semana_03/lib/python3.10/site-packages/semana_03
byte-compiling /home/gustavo/ponderadas-m6-ec/ponderada-2/meu_workspace/install/semana_03/lib/python3.10/site-packages/semana_03/codigo.py to codigo.cpython-310.pyc
running install_data
running install_egg_info
removing '/home/gustavo/ponderadas-m6-ec/ponderada-2/meu_workspace/install/semana_03/lib/python3.10/site-packages/semana_03-0.0.0-py3.10.egg-info' (and everything under it)
Copying ../../build/semana_03/semana_03.egg-info to /home/gustavo/ponderadas-m6-ec/ponderada-2/meu_workspace/install/semana_03/lib/python3.10/site-packages/semana_03-0.0.0-py3.10.egg-info
running install_scripts
Installing semana_03 script to /home/gustavo/ponderadas-m6-ec/ponderada-2/meu_workspace/install/semana_03/lib/semana_03
writing list of installed files to '/home/gustavo/ponderadas-m6-ec/ponderada-2/meu_workspace/build/semana_03/install.log'
