[0.182s] Invoking command in '/home/gme2307/ponderadas-m6-ec/ponderada-1/meu_workspace/build/turtlesim': CMAKE_PREFIX_PATH=${CMAKE_PREFIX_PATH}:/home/gme2307/ponderadas-m6-ec/ponderada-1/meu_workspace/install/ponderada_gustavo:/opt/ros/humble /usr/bin/cmake /home/gme2307/ponderadas-m6-ec/ponderada-1/meu_workspace/src/ros_tutorials/turtlesim -DCMAKE_INSTALL_PREFIX=/home/gme2307/ponderadas-m6-ec/ponderada-1/meu_workspace/install/turtlesim
[0.641s] -- The C compiler identification is GNU 11.4.0
[1.170s] -- The CXX compiler identification is GNU 11.4.0
[1.182s] -- Detecting C compiler ABI info
[1.256s] -- Detecting C compiler ABI info - done
[1.262s] -- Check for working C compiler: /usr/bin/cc - skipped
[1.264s] -- Detecting C compile features
[1.265s] -- Detecting C compile features - done
[1.268s] -- Detecting CXX compiler ABI info
[1.349s] -- Detecting CXX compiler ABI info - done
[1.355s] -- Check for working CXX compiler: /usr/bin/c++ - skipped
[1.355s] -- Detecting CXX compile features
[1.356s] -- Detecting CXX compile features - done
[1.364s] -- Found ament_cmake: 1.3.8 (/opt/ros/humble/share/ament_cmake/cmake)
[1.473s] -- Found Python3: /usr/bin/python3 (found version "3.10.12") found components: Interpreter 
[1.537s] -- Found ament_index_cpp: 1.4.0 (/opt/ros/humble/share/ament_index_cpp/cmake)
[1.538s] -- Found geometry_msgs: 4.2.3 (/opt/ros/humble/share/geometry_msgs/cmake)
[1.562s] -- Found rosidl_generator_c: 3.1.5 (/opt/ros/humble/share/rosidl_generator_c/cmake)
[1.567s] -- Found rosidl_adapter: 3.1.5 (/opt/ros/humble/share/rosidl_adapter/cmake)
[1.572s] -- Found rosidl_generator_cpp: 3.1.5 (/opt/ros/humble/share/rosidl_generator_cpp/cmake)
[1.585s] -- Using all available rosidl_typesupport_c: rosidl_typesupport_fastrtps_c;rosidl_typesupport_introspection_c
[1.597s] -- Using all available rosidl_typesupport_cpp: rosidl_typesupport_fastrtps_cpp;rosidl_typesupport_introspection_cpp
[1.712s] -- Found rclcpp: 16.0.8 (/opt/ros/humble/share/rclcpp/cmake)
[1.750s] -- Found rmw_implementation_cmake: 6.1.1 (/opt/ros/humble/share/rmw_implementation_cmake/cmake)
[1.752s] -- Found rmw_fastrtps_cpp: 6.2.6 (/opt/ros/humble/share/rmw_fastrtps_cpp/cmake)
[1.836s] -- Found OpenSSL: /usr/lib/x86_64-linux-gnu/libcrypto.so (found version "3.0.2")  
[1.855s] -- Found FastRTPS: /opt/ros/humble/include  
[1.885s] -- Using RMW implementation 'rmw_fastrtps_cpp' as default
[1.892s] -- Looking for pthread.h
[1.984s] -- Looking for pthread.h - found
[1.984s] -- Performing Test CMAKE_HAVE_LIBC_PTHREAD
[2.044s] -- Performing Test CMAKE_HAVE_LIBC_PTHREAD - Success
[2.045s] -- Found Threads: TRUE  
[2.132s] -- Found rclcpp_action: 16.0.8 (/opt/ros/humble/share/rclcpp_action/cmake)
[2.195s] -- Found rosidl_default_generators: 1.2.0 (/opt/ros/humble/share/rosidl_default_generators/cmake)
[2.201s] -- Found std_srvs: 4.2.3 (/opt/ros/humble/share/std_srvs/cmake)
[2.429s] -- Found ament_cmake_ros: 0.10.0 (/opt/ros/humble/share/ament_cmake_ros/cmake)
[2.652s] -- Using all available rosidl_typesupport_c: rosidl_typesupport_fastrtps_c;rosidl_typesupport_introspection_c
[2.737s] -- Using all available rosidl_typesupport_cpp: rosidl_typesupport_fastrtps_cpp;rosidl_typesupport_introspection_cpp
[2.754s] -- Found PythonInterp: /usr/bin/python3 (found suitable version "3.10.12", minimum required is "3.6") 
[2.755s] -- Found python_cmake_module: 0.10.0 (/opt/ros/humble/share/python_cmake_module/cmake)
[2.772s] -- Found PythonLibs: /usr/lib/x86_64-linux-gnu/libpython3.10.so (found suitable version "3.10.12", minimum required is "3.5") 
[2.772s] -- Using PYTHON_EXECUTABLE: /usr/bin/python3
[2.772s] -- Using PYTHON_INCLUDE_DIRS: /usr/include/python3.10
[2.772s] -- Using PYTHON_LIBRARIES: /usr/lib/x86_64-linux-gnu/libpython3.10.so
[2.788s] -- Found PythonExtra: .so  
[2.826s] -- Configuring done
[2.871s] -- Generating done
[2.874s] -- Build files have been written to: /home/gme2307/ponderadas-m6-ec/ponderada-1/meu_workspace/build/turtlesim
[2.884s] Invoked command in '/home/gme2307/ponderadas-m6-ec/ponderada-1/meu_workspace/build/turtlesim' returned '0': CMAKE_PREFIX_PATH=${CMAKE_PREFIX_PATH}:/home/gme2307/ponderadas-m6-ec/ponderada-1/meu_workspace/install/ponderada_gustavo:/opt/ros/humble /usr/bin/cmake /home/gme2307/ponderadas-m6-ec/ponderada-1/meu_workspace/src/ros_tutorials/turtlesim -DCMAKE_INSTALL_PREFIX=/home/gme2307/ponderadas-m6-ec/ponderada-1/meu_workspace/install/turtlesim
[2.885s] Invoking command in '/home/gme2307/ponderadas-m6-ec/ponderada-1/meu_workspace/build/turtlesim': CMAKE_PREFIX_PATH=${CMAKE_PREFIX_PATH}:/home/gme2307/ponderadas-m6-ec/ponderada-1/meu_workspace/install/ponderada_gustavo:/opt/ros/humble /usr/bin/cmake --build /home/gme2307/ponderadas-m6-ec/ponderada-1/meu_workspace/build/turtlesim -- -j8 -l8
[2.914s] [  1%] [34m[1mGenerating C code for ROS interfaces[0m
[2.923s] [  2%] [34m[1mGenerating C++ code for ROS interfaces[0m
[2.928s] [  2%] Built target ament_cmake_python_copy_turtlesim
[3.124s] running egg_info
[3.125s] creating turtlesim.egg-info
[3.125s] writing turtlesim.egg-info/PKG-INFO
[3.125s] writing dependency_links to turtlesim.egg-info/dependency_links.txt
[3.125s] writing top-level names to turtlesim.egg-info/top_level.txt
[3.125s] writing manifest file 'turtlesim.egg-info/SOURCES.txt'
[3.127s] reading manifest file 'turtlesim.egg-info/SOURCES.txt'
[3.127s] writing manifest file 'turtlesim.egg-info/SOURCES.txt'
[3.150s] [  2%] Built target ament_cmake_python_build_turtlesim_egg
[3.674s] [  2%] Built target turtlesim__cpp
[3.687s] [  3%] [34m[1mGenerating C++ type support dispatch for ROS interfaces[0m
[3.702s] [  4%] [34m[1mGenerating C++ type support for eProsima Fast-RTPS[0m
[3.704s] [  5%] [34m[1mGenerating C++ introspection for ROS interfaces[0m
[3.748s] [  8%] [32mBuilding C object CMakeFiles/turtlesim__rosidl_generator_c.dir/rosidl_generator_c/turtlesim/action/detail/rotate_absolute__functions.c.o[0m
[3.749s] [  8%] [32mBuilding C object CMakeFiles/turtlesim__rosidl_generator_c.dir/rosidl_generator_c/turtlesim/msg/detail/pose__functions.c.o[0m
[3.750s] [  8%] [32mBuilding C object CMakeFiles/turtlesim__rosidl_generator_c.dir/rosidl_generator_c/turtlesim/srv/detail/set_pen__functions.c.o[0m
[3.750s] [ 10%] [32mBuilding C object CMakeFiles/turtlesim__rosidl_generator_c.dir/rosidl_generator_c/turtlesim/srv/detail/kill__functions.c.o[0m
[3.751s] [ 10%] [32mBuilding C object CMakeFiles/turtlesim__rosidl_generator_c.dir/rosidl_generator_c/turtlesim/msg/detail/color__functions.c.o[0m
[3.882s] [ 11%] [32mBuilding C object CMakeFiles/turtlesim__rosidl_generator_c.dir/rosidl_generator_c/turtlesim/srv/detail/spawn__functions.c.o[0m
[3.890s] [ 12%] [32mBuilding C object CMakeFiles/turtlesim__rosidl_generator_c.dir/rosidl_generator_c/turtlesim/srv/detail/teleport_absolute__functions.c.o[0m
[3.891s] [ 13%] [32mBuilding C object CMakeFiles/turtlesim__rosidl_generator_c.dir/rosidl_generator_c/turtlesim/srv/detail/teleport_relative__functions.c.o[0m
[3.965s] [ 14%] [32m[1mLinking C shared library libturtlesim__rosidl_generator_c.so[0m
[4.009s] [ 14%] Built target turtlesim__rosidl_generator_c
[4.020s] [ 15%] [34m[1mGenerating C type support for eProsima Fast-RTPS[0m
[4.020s] [ 16%] [34m[1mGenerating C introspection for ROS interfaces[0m
[4.020s] [ 17%] [34m[1mGenerating C type support dispatch for ROS interfaces[0m
[4.411s] [ 20%] [32mBuilding CXX object CMakeFiles/turtlesim__rosidl_typesupport_cpp.dir/rosidl_typesupport_cpp/turtlesim/msg/color__type_support.cpp.o[0m
[4.411s] [ 20%] [32mBuilding CXX object CMakeFiles/turtlesim__rosidl_typesupport_cpp.dir/rosidl_typesupport_cpp/turtlesim/msg/pose__type_support.cpp.o[0m
[4.411s] [ 20%] [32mBuilding CXX object CMakeFiles/turtlesim__rosidl_typesupport_cpp.dir/rosidl_typesupport_cpp/turtlesim/action/rotate_absolute__type_support.cpp.o[0m
[4.679s] [ 21%] [32mBuilding CXX object CMakeFiles/turtlesim__rosidl_typesupport_fastrtps_cpp.dir/rosidl_typesupport_fastrtps_cpp/turtlesim/action/detail/dds_fastrtps/rotate_absolute__type_support.cpp.o[0m
[4.788s] [ 22%] [32mBuilding CXX object CMakeFiles/turtlesim__rosidl_typesupport_introspection_cpp.dir/rosidl_typesupport_introspection_cpp/turtlesim/action/detail/rotate_absolute__type_support.cpp.o[0m
[4.894s] [ 23%] [32mBuilding CXX object CMakeFiles/turtlesim__rosidl_typesupport_c.dir/rosidl_typesupport_c/turtlesim/action/rotate_absolute__type_support.cpp.o[0m
[5.003s] [ 24%] [32mBuilding CXX object CMakeFiles/turtlesim__rosidl_typesupport_c.dir/rosidl_typesupport_c/turtlesim/msg/color__type_support.cpp.o[0m
[5.018s] [ 25%] [32mBuilding CXX object CMakeFiles/turtlesim__rosidl_typesupport_cpp.dir/rosidl_typesupport_cpp/turtlesim/srv/kill__type_support.cpp.o[0m
[5.018s] [ 26%] [32mBuilding CXX object CMakeFiles/turtlesim__rosidl_typesupport_cpp.dir/rosidl_typesupport_cpp/turtlesim/srv/set_pen__type_support.cpp.o[0m
[5.039s] [ 27%] [32mBuilding CXX object CMakeFiles/turtlesim__rosidl_typesupport_fastrtps_c.dir/rosidl_typesupport_fastrtps_c/turtlesim/action/detail/rotate_absolute__type_support_c.cpp.o[0m
[5.052s] [ 28%] [32mBuilding CXX object CMakeFiles/turtlesim__rosidl_typesupport_c.dir/rosidl_typesupport_c/turtlesim/msg/pose__type_support.cpp.o[0m
[5.107s] [ 29%] [32mBuilding CXX object CMakeFiles/turtlesim__rosidl_typesupport_c.dir/rosidl_typesupport_c/turtlesim/srv/kill__type_support.cpp.o[0m
[5.152s] [ 30%] [32mBuilding CXX object CMakeFiles/turtlesim__rosidl_typesupport_c.dir/rosidl_typesupport_c/turtlesim/srv/set_pen__type_support.cpp.o[0m
[5.210s] [ 31%] [32mBuilding CXX object CMakeFiles/turtlesim__rosidl_typesupport_c.dir/rosidl_typesupport_c/turtlesim/srv/spawn__type_support.cpp.o[0m
[5.259s] [ 32%] [32mBuilding CXX object CMakeFiles/turtlesim__rosidl_typesupport_c.dir/rosidl_typesupport_c/turtlesim/srv/teleport_absolute__type_support.cpp.o[0m
[5.261s] [ 33%] [32mBuilding CXX object CMakeFiles/turtlesim__rosidl_typesupport_cpp.dir/rosidl_typesupport_cpp/turtlesim/srv/spawn__type_support.cpp.o[0m
[5.304s] [ 34%] [32mBuilding CXX object CMakeFiles/turtlesim__rosidl_typesupport_c.dir/rosidl_typesupport_c/turtlesim/srv/teleport_relative__type_support.cpp.o[0m
[5.348s] [ 35%] [32m[1mLinking CXX shared library libturtlesim__rosidl_typesupport_c.so[0m
[5.363s] [ 36%] [32mBuilding C object CMakeFiles/turtlesim__rosidl_typesupport_introspection_c.dir/rosidl_typesupport_introspection_c/turtlesim/action/detail/rotate_absolute__type_support.c.o[0m
[5.408s] [ 37%] [32mBuilding C object CMakeFiles/turtlesim__rosidl_typesupport_introspection_c.dir/rosidl_typesupport_introspection_c/turtlesim/msg/detail/color__type_support.c.o[0m
[5.423s] [ 37%] Built target turtlesim__rosidl_typesupport_c
[5.434s] [ 39%] [32mBuilding CXX object CMakeFiles/turtlesim__rosidl_typesupport_introspection_cpp.dir/rosidl_typesupport_introspection_cpp/turtlesim/msg/detail/color__type_support.cpp.o[0m
[5.435s] [ 39%] [32mBuilding CXX object CMakeFiles/turtlesim__rosidl_typesupport_cpp.dir/rosidl_typesupport_cpp/turtlesim/srv/teleport_absolute__type_support.cpp.o[0m
[5.451s] [ 40%] [32mBuilding C object CMakeFiles/turtlesim__rosidl_typesupport_introspection_c.dir/rosidl_typesupport_introspection_c/turtlesim/msg/detail/pose__type_support.c.o[0m
[5.457s] [ 41%] [32mBuilding CXX object CMakeFiles/turtlesim__rosidl_typesupport_introspection_cpp.dir/rosidl_typesupport_introspection_cpp/turtlesim/msg/detail/pose__type_support.cpp.o[0m
[5.497s] [ 42%] [32mBuilding C object CMakeFiles/turtlesim__rosidl_typesupport_introspection_c.dir/rosidl_typesupport_introspection_c/turtlesim/srv/detail/kill__type_support.c.o[0m
[5.537s] [ 43%] [32mBuilding C object CMakeFiles/turtlesim__rosidl_typesupport_introspection_c.dir/rosidl_typesupport_introspection_c/turtlesim/srv/detail/set_pen__type_support.c.o[0m
[5.588s] [ 44%] [32mBuilding C object CMakeFiles/turtlesim__rosidl_typesupport_introspection_c.dir/rosidl_typesupport_introspection_c/turtlesim/srv/detail/spawn__type_support.c.o[0m
[5.589s] [ 45%] [32mBuilding CXX object CMakeFiles/turtlesim__rosidl_typesupport_fastrtps_c.dir/rosidl_typesupport_fastrtps_c/turtlesim/msg/detail/color__type_support_c.cpp.o[0m
[5.633s] [ 46%] [32mBuilding CXX object CMakeFiles/turtlesim__rosidl_typesupport_cpp.dir/rosidl_typesupport_cpp/turtlesim/srv/teleport_relative__type_support.cpp.o[0m
[5.637s] [ 47%] [32mBuilding CXX object CMakeFiles/turtlesim__rosidl_typesupport_fastrtps_cpp.dir/rosidl_typesupport_fastrtps_cpp/turtlesim/msg/detail/dds_fastrtps/color__type_support.cpp.o[0m
[5.638s] [ 48%] [32mBuilding C object CMakeFiles/turtlesim__rosidl_typesupport_introspection_c.dir/rosidl_typesupport_introspection_c/turtlesim/srv/detail/teleport_absolute__type_support.c.o[0m
[5.691s] [ 49%] [32mBuilding C object CMakeFiles/turtlesim__rosidl_typesupport_introspection_c.dir/rosidl_typesupport_introspection_c/turtlesim/srv/detail/teleport_relative__type_support.c.o[0m
[5.714s] [ 50%] [32mBuilding CXX object CMakeFiles/turtlesim__rosidl_typesupport_fastrtps_cpp.dir/rosidl_typesupport_fastrtps_cpp/turtlesim/msg/detail/dds_fastrtps/pose__type_support.cpp.o[0m
[5.743s] [ 51%] [32m[1mLinking C shared library libturtlesim__rosidl_typesupport_introspection_c.so[0m
[5.815s] [ 51%] Built target turtlesim__rosidl_typesupport_introspection_c
[5.825s] [ 52%] [32mBuilding CXX object CMakeFiles/turtlesim__rosidl_typesupport_fastrtps_cpp.dir/rosidl_typesupport_fastrtps_cpp/turtlesim/srv/detail/dds_fastrtps/kill__type_support.cpp.o[0m
[5.827s] [ 53%] [32mBuilding CXX object CMakeFiles/turtlesim__rosidl_typesupport_introspection_cpp.dir/rosidl_typesupport_introspection_cpp/turtlesim/srv/detail/kill__type_support.cpp.o[0m
[5.990s] [ 54%] [32mBuilding CXX object CMakeFiles/turtlesim__rosidl_typesupport_introspection_cpp.dir/rosidl_typesupport_introspection_cpp/turtlesim/srv/detail/set_pen__type_support.cpp.o[0m
[5.993s] [ 55%] [32mBuilding CXX object CMakeFiles/turtlesim__rosidl_typesupport_introspection_cpp.dir/rosidl_typesupport_introspection_cpp/turtlesim/srv/detail/spawn__type_support.cpp.o[0m
[6.004s] [ 56%] [32m[1mLinking CXX shared library libturtlesim__rosidl_typesupport_cpp.so[0m
[6.068s] [ 57%] [32mBuilding CXX object CMakeFiles/turtlesim__rosidl_typesupport_fastrtps_c.dir/rosidl_typesupport_fastrtps_c/turtlesim/msg/detail/pose__type_support_c.cpp.o[0m
[6.070s] [ 57%] Built target turtlesim__rosidl_typesupport_cpp
[6.081s] [ 58%] [32mBuilding CXX object CMakeFiles/turtlesim__rosidl_typesupport_introspection_cpp.dir/rosidl_typesupport_introspection_cpp/turtlesim/srv/detail/teleport_absolute__type_support.cpp.o[0m
[6.172s] [ 59%] [32mBuilding CXX object CMakeFiles/turtlesim__rosidl_typesupport_fastrtps_cpp.dir/rosidl_typesupport_fastrtps_cpp/turtlesim/srv/detail/dds_fastrtps/set_pen__type_support.cpp.o[0m
[6.282s] [ 60%] [32mBuilding CXX object CMakeFiles/turtlesim__rosidl_typesupport_fastrtps_cpp.dir/rosidl_typesupport_fastrtps_cpp/turtlesim/srv/detail/dds_fastrtps/spawn__type_support.cpp.o[0m
[6.359s] [ 61%] [32mBuilding CXX object CMakeFiles/turtlesim__rosidl_typesupport_introspection_cpp.dir/rosidl_typesupport_introspection_cpp/turtlesim/srv/detail/teleport_relative__type_support.cpp.o[0m
[6.421s] [ 62%] [32mBuilding CXX object CMakeFiles/turtlesim__rosidl_typesupport_fastrtps_cpp.dir/rosidl_typesupport_fastrtps_cpp/turtlesim/srv/detail/dds_fastrtps/teleport_absolute__type_support.cpp.o[0m
[6.531s] [ 63%] [32mBuilding CXX object CMakeFiles/turtlesim__rosidl_typesupport_fastrtps_c.dir/rosidl_typesupport_fastrtps_c/turtlesim/srv/detail/kill__type_support_c.cpp.o[0m
[6.535s] [ 64%] [32mBuilding CXX object CMakeFiles/turtlesim__rosidl_typesupport_fastrtps_cpp.dir/rosidl_typesupport_fastrtps_cpp/turtlesim/srv/detail/dds_fastrtps/teleport_relative__type_support.cpp.o[0m
[6.562s] [ 65%] [32mBuilding CXX object CMakeFiles/turtlesim__rosidl_typesupport_fastrtps_c.dir/rosidl_typesupport_fastrtps_c/turtlesim/srv/detail/set_pen__type_support_c.cpp.o[0m
[6.608s] [ 66%] [32mBuilding CXX object CMakeFiles/turtlesim__rosidl_typesupport_fastrtps_c.dir/rosidl_typesupport_fastrtps_c/turtlesim/srv/detail/spawn__type_support_c.cpp.o[0m
[6.749s] [ 67%] [32mBuilding CXX object CMakeFiles/turtlesim__rosidl_typesupport_fastrtps_c.dir/rosidl_typesupport_fastrtps_c/turtlesim/srv/detail/teleport_absolute__type_support_c.cpp.o[0m
[6.849s] [ 68%] [32mBuilding CXX object CMakeFiles/turtlesim__rosidl_typesupport_fastrtps_c.dir/rosidl_typesupport_fastrtps_c/turtlesim/srv/detail/teleport_relative__type_support_c.cpp.o[0m
[6.883s] [ 69%] [32m[1mLinking CXX shared library libturtlesim__rosidl_typesupport_introspection_cpp.so[0m
[7.004s] [ 69%] Built target turtlesim__rosidl_typesupport_introspection_cpp
[7.010s] [ 70%] [34m[1mGenerating include/turtlesim/moc_turtle_frame.cpp[0m
[7.033s] [ 71%] [32mBuilding CXX object CMakeFiles/turtle_teleop_key.dir/tutorials/teleop_turtle_key.cpp.o[0m
[7.049s] [ 72%] [32mBuilding CXX object CMakeFiles/draw_square.dir/tutorials/draw_square.cpp.o[0m
[7.084s] [ 73%] [32mBuilding CXX object CMakeFiles/mimic.dir/tutorials/mimic.cpp.o[0m
[7.114s] [ 74%] [32m[1mLinking CXX shared library libturtlesim__rosidl_typesupport_fastrtps_cpp.so[0m
[7.220s] [ 74%] Built target turtlesim__rosidl_typesupport_fastrtps_cpp
[7.266s] [ 75%] [32m[1mLinking CXX shared library libturtlesim__rosidl_typesupport_fastrtps_c.so[0m
[7.281s] [ 78%] [32mBuilding CXX object CMakeFiles/turtlesim_node.dir/src/turtle.cpp.o[0m
[7.281s] [ 78%] [32mBuilding CXX object CMakeFiles/turtlesim_node.dir/src/turtlesim.cpp.o[0m
[7.281s] [ 78%] [32mBuilding CXX object CMakeFiles/turtlesim_node.dir/src/turtle_frame.cpp.o[0m
[7.281s] [ 79%] [32mBuilding CXX object CMakeFiles/turtlesim_node.dir/include/turtlesim/moc_turtle_frame.cpp.o[0m
[7.365s] [ 79%] Built target turtlesim__rosidl_typesupport_fastrtps_c
[7.386s] [ 79%] Built target turtlesim
[7.406s] [ 80%] [34m[1mGenerating Python code for ROS interfaces[0m
[10.431s] [ 80%] Built target turtlesim__py
[10.458s] [ 81%] [32mBuilding C object CMakeFiles/turtlesim__rosidl_generator_py.dir/rosidl_generator_py/turtlesim/action/_rotate_absolute_s.c.o[0m
[10.785s] [ 82%] [32mBuilding C object CMakeFiles/turtlesim__rosidl_generator_py.dir/rosidl_generator_py/turtlesim/msg/_color_s.c.o[0m
[10.941s] [ 83%] [32mBuilding C object CMakeFiles/turtlesim__rosidl_generator_py.dir/rosidl_generator_py/turtlesim/msg/_pose_s.c.o[0m
[11.097s] [ 84%] [32mBuilding C object CMakeFiles/turtlesim__rosidl_generator_py.dir/rosidl_generator_py/turtlesim/srv/_kill_s.c.o[0m
[11.261s] [ 85%] [32mBuilding C object CMakeFiles/turtlesim__rosidl_generator_py.dir/rosidl_generator_py/turtlesim/srv/_set_pen_s.c.o[0m
[11.431s] [ 86%] [32mBuilding C object CMakeFiles/turtlesim__rosidl_generator_py.dir/rosidl_generator_py/turtlesim/srv/_spawn_s.c.o[0m
[11.600s] [ 87%] [32mBuilding C object CMakeFiles/turtlesim__rosidl_generator_py.dir/rosidl_generator_py/turtlesim/srv/_teleport_absolute_s.c.o[0m
[11.761s] [ 88%] [32mBuilding C object CMakeFiles/turtlesim__rosidl_generator_py.dir/rosidl_generator_py/turtlesim/srv/_teleport_relative_s.c.o[0m
[11.920s] [ 89%] [32m[1mLinking C shared library rosidl_generator_py/turtlesim/libturtlesim__rosidl_generator_py.so[0m
[11.991s] [ 89%] Built target turtlesim__rosidl_generator_py
[12.019s] [ 90%] [32mBuilding C object CMakeFiles/turtlesim__rosidl_typesupport_fastrtps_c__pyext.dir/rosidl_generator_py/turtlesim/_turtlesim_s.ep.rosidl_typesupport_fastrtps_c.c.o[0m
[12.258s] [ 91%] [32m[1mLinking C shared library rosidl_generator_py/turtlesim/turtlesim_s__rosidl_typesupport_fastrtps_c.cpython-310-x86_64-linux-gnu.so[0m
[12.316s] [ 91%] Built target turtlesim__rosidl_typesupport_fastrtps_c__pyext
[12.344s] [ 92%] [32mBuilding C object CMakeFiles/turtlesim__rosidl_typesupport_introspection_c__pyext.dir/rosidl_generator_py/turtlesim/_turtlesim_s.ep.rosidl_typesupport_introspection_c.c.o[0m
[12.593s] [ 93%] [32m[1mLinking C shared library rosidl_generator_py/turtlesim/turtlesim_s__rosidl_typesupport_introspection_c.cpython-310-x86_64-linux-gnu.so[0m
[12.646s] [ 93%] Built target turtlesim__rosidl_typesupport_introspection_c__pyext
[12.676s] [ 94%] [32mBuilding C object CMakeFiles/turtlesim__rosidl_typesupport_c__pyext.dir/rosidl_generator_py/turtlesim/_turtlesim_s.ep.rosidl_typesupport_c.c.o[0m
[12.917s] [ 95%] [32m[1mLinking C shared library rosidl_generator_py/turtlesim/turtlesim_s__rosidl_typesupport_c.cpython-310-x86_64-linux-gnu.so[0m
[12.977s] [ 95%] Built target turtlesim__rosidl_typesupport_c__pyext
[15.972s] [ 96%] [32m[1mLinking CXX executable turtle_teleop_key[0m
[16.446s] [ 96%] Built target turtle_teleop_key
[19.388s] [ 97%] [32m[1mLinking CXX executable mimic[0m
[19.758s] [ 97%] Built target mimic
[20.379s] [ 98%] [32m[1mLinking CXX executable draw_square[0m
[20.777s] [ 98%] Built target draw_square
[22.816s] [100%] [32m[1mLinking CXX executable turtlesim_node[0m
[24.565s] [100%] Built target turtlesim_node
[24.574s] Invoked command in '/home/gme2307/ponderadas-m6-ec/ponderada-1/meu_workspace/build/turtlesim' returned '0': CMAKE_PREFIX_PATH=${CMAKE_PREFIX_PATH}:/home/gme2307/ponderadas-m6-ec/ponderada-1/meu_workspace/install/ponderada_gustavo:/opt/ros/humble /usr/bin/cmake --build /home/gme2307/ponderadas-m6-ec/ponderada-1/meu_workspace/build/turtlesim -- -j8 -l8
[24.740s] Invoking command in '/home/gme2307/ponderadas-m6-ec/ponderada-1/meu_workspace/build/turtlesim': CMAKE_PREFIX_PATH=${CMAKE_PREFIX_PATH}:/home/gme2307/ponderadas-m6-ec/ponderada-1/meu_workspace/install/ponderada_gustavo:/opt/ros/humble /usr/bin/cmake --install /home/gme2307/ponderadas-m6-ec/ponderada-1/meu_workspace/build/turtlesim
[24.746s] -- Install configuration: ""
[24.746s] -- Installing: /home/gme2307/ponderadas-m6-ec/ponderada-1/meu_workspace/install/turtlesim/share/ament_index/resource_index/rosidl_interfaces/turtlesim
[24.746s] -- Up-to-date: /home/gme2307/ponderadas-m6-ec/ponderada-1/meu_workspace/install/turtlesim/include/turtlesim/turtlesim
[24.746s] -- Up-to-date: /home/gme2307/ponderadas-m6-ec/ponderada-1/meu_workspace/install/turtlesim/include/turtlesim/turtlesim/srv
[24.746s] -- Installing: /home/gme2307/ponderadas-m6-ec/ponderada-1/meu_workspace/install/turtlesim/include/turtlesim/turtlesim/srv/spawn.h
[24.746s] -- Installing: /home/gme2307/ponderadas-m6-ec/ponderada-1/meu_workspace/install/turtlesim/include/turtlesim/turtlesim/srv/teleport_absolute.h
[24.746s] -- Installing: /home/gme2307/ponderadas-m6-ec/ponderada-1/meu_workspace/install/turtlesim/include/turtlesim/turtlesim/srv/kill.h
[24.747s] -- Installing: /home/gme2307/ponderadas-m6-ec/ponderada-1/meu_workspace/install/turtlesim/include/turtlesim/turtlesim/srv/teleport_relative.h
[24.747s] -- Up-to-date: /home/gme2307/ponderadas-m6-ec/ponderada-1/meu_workspace/install/turtlesim/include/turtlesim/turtlesim/srv/detail
[24.747s] -- Installing: /home/gme2307/ponderadas-m6-ec/ponderada-1/meu_workspace/install/turtlesim/include/turtlesim/turtlesim/srv/detail/set_pen__functions.c
[24.747s] -- Installing: /home/gme2307/ponderadas-m6-ec/ponderada-1/meu_workspace/install/turtlesim/include/turtlesim/turtlesim/srv/detail/set_pen__functions.h
[24.747s] -- Installing: /home/gme2307/ponderadas-m6-ec/ponderada-1/meu_workspace/install/turtlesim/include/turtlesim/turtlesim/srv/detail/kill__struct.h
[24.747s] -- Installing: /home/gme2307/ponderadas-m6-ec/ponderada-1/meu_workspace/install/turtlesim/include/turtlesim/turtlesim/srv/detail/kill__functions.c
[24.747s] -- Installing: /home/gme2307/ponderadas-m6-ec/ponderada-1/meu_workspace/install/turtlesim/include/turtlesim/turtlesim/srv/detail/set_pen__type_support.h
[24.747s] -- Installing: /home/gme2307/ponderadas-m6-ec/ponderada-1/meu_workspace/install/turtlesim/include/turtlesim/turtlesim/srv/detail/teleport_relative__type_support.h
[24.747s] -- Installing: /home/gme2307/ponderadas-m6-ec/ponderada-1/meu_workspace/install/turtlesim/include/turtlesim/turtlesim/srv/detail/teleport_absolute__struct.h
[24.747s] -- Installing: /home/gme2307/ponderadas-m6-ec/ponderada-1/meu_workspace/install/turtlesim/include/turtlesim/turtlesim/srv/detail/teleport_absolute__functions.h
[24.747s] -- Installing: /home/gme2307/ponderadas-m6-ec/ponderada-1/meu_workspace/install/turtlesim/include/turtlesim/turtlesim/srv/detail/spawn__functions.h
[24.747s] -- Installing: /home/gme2307/ponderadas-m6-ec/ponderada-1/meu_workspace/install/turtlesim/include/turtlesim/turtlesim/srv/detail/set_pen__struct.h
[24.747s] -- Installing: /home/gme2307/ponderadas-m6-ec/ponderada-1/meu_workspace/install/turtlesim/include/turtlesim/turtlesim/srv/detail/teleport_relative__functions.h
[24.748s] -- Installing: /home/gme2307/ponderadas-m6-ec/ponderada-1/meu_workspace/install/turtlesim/include/turtlesim/turtlesim/srv/detail/teleport_relative__functions.c
[24.748s] -- Installing: /home/gme2307/ponderadas-m6-ec/ponderada-1/meu_workspace/install/turtlesim/include/turtlesim/turtlesim/srv/detail/teleport_absolute__functions.c
[24.748s] -- Installing: /home/gme2307/ponderadas-m6-ec/ponderada-1/meu_workspace/install/turtlesim/include/turtlesim/turtlesim/srv/detail/kill__type_support.h
[24.748s] -- Installing: /home/gme2307/ponderadas-m6-ec/ponderada-1/meu_workspace/install/turtlesim/include/turtlesim/turtlesim/srv/detail/spawn__functions.c
[24.748s] -- Installing: /home/gme2307/ponderadas-m6-ec/ponderada-1/meu_workspace/install/turtlesim/include/turtlesim/turtlesim/srv/detail/spawn__struct.h
[24.748s] -- Installing: /home/gme2307/ponderadas-m6-ec/ponderada-1/meu_workspace/install/turtlesim/include/turtlesim/turtlesim/srv/detail/teleport_relative__struct.h
[24.748s] -- Installing: /home/gme2307/ponderadas-m6-ec/ponderada-1/meu_workspace/install/turtlesim/include/turtlesim/turtlesim/srv/detail/spawn__type_support.h
[24.748s] -- Installing: /home/gme2307/ponderadas-m6-ec/ponderada-1/meu_workspace/install/turtlesim/include/turtlesim/turtlesim/srv/detail/teleport_absolute__type_support.h
[24.748s] -- Installing: /home/gme2307/ponderadas-m6-ec/ponderada-1/meu_workspace/install/turtlesim/include/turtlesim/turtlesim/srv/detail/kill__functions.h
[24.748s] -- Installing: /home/gme2307/ponderadas-m6-ec/ponderada-1/meu_workspace/install/turtlesim/include/turtlesim/turtlesim/srv/set_pen.h
[24.748s] -- Up-to-date: /home/gme2307/ponderadas-m6-ec/ponderada-1/meu_workspace/install/turtlesim/include/turtlesim/turtlesim/msg
[24.748s] -- Installing: /home/gme2307/ponderadas-m6-ec/ponderada-1/meu_workspace/install/turtlesim/include/turtlesim/turtlesim/msg/color.h
[24.749s] -- Installing: /home/gme2307/ponderadas-m6-ec/ponderada-1/meu_workspace/install/turtlesim/include/turtlesim/turtlesim/msg/pose.h
[24.749s] -- Up-to-date: /home/gme2307/ponderadas-m6-ec/ponderada-1/meu_workspace/install/turtlesim/include/turtlesim/turtlesim/msg/detail
[24.749s] -- Installing: /home/gme2307/ponderadas-m6-ec/ponderada-1/meu_workspace/install/turtlesim/include/turtlesim/turtlesim/msg/detail/color__functions.h
[24.749s] -- Installing: /home/gme2307/ponderadas-m6-ec/ponderada-1/meu_workspace/install/turtlesim/include/turtlesim/turtlesim/msg/detail/color__struct.h
[24.749s] -- Installing: /home/gme2307/ponderadas-m6-ec/ponderada-1/meu_workspace/install/turtlesim/include/turtlesim/turtlesim/msg/detail/pose__struct.h
[24.749s] -- Installing: /home/gme2307/ponderadas-m6-ec/ponderada-1/meu_workspace/install/turtlesim/include/turtlesim/turtlesim/msg/detail/color__functions.c
[24.749s] -- Installing: /home/gme2307/ponderadas-m6-ec/ponderada-1/meu_workspace/install/turtlesim/include/turtlesim/turtlesim/msg/detail/pose__functions.h
[24.749s] -- Installing: /home/gme2307/ponderadas-m6-ec/ponderada-1/meu_workspace/install/turtlesim/include/turtlesim/turtlesim/msg/detail/pose__functions.c
[24.749s] -- Installing: /home/gme2307/ponderadas-m6-ec/ponderada-1/meu_workspace/install/turtlesim/include/turtlesim/turtlesim/msg/detail/pose__type_support.h
[24.749s] -- Installing: /home/gme2307/ponderadas-m6-ec/ponderada-1/meu_workspace/install/turtlesim/include/turtlesim/turtlesim/msg/detail/color__type_support.h
[24.750s] -- Installing: /home/gme2307/ponderadas-m6-ec/ponderada-1/meu_workspace/install/turtlesim/include/turtlesim/turtlesim/msg/rosidl_generator_c__visibility_control.h
[24.750s] -- Up-to-date: /home/gme2307/ponderadas-m6-ec/ponderada-1/meu_workspace/install/turtlesim/include/turtlesim/turtlesim/action
[24.750s] -- Installing: /home/gme2307/ponderadas-m6-ec/ponderada-1/meu_workspace/install/turtlesim/include/turtlesim/turtlesim/action/rotate_absolute.h
[24.750s] -- Up-to-date: /home/gme2307/ponderadas-m6-ec/ponderada-1/meu_workspace/install/turtlesim/include/turtlesim/turtlesim/action/detail
[24.750s] -- Installing: /home/gme2307/ponderadas-m6-ec/ponderada-1/meu_workspace/install/turtlesim/include/turtlesim/turtlesim/action/detail/rotate_absolute__functions.c
[24.750s] -- Installing: /home/gme2307/ponderadas-m6-ec/ponderada-1/meu_workspace/install/turtlesim/include/turtlesim/turtlesim/action/detail/rotate_absolute__type_support.h
[24.750s] -- Installing: /home/gme2307/ponderadas-m6-ec/ponderada-1/meu_workspace/install/turtlesim/include/turtlesim/turtlesim/action/detail/rotate_absolute__struct.h
[24.750s] -- Installing: /home/gme2307/ponderadas-m6-ec/ponderada-1/meu_workspace/install/turtlesim/include/turtlesim/turtlesim/action/detail/rotate_absolute__functions.h
[24.750s] -- Up-to-date: /home/gme2307/ponderadas-m6-ec/ponderada-1/meu_workspace/install/turtlesim/share/turtlesim/environment/library_path.sh
[24.750s] -- Installing: /home/gme2307/ponderadas-m6-ec/ponderada-1/meu_workspace/install/turtlesim/share/turtlesim/environment/library_path.dsv
[24.750s] -- Installing: /home/gme2307/ponderadas-m6-ec/ponderada-1/meu_workspace/install/turtlesim/lib/libturtlesim__rosidl_generator_c.so
[24.751s] -- Set runtime path of "/home/gme2307/ponderadas-m6-ec/ponderada-1/meu_workspace/install/turtlesim/lib/libturtlesim__rosidl_generator_c.so" to ""
[24.751s] -- Up-to-date: /home/gme2307/ponderadas-m6-ec/ponderada-1/meu_workspace/install/turtlesim/include/turtlesim/turtlesim
[24.751s] -- Up-to-date: /home/gme2307/ponderadas-m6-ec/ponderada-1/meu_workspace/install/turtlesim/include/turtlesim/turtlesim/srv
[24.751s] -- Up-to-date: /home/gme2307/ponderadas-m6-ec/ponderada-1/meu_workspace/install/turtlesim/include/turtlesim/turtlesim/srv/detail
[24.751s] -- Installing: /home/gme2307/ponderadas-m6-ec/ponderada-1/meu_workspace/install/turtlesim/include/turtlesim/turtlesim/srv/detail/spawn__rosidl_typesupport_fastrtps_c.h
[24.751s] -- Installing: /home/gme2307/ponderadas-m6-ec/ponderada-1/meu_workspace/install/turtlesim/include/turtlesim/turtlesim/srv/detail/kill__rosidl_typesupport_fastrtps_c.h
[24.751s] -- Installing: /home/gme2307/ponderadas-m6-ec/ponderada-1/meu_workspace/install/turtlesim/include/turtlesim/turtlesim/srv/detail/set_pen__rosidl_typesupport_fastrtps_c.h
[24.751s] -- Installing: /home/gme2307/ponderadas-m6-ec/ponderada-1/meu_workspace/install/turtlesim/include/turtlesim/turtlesim/srv/detail/teleport_absolute__rosidl_typesupport_fastrtps_c.h
[24.751s] -- Installing: /home/gme2307/ponderadas-m6-ec/ponderada-1/meu_workspace/install/turtlesim/include/turtlesim/turtlesim/srv/detail/teleport_relative__rosidl_typesupport_fastrtps_c.h
[24.751s] -- Up-to-date: /home/gme2307/ponderadas-m6-ec/ponderada-1/meu_workspace/install/turtlesim/include/turtlesim/turtlesim/msg
[24.751s] -- Up-to-date: /home/gme2307/ponderadas-m6-ec/ponderada-1/meu_workspace/install/turtlesim/include/turtlesim/turtlesim/msg/detail
[24.751s] -- Installing: /home/gme2307/ponderadas-m6-ec/ponderada-1/meu_workspace/install/turtlesim/include/turtlesim/turtlesim/msg/detail/color__rosidl_typesupport_fastrtps_c.h
[24.751s] -- Installing: /home/gme2307/ponderadas-m6-ec/ponderada-1/meu_workspace/install/turtlesim/include/turtlesim/turtlesim/msg/detail/pose__rosidl_typesupport_fastrtps_c.h
[24.751s] -- Installing: /home/gme2307/ponderadas-m6-ec/ponderada-1/meu_workspace/install/turtlesim/include/turtlesim/turtlesim/msg/rosidl_typesupport_fastrtps_c__visibility_control.h
[24.751s] -- Up-to-date: /home/gme2307/ponderadas-m6-ec/ponderada-1/meu_workspace/install/turtlesim/include/turtlesim/turtlesim/action
[24.752s] -- Up-to-date: /home/gme2307/ponderadas-m6-ec/ponderada-1/meu_workspace/install/turtlesim/include/turtlesim/turtlesim/action/detail
[24.752s] -- Installing: /home/gme2307/ponderadas-m6-ec/ponderada-1/meu_workspace/install/turtlesim/include/turtlesim/turtlesim/action/detail/rotate_absolute__rosidl_typesupport_fastrtps_c.h
[24.752s] -- Installing: /home/gme2307/ponderadas-m6-ec/ponderada-1/meu_workspace/install/turtlesim/lib/libturtlesim__rosidl_typesupport_fastrtps_c.so
[24.752s] -- Set runtime path of "/home/gme2307/ponderadas-m6-ec/ponderada-1/meu_workspace/install/turtlesim/lib/libturtlesim__rosidl_typesupport_fastrtps_c.so" to ""
[24.752s] -- Up-to-date: /home/gme2307/ponderadas-m6-ec/ponderada-1/meu_workspace/install/turtlesim/include/turtlesim/turtlesim
[24.752s] -- Up-to-date: /home/gme2307/ponderadas-m6-ec/ponderada-1/meu_workspace/install/turtlesim/include/turtlesim/turtlesim/srv
[24.752s] -- Installing: /home/gme2307/ponderadas-m6-ec/ponderada-1/meu_workspace/install/turtlesim/include/turtlesim/turtlesim/srv/teleport_absolute.hpp
[24.752s] -- Installing: /home/gme2307/ponderadas-m6-ec/ponderada-1/meu_workspace/install/turtlesim/include/turtlesim/turtlesim/srv/kill.hpp
[24.752s] -- Installing: /home/gme2307/ponderadas-m6-ec/ponderada-1/meu_workspace/install/turtlesim/include/turtlesim/turtlesim/srv/teleport_relative.hpp
[24.752s] -- Installing: /home/gme2307/ponderadas-m6-ec/ponderada-1/meu_workspace/install/turtlesim/include/turtlesim/turtlesim/srv/set_pen.hpp
[24.752s] -- Up-to-date: /home/gme2307/ponderadas-m6-ec/ponderada-1/meu_workspace/install/turtlesim/include/turtlesim/turtlesim/srv/detail
[24.752s] -- Installing: /home/gme2307/ponderadas-m6-ec/ponderada-1/meu_workspace/install/turtlesim/include/turtlesim/turtlesim/srv/detail/kill__builder.hpp
[24.753s] -- Installing: /home/gme2307/ponderadas-m6-ec/ponderada-1/meu_workspace/install/turtlesim/include/turtlesim/turtlesim/srv/detail/teleport_absolute__traits.hpp
[24.753s] -- Installing: /home/gme2307/ponderadas-m6-ec/ponderada-1/meu_workspace/install/turtlesim/include/turtlesim/turtlesim/srv/detail/set_pen__struct.hpp
[24.753s] -- Installing: /home/gme2307/ponderadas-m6-ec/ponderada-1/meu_workspace/install/turtlesim/include/turtlesim/turtlesim/srv/detail/teleport_relative__struct.hpp
[24.753s] -- Installing: /home/gme2307/ponderadas-m6-ec/ponderada-1/meu_workspace/install/turtlesim/include/turtlesim/turtlesim/srv/detail/teleport_relative__traits.hpp
[24.753s] -- Installing: /home/gme2307/ponderadas-m6-ec/ponderada-1/meu_workspace/install/turtlesim/include/turtlesim/turtlesim/srv/detail/kill__traits.hpp
[24.753s] -- Installing: /home/gme2307/ponderadas-m6-ec/ponderada-1/meu_workspace/install/turtlesim/include/turtlesim/turtlesim/srv/detail/spawn__traits.hpp
[24.753s] -- Installing: /home/gme2307/ponderadas-m6-ec/ponderada-1/meu_workspace/install/turtlesim/include/turtlesim/turtlesim/srv/detail/teleport_absolute__builder.hpp
[24.753s] -- Installing: /home/gme2307/ponderadas-m6-ec/ponderada-1/meu_workspace/install/turtlesim/include/turtlesim/turtlesim/srv/detail/teleport_relative__builder.hpp
[24.753s] -- Installing: /home/gme2307/ponderadas-m6-ec/ponderada-1/meu_workspace/install/turtlesim/include/turtlesim/turtlesim/srv/detail/teleport_absolute__struct.hpp
[24.753s] -- Installing: /home/gme2307/ponderadas-m6-ec/ponderada-1/meu_workspace/install/turtlesim/include/turtlesim/turtlesim/srv/detail/spawn__struct.hpp
[24.753s] -- Installing: /home/gme2307/ponderadas-m6-ec/ponderada-1/meu_workspace/install/turtlesim/include/turtlesim/turtlesim/srv/detail/kill__struct.hpp
[24.753s] -- Installing: /home/gme2307/ponderadas-m6-ec/ponderada-1/meu_workspace/install/turtlesim/include/turtlesim/turtlesim/srv/detail/spawn__builder.hpp
[24.754s] -- Installing: /home/gme2307/ponderadas-m6-ec/ponderada-1/meu_workspace/install/turtlesim/include/turtlesim/turtlesim/srv/detail/set_pen__builder.hpp
[24.754s] -- Installing: /home/gme2307/ponderadas-m6-ec/ponderada-1/meu_workspace/install/turtlesim/include/turtlesim/turtlesim/srv/detail/set_pen__traits.hpp
[24.754s] -- Installing: /home/gme2307/ponderadas-m6-ec/ponderada-1/meu_workspace/install/turtlesim/include/turtlesim/turtlesim/srv/spawn.hpp
[24.754s] -- Up-to-date: /home/gme2307/ponderadas-m6-ec/ponderada-1/meu_workspace/install/turtlesim/include/turtlesim/turtlesim/msg
[24.754s] -- Up-to-date: /home/gme2307/ponderadas-m6-ec/ponderada-1/meu_workspace/install/turtlesim/include/turtlesim/turtlesim/msg/detail
[24.754s] -- Installing: /home/gme2307/ponderadas-m6-ec/ponderada-1/meu_workspace/install/turtlesim/include/turtlesim/turtlesim/msg/detail/color__builder.hpp
[24.754s] -- Installing: /home/gme2307/ponderadas-m6-ec/ponderada-1/meu_workspace/install/turtlesim/include/turtlesim/turtlesim/msg/detail/pose__traits.hpp
[24.754s] -- Installing: /home/gme2307/ponderadas-m6-ec/ponderada-1/meu_workspace/install/turtlesim/include/turtlesim/turtlesim/msg/detail/pose__builder.hpp
[24.754s] -- Installing: /home/gme2307/ponderadas-m6-ec/ponderada-1/meu_workspace/install/turtlesim/include/turtlesim/turtlesim/msg/detail/pose__struct.hpp
[24.754s] -- Installing: /home/gme2307/ponderadas-m6-ec/ponderada-1/meu_workspace/install/turtlesim/include/turtlesim/turtlesim/msg/detail/color__struct.hpp
[24.754s] -- Installing: /home/gme2307/ponderadas-m6-ec/ponderada-1/meu_workspace/install/turtlesim/include/turtlesim/turtlesim/msg/detail/color__traits.hpp
[24.754s] -- Installing: /home/gme2307/ponderadas-m6-ec/ponderada-1/meu_workspace/install/turtlesim/include/turtlesim/turtlesim/msg/color.hpp
[24.754s] -- Installing: /home/gme2307/ponderadas-m6-ec/ponderada-1/meu_workspace/install/turtlesim/include/turtlesim/turtlesim/msg/pose.hpp
[24.755s] -- Up-to-date: /home/gme2307/ponderadas-m6-ec/ponderada-1/meu_workspace/install/turtlesim/include/turtlesim/turtlesim/action
[24.755s] -- Up-to-date: /home/gme2307/ponderadas-m6-ec/ponderada-1/meu_workspace/install/turtlesim/include/turtlesim/turtlesim/action/detail
[24.755s] -- Installing: /home/gme2307/ponderadas-m6-ec/ponderada-1/meu_workspace/install/turtlesim/include/turtlesim/turtlesim/action/detail/rotate_absolute__struct.hpp
[24.755s] -- Installing: /home/gme2307/ponderadas-m6-ec/ponderada-1/meu_workspace/install/turtlesim/include/turtlesim/turtlesim/action/detail/rotate_absolute__traits.hpp
[24.755s] -- Installing: /home/gme2307/ponderadas-m6-ec/ponderada-1/meu_workspace/install/turtlesim/include/turtlesim/turtlesim/action/detail/rotate_absolute__builder.hpp
[24.755s] -- Installing: /home/gme2307/ponderadas-m6-ec/ponderada-1/meu_workspace/install/turtlesim/include/turtlesim/turtlesim/action/rotate_absolute.hpp
[24.755s] -- Up-to-date: /home/gme2307/ponderadas-m6-ec/ponderada-1/meu_workspace/install/turtlesim/include/turtlesim/turtlesim
[24.755s] -- Up-to-date: /home/gme2307/ponderadas-m6-ec/ponderada-1/meu_workspace/install/turtlesim/include/turtlesim/turtlesim/srv
[24.755s] -- Up-to-date: /home/gme2307/ponderadas-m6-ec/ponderada-1/meu_workspace/install/turtlesim/include/turtlesim/turtlesim/srv/detail
[24.755s] -- Installing: /home/gme2307/ponderadas-m6-ec/ponderada-1/meu_workspace/install/turtlesim/include/turtlesim/turtlesim/srv/detail/kill__rosidl_typesupport_fastrtps_cpp.hpp
[24.755s] -- Installing: /home/gme2307/ponderadas-m6-ec/ponderada-1/meu_workspace/install/turtlesim/include/turtlesim/turtlesim/srv/detail/teleport_relative__rosidl_typesupport_fastrtps_cpp.hpp
[24.755s] -- Installing: /home/gme2307/ponderadas-m6-ec/ponderada-1/meu_workspace/install/turtlesim/include/turtlesim/turtlesim/srv/detail/spawn__rosidl_typesupport_fastrtps_cpp.hpp
[24.755s] -- Installing: /home/gme2307/ponderadas-m6-ec/ponderada-1/meu_workspace/install/turtlesim/include/turtlesim/turtlesim/srv/detail/teleport_absolute__rosidl_typesupport_fastrtps_cpp.hpp
[24.755s] -- Up-to-date: /home/gme2307/ponderadas-m6-ec/ponderada-1/meu_workspace/install/turtlesim/include/turtlesim/turtlesim/srv/detail/dds_fastrtps
[24.755s] -- Installing: /home/gme2307/ponderadas-m6-ec/ponderada-1/meu_workspace/install/turtlesim/include/turtlesim/turtlesim/srv/detail/set_pen__rosidl_typesupport_fastrtps_cpp.hpp
[24.756s] -- Up-to-date: /home/gme2307/ponderadas-m6-ec/ponderada-1/meu_workspace/install/turtlesim/include/turtlesim/turtlesim/msg
[24.756s] -- Installing: /home/gme2307/ponderadas-m6-ec/ponderada-1/meu_workspace/install/turtlesim/include/turtlesim/turtlesim/msg/rosidl_typesupport_fastrtps_cpp__visibility_control.h
[24.756s] -- Up-to-date: /home/gme2307/ponderadas-m6-ec/ponderada-1/meu_workspace/install/turtlesim/include/turtlesim/turtlesim/msg/detail
[24.756s] -- Installing: /home/gme2307/ponderadas-m6-ec/ponderada-1/meu_workspace/install/turtlesim/include/turtlesim/turtlesim/msg/detail/pose__rosidl_typesupport_fastrtps_cpp.hpp
[24.756s] -- Installing: /home/gme2307/ponderadas-m6-ec/ponderada-1/meu_workspace/install/turtlesim/include/turtlesim/turtlesim/msg/detail/color__rosidl_typesupport_fastrtps_cpp.hpp
[24.756s] -- Up-to-date: /home/gme2307/ponderadas-m6-ec/ponderada-1/meu_workspace/install/turtlesim/include/turtlesim/turtlesim/msg/detail/dds_fastrtps
[24.756s] -- Up-to-date: /home/gme2307/ponderadas-m6-ec/ponderada-1/meu_workspace/install/turtlesim/include/turtlesim/turtlesim/action
[24.756s] -- Up-to-date: /home/gme2307/ponderadas-m6-ec/ponderada-1/meu_workspace/install/turtlesim/include/turtlesim/turtlesim/action/detail
[24.756s] -- Installing: /home/gme2307/ponderadas-m6-ec/ponderada-1/meu_workspace/install/turtlesim/include/turtlesim/turtlesim/action/detail/rotate_absolute__rosidl_typesupport_fastrtps_cpp.hpp
[24.756s] -- Up-to-date: /home/gme2307/ponderadas-m6-ec/ponderada-1/meu_workspace/install/turtlesim/include/turtlesim/turtlesim/action/detail/dds_fastrtps
[24.756s] -- Installing: /home/gme2307/ponderadas-m6-ec/ponderada-1/meu_workspace/install/turtlesim/lib/libturtlesim__rosidl_typesupport_fastrtps_cpp.so
[24.756s] -- Set runtime path of "/home/gme2307/ponderadas-m6-ec/ponderada-1/meu_workspace/install/turtlesim/lib/libturtlesim__rosidl_typesupport_fastrtps_cpp.so" to ""
[24.757s] -- Up-to-date: /home/gme2307/ponderadas-m6-ec/ponderada-1/meu_workspace/install/turtlesim/include/turtlesim/turtlesim
[24.757s] -- Up-to-date: /home/gme2307/ponderadas-m6-ec/ponderada-1/meu_workspace/install/turtlesim/include/turtlesim/turtlesim/srv
[24.757s] -- Up-to-date: /home/gme2307/ponderadas-m6-ec/ponderada-1/meu_workspace/install/turtlesim/include/turtlesim/turtlesim/srv/detail
[24.757s] -- Installing: /home/gme2307/ponderadas-m6-ec/ponderada-1/meu_workspace/install/turtlesim/include/turtlesim/turtlesim/srv/detail/spawn__type_support.c
[24.757s] -- Installing: /home/gme2307/ponderadas-m6-ec/ponderada-1/meu_workspace/install/turtlesim/include/turtlesim/turtlesim/srv/detail/teleport_relative__rosidl_typesupport_introspection_c.h
[24.757s] -- Installing: /home/gme2307/ponderadas-m6-ec/ponderada-1/meu_workspace/install/turtlesim/include/turtlesim/turtlesim/srv/detail/spawn__rosidl_typesupport_introspection_c.h
[24.757s] -- Installing: /home/gme2307/ponderadas-m6-ec/ponderada-1/meu_workspace/install/turtlesim/include/turtlesim/turtlesim/srv/detail/set_pen__type_support.c
[24.757s] -- Installing: /home/gme2307/ponderadas-m6-ec/ponderada-1/meu_workspace/install/turtlesim/include/turtlesim/turtlesim/srv/detail/teleport_relative__type_support.c
[24.757s] -- Installing: /home/gme2307/ponderadas-m6-ec/ponderada-1/meu_workspace/install/turtlesim/include/turtlesim/turtlesim/srv/detail/kill__type_support.c
[24.757s] -- Installing: /home/gme2307/ponderadas-m6-ec/ponderada-1/meu_workspace/install/turtlesim/include/turtlesim/turtlesim/srv/detail/teleport_absolute__type_support.c
[24.757s] -- Installing: /home/gme2307/ponderadas-m6-ec/ponderada-1/meu_workspace/install/turtlesim/include/turtlesim/turtlesim/srv/detail/kill__rosidl_typesupport_introspection_c.h
[24.757s] -- Installing: /home/gme2307/ponderadas-m6-ec/ponderada-1/meu_workspace/install/turtlesim/include/turtlesim/turtlesim/srv/detail/teleport_absolute__rosidl_typesupport_introspection_c.h
[24.757s] -- Installing: /home/gme2307/ponderadas-m6-ec/ponderada-1/meu_workspace/install/turtlesim/include/turtlesim/turtlesim/srv/detail/set_pen__rosidl_typesupport_introspection_c.h
[24.757s] -- Up-to-date: /home/gme2307/ponderadas-m6-ec/ponderada-1/meu_workspace/install/turtlesim/include/turtlesim/turtlesim/msg
[24.758s] -- Up-to-date: /home/gme2307/ponderadas-m6-ec/ponderada-1/meu_workspace/install/turtlesim/include/turtlesim/turtlesim/msg/detail
[24.758s] -- Installing: /home/gme2307/ponderadas-m6-ec/ponderada-1/meu_workspace/install/turtlesim/include/turtlesim/turtlesim/msg/detail/pose__type_support.c
[24.758s] -- Installing: /home/gme2307/ponderadas-m6-ec/ponderada-1/meu_workspace/install/turtlesim/include/turtlesim/turtlesim/msg/detail/pose__rosidl_typesupport_introspection_c.h
[24.758s] -- Installing: /home/gme2307/ponderadas-m6-ec/ponderada-1/meu_workspace/install/turtlesim/include/turtlesim/turtlesim/msg/detail/color__type_support.c
[24.758s] -- Installing: /home/gme2307/ponderadas-m6-ec/ponderada-1/meu_workspace/install/turtlesim/include/turtlesim/turtlesim/msg/detail/color__rosidl_typesupport_introspection_c.h
[24.758s] -- Installing: /home/gme2307/ponderadas-m6-ec/ponderada-1/meu_workspace/install/turtlesim/include/turtlesim/turtlesim/msg/rosidl_typesupport_introspection_c__visibility_control.h
[24.758s] -- Up-to-date: /home/gme2307/ponderadas-m6-ec/ponderada-1/meu_workspace/install/turtlesim/include/turtlesim/turtlesim/action
[24.758s] -- Up-to-date: /home/gme2307/ponderadas-m6-ec/ponderada-1/meu_workspace/install/turtlesim/include/turtlesim/turtlesim/action/detail
[24.758s] -- Installing: /home/gme2307/ponderadas-m6-ec/ponderada-1/meu_workspace/install/turtlesim/include/turtlesim/turtlesim/action/detail/rotate_absolute__rosidl_typesupport_introspection_c.h
[24.758s] -- Installing: /home/gme2307/ponderadas-m6-ec/ponderada-1/meu_workspace/install/turtlesim/include/turtlesim/turtlesim/action/detail/rotate_absolute__type_support.c
[24.758s] -- Installing: /home/gme2307/ponderadas-m6-ec/ponderada-1/meu_workspace/install/turtlesim/lib/libturtlesim__rosidl_typesupport_introspection_c.so
[24.759s] -- Set runtime path of "/home/gme2307/ponderadas-m6-ec/ponderada-1/meu_workspace/install/turtlesim/lib/libturtlesim__rosidl_typesupport_introspection_c.so" to ""
[24.759s] -- Installing: /home/gme2307/ponderadas-m6-ec/ponderada-1/meu_workspace/install/turtlesim/lib/libturtlesim__rosidl_typesupport_c.so
[24.759s] -- Set runtime path of "/home/gme2307/ponderadas-m6-ec/ponderada-1/meu_workspace/install/turtlesim/lib/libturtlesim__rosidl_typesupport_c.so" to ""
[24.759s] -- Up-to-date: /home/gme2307/ponderadas-m6-ec/ponderada-1/meu_workspace/install/turtlesim/include/turtlesim/turtlesim
[24.759s] -- Up-to-date: /home/gme2307/ponderadas-m6-ec/ponderada-1/meu_workspace/install/turtlesim/include/turtlesim/turtlesim/srv
[24.759s] -- Up-to-date: /home/gme2307/ponderadas-m6-ec/ponderada-1/meu_workspace/install/turtlesim/include/turtlesim/turtlesim/srv/detail
[24.759s] -- Installing: /home/gme2307/ponderadas-m6-ec/ponderada-1/meu_workspace/install/turtlesim/include/turtlesim/turtlesim/srv/detail/kill__rosidl_typesupport_introspection_cpp.hpp
[24.759s] -- Installing: /home/gme2307/ponderadas-m6-ec/ponderada-1/meu_workspace/install/turtlesim/include/turtlesim/turtlesim/srv/detail/spawn__type_support.cpp
[24.759s] -- Installing: /home/gme2307/ponderadas-m6-ec/ponderada-1/meu_workspace/install/turtlesim/include/turtlesim/turtlesim/srv/detail/set_pen__type_support.cpp
[24.759s] -- Installing: /home/gme2307/ponderadas-m6-ec/ponderada-1/meu_workspace/install/turtlesim/include/turtlesim/turtlesim/srv/detail/teleport_absolute__type_support.cpp
[24.759s] -- Installing: /home/gme2307/ponderadas-m6-ec/ponderada-1/meu_workspace/install/turtlesim/include/turtlesim/turtlesim/srv/detail/teleport_relative__rosidl_typesupport_introspection_cpp.hpp
[24.760s] -- Installing: /home/gme2307/ponderadas-m6-ec/ponderada-1/meu_workspace/install/turtlesim/include/turtlesim/turtlesim/srv/detail/set_pen__rosidl_typesupport_introspection_cpp.hpp
[24.760s] -- Installing: /home/gme2307/ponderadas-m6-ec/ponderada-1/meu_workspace/install/turtlesim/include/turtlesim/turtlesim/srv/detail/teleport_relative__type_support.cpp
[24.760s] -- Installing: /home/gme2307/ponderadas-m6-ec/ponderada-1/meu_workspace/install/turtlesim/include/turtlesim/turtlesim/srv/detail/spawn__rosidl_typesupport_introspection_cpp.hpp
[24.760s] -- Installing: /home/gme2307/ponderadas-m6-ec/ponderada-1/meu_workspace/install/turtlesim/include/turtlesim/turtlesim/srv/detail/teleport_absolute__rosidl_typesupport_introspection_cpp.hpp
[24.760s] -- Installing: /home/gme2307/ponderadas-m6-ec/ponderada-1/meu_workspace/install/turtlesim/include/turtlesim/turtlesim/srv/detail/kill__type_support.cpp
[24.760s] -- Up-to-date: /home/gme2307/ponderadas-m6-ec/ponderada-1/meu_workspace/install/turtlesim/include/turtlesim/turtlesim/msg
[24.760s] -- Up-to-date: /home/gme2307/ponderadas-m6-ec/ponderada-1/meu_workspace/install/turtlesim/include/turtlesim/turtlesim/msg/detail
[24.760s] -- Installing: /home/gme2307/ponderadas-m6-ec/ponderada-1/meu_workspace/install/turtlesim/include/turtlesim/turtlesim/msg/detail/pose__type_support.cpp
[24.760s] -- Installing: /home/gme2307/ponderadas-m6-ec/ponderada-1/meu_workspace/install/turtlesim/include/turtlesim/turtlesim/msg/detail/color__type_support.cpp
[24.760s] -- Installing: /home/gme2307/ponderadas-m6-ec/ponderada-1/meu_workspace/install/turtlesim/include/turtlesim/turtlesim/msg/detail/pose__rosidl_typesupport_introspection_cpp.hpp
[24.760s] -- Installing: /home/gme2307/ponderadas-m6-ec/ponderada-1/meu_workspace/install/turtlesim/include/turtlesim/turtlesim/msg/detail/color__rosidl_typesupport_introspection_cpp.hpp
[24.760s] -- Up-to-date: /home/gme2307/ponderadas-m6-ec/ponderada-1/meu_workspace/install/turtlesim/include/turtlesim/turtlesim/action
[24.760s] -- Up-to-date: /home/gme2307/ponderadas-m6-ec/ponderada-1/meu_workspace/install/turtlesim/include/turtlesim/turtlesim/action/detail
[24.760s] -- Installing: /home/gme2307/ponderadas-m6-ec/ponderada-1/meu_workspace/install/turtlesim/include/turtlesim/turtlesim/action/detail/rotate_absolute__rosidl_typesupport_introspection_cpp.hpp
[24.760s] -- Installing: /home/gme2307/ponderadas-m6-ec/ponderada-1/meu_workspace/install/turtlesim/include/turtlesim/turtlesim/action/detail/rotate_absolute__type_support.cpp
[24.761s] -- Installing: /home/gme2307/ponderadas-m6-ec/ponderada-1/meu_workspace/install/turtlesim/lib/libturtlesim__rosidl_typesupport_introspection_cpp.so
[24.761s] -- Set runtime path of "/home/gme2307/ponderadas-m6-ec/ponderada-1/meu_workspace/install/turtlesim/lib/libturtlesim__rosidl_typesupport_introspection_cpp.so" to ""
[24.761s] -- Installing: /home/gme2307/ponderadas-m6-ec/ponderada-1/meu_workspace/install/turtlesim/lib/libturtlesim__rosidl_typesupport_cpp.so
[24.761s] -- Set runtime path of "/home/gme2307/ponderadas-m6-ec/ponderada-1/meu_workspace/install/turtlesim/lib/libturtlesim__rosidl_typesupport_cpp.so" to ""
[24.761s] -- Installing: /home/gme2307/ponderadas-m6-ec/ponderada-1/meu_workspace/install/turtlesim/share/turtlesim/environment/pythonpath.sh
[24.762s] -- Installing: /home/gme2307/ponderadas-m6-ec/ponderada-1/meu_workspace/install/turtlesim/share/turtlesim/environment/pythonpath.dsv
[24.762s] -- Up-to-date: /home/gme2307/ponderadas-m6-ec/ponderada-1/meu_workspace/install/turtlesim/local/lib/python3.10/dist-packages/turtlesim-1.4.2-py3.10.egg-info
[24.762s] -- Installing: /home/gme2307/ponderadas-m6-ec/ponderada-1/meu_workspace/install/turtlesim/local/lib/python3.10/dist-packages/turtlesim-1.4.2-py3.10.egg-info/SOURCES.txt
[24.762s] -- Installing: /home/gme2307/ponderadas-m6-ec/ponderada-1/meu_workspace/install/turtlesim/local/lib/python3.10/dist-packages/turtlesim-1.4.2-py3.10.egg-info/top_level.txt
[24.762s] -- Installing: /home/gme2307/ponderadas-m6-ec/ponderada-1/meu_workspace/install/turtlesim/local/lib/python3.10/dist-packages/turtlesim-1.4.2-py3.10.egg-info/dependency_links.txt
[24.762s] -- Installing: /home/gme2307/ponderadas-m6-ec/ponderada-1/meu_workspace/install/turtlesim/local/lib/python3.10/dist-packages/turtlesim-1.4.2-py3.10.egg-info/PKG-INFO
[24.762s] -- Up-to-date: /home/gme2307/ponderadas-m6-ec/ponderada-1/meu_workspace/install/turtlesim/local/lib/python3.10/dist-packages/turtlesim
[24.762s] -- Up-to-date: /home/gme2307/ponderadas-m6-ec/ponderada-1/meu_workspace/install/turtlesim/local/lib/python3.10/dist-packages/turtlesim/srv
[24.762s] -- Installing: /home/gme2307/ponderadas-m6-ec/ponderada-1/meu_workspace/install/turtlesim/local/lib/python3.10/dist-packages/turtlesim/srv/_set_pen_s.c
[24.762s] -- Installing: /home/gme2307/ponderadas-m6-ec/ponderada-1/meu_workspace/install/turtlesim/local/lib/python3.10/dist-packages/turtlesim/srv/_spawn.py
[24.762s] -- Installing: /home/gme2307/ponderadas-m6-ec/ponderada-1/meu_workspace/install/turtlesim/local/lib/python3.10/dist-packages/turtlesim/srv/_kill.py
[24.762s] -- Installing: /home/gme2307/ponderadas-m6-ec/ponderada-1/meu_workspace/install/turtlesim/local/lib/python3.10/dist-packages/turtlesim/srv/_spawn_s.c
[24.762s] -- Installing: /home/gme2307/ponderadas-m6-ec/ponderada-1/meu_workspace/install/turtlesim/local/lib/python3.10/dist-packages/turtlesim/srv/_set_pen.py
[24.762s] -- Installing: /home/gme2307/ponderadas-m6-ec/ponderada-1/meu_workspace/install/turtlesim/local/lib/python3.10/dist-packages/turtlesim/srv/_kill_s.c
[24.763s] -- Installing: /home/gme2307/ponderadas-m6-ec/ponderada-1/meu_workspace/install/turtlesim/local/lib/python3.10/dist-packages/turtlesim/srv/_teleport_absolute_s.c
[24.763s] -- Installing: /home/gme2307/ponderadas-m6-ec/ponderada-1/meu_workspace/install/turtlesim/local/lib/python3.10/dist-packages/turtlesim/srv/_teleport_relative_s.c
[24.763s] -- Installing: /home/gme2307/ponderadas-m6-ec/ponderada-1/meu_workspace/install/turtlesim/local/lib/python3.10/dist-packages/turtlesim/srv/__init__.py
[24.763s] -- Installing: /home/gme2307/ponderadas-m6-ec/ponderada-1/meu_workspace/install/turtlesim/local/lib/python3.10/dist-packages/turtlesim/srv/_teleport_absolute.py
[24.763s] -- Installing: /home/gme2307/ponderadas-m6-ec/ponderada-1/meu_workspace/install/turtlesim/local/lib/python3.10/dist-packages/turtlesim/srv/_teleport_relative.py
[24.763s] -- Installing: /home/gme2307/ponderadas-m6-ec/ponderada-1/meu_workspace/install/turtlesim/local/lib/python3.10/dist-packages/turtlesim/turtlesim_s__rosidl_typesupport_introspection_c.cpython-310-x86_64-linux-gnu.so
[24.763s] -- Installing: /home/gme2307/ponderadas-m6-ec/ponderada-1/meu_workspace/install/turtlesim/local/lib/python3.10/dist-packages/turtlesim/turtlesim_s__rosidl_typesupport_fastrtps_c.cpython-310-x86_64-linux-gnu.so
[24.763s] -- Installing: /home/gme2307/ponderadas-m6-ec/ponderada-1/meu_workspace/install/turtlesim/local/lib/python3.10/dist-packages/turtlesim/libturtlesim__rosidl_generator_py.so
[24.763s] -- Installing: /home/gme2307/ponderadas-m6-ec/ponderada-1/meu_workspace/install/turtlesim/local/lib/python3.10/dist-packages/turtlesim/_turtlesim_s.ep.rosidl_typesupport_introspection_c.c
[24.764s] -- Up-to-date: /home/gme2307/ponderadas-m6-ec/ponderada-1/meu_workspace/install/turtlesim/local/lib/python3.10/dist-packages/turtlesim/msg
[24.764s] -- Installing: /home/gme2307/ponderadas-m6-ec/ponderada-1/meu_workspace/install/turtlesim/local/lib/python3.10/dist-packages/turtlesim/msg/_pose_s.c
[24.764s] -- Installing: /home/gme2307/ponderadas-m6-ec/ponderada-1/meu_workspace/install/turtlesim/local/lib/python3.10/dist-packages/turtlesim/msg/_color_s.c
[24.764s] -- Installing: /home/gme2307/ponderadas-m6-ec/ponderada-1/meu_workspace/install/turtlesim/local/lib/python3.10/dist-packages/turtlesim/msg/__init__.py
[24.764s] -- Installing: /home/gme2307/ponderadas-m6-ec/ponderada-1/meu_workspace/install/turtlesim/local/lib/python3.10/dist-packages/turtlesim/msg/_color.py
[24.764s] -- Installing: /home/gme2307/ponderadas-m6-ec/ponderada-1/meu_workspace/install/turtlesim/local/lib/python3.10/dist-packages/turtlesim/msg/_pose.py
[24.764s] -- Installing: /home/gme2307/ponderadas-m6-ec/ponderada-1/meu_workspace/install/turtlesim/local/lib/python3.10/dist-packages/turtlesim/turtlesim_s__rosidl_typesupport_c.cpython-310-x86_64-linux-gnu.so
[24.764s] -- Installing: /home/gme2307/ponderadas-m6-ec/ponderada-1/meu_workspace/install/turtlesim/local/lib/python3.10/dist-packages/turtlesim/__init__.py
[24.764s] -- Up-to-date: /home/gme2307/ponderadas-m6-ec/ponderada-1/meu_workspace/install/turtlesim/local/lib/python3.10/dist-packages/turtlesim/action
[24.764s] -- Installing: /home/gme2307/ponderadas-m6-ec/ponderada-1/meu_workspace/install/turtlesim/local/lib/python3.10/dist-packages/turtlesim/action/_rotate_absolute.py
[24.764s] -- Installing: /home/gme2307/ponderadas-m6-ec/ponderada-1/meu_workspace/install/turtlesim/local/lib/python3.10/dist-packages/turtlesim/action/_rotate_absolute_s.c
[24.764s] -- Installing: /home/gme2307/ponderadas-m6-ec/ponderada-1/meu_workspace/install/turtlesim/local/lib/python3.10/dist-packages/turtlesim/action/__init__.py
[24.765s] -- Installing: /home/gme2307/ponderadas-m6-ec/ponderada-1/meu_workspace/install/turtlesim/local/lib/python3.10/dist-packages/turtlesim/_turtlesim_s.ep.rosidl_typesupport_c.c
[24.765s] -- Installing: /home/gme2307/ponderadas-m6-ec/ponderada-1/meu_workspace/install/turtlesim/local/lib/python3.10/dist-packages/turtlesim/_turtlesim_s.ep.rosidl_typesupport_fastrtps_c.c
[24.801s] Listing '/home/gme2307/ponderadas-m6-ec/ponderada-1/meu_workspace/install/turtlesim/local/lib/python3.10/dist-packages/turtlesim'...
[24.801s] Compiling '/home/gme2307/ponderadas-m6-ec/ponderada-1/meu_workspace/install/turtlesim/local/lib/python3.10/dist-packages/turtlesim/__init__.py'...
[24.801s] Listing '/home/gme2307/ponderadas-m6-ec/ponderada-1/meu_workspace/install/turtlesim/local/lib/python3.10/dist-packages/turtlesim/action'...
[24.801s] Compiling '/home/gme2307/ponderadas-m6-ec/ponderada-1/meu_workspace/install/turtlesim/local/lib/python3.10/dist-packages/turtlesim/action/__init__.py'...
[24.801s] Compiling '/home/gme2307/ponderadas-m6-ec/ponderada-1/meu_workspace/install/turtlesim/local/lib/python3.10/dist-packages/turtlesim/action/_rotate_absolute.py'...
[24.801s] Listing '/home/gme2307/ponderadas-m6-ec/ponderada-1/meu_workspace/install/turtlesim/local/lib/python3.10/dist-packages/turtlesim/msg'...
[24.801s] Compiling '/home/gme2307/ponderadas-m6-ec/ponderada-1/meu_workspace/install/turtlesim/local/lib/python3.10/dist-packages/turtlesim/msg/__init__.py'...
[24.802s] Compiling '/home/gme2307/ponderadas-m6-ec/ponderada-1/meu_workspace/install/turtlesim/local/lib/python3.10/dist-packages/turtlesim/msg/_color.py'...
[24.802s] Compiling '/home/gme2307/ponderadas-m6-ec/ponderada-1/meu_workspace/install/turtlesim/local/lib/python3.10/dist-packages/turtlesim/msg/_pose.py'...
[24.802s] Listing '/home/gme2307/ponderadas-m6-ec/ponderada-1/meu_workspace/install/turtlesim/local/lib/python3.10/dist-packages/turtlesim/srv'...
[24.802s] Compiling '/home/gme2307/ponderadas-m6-ec/ponderada-1/meu_workspace/install/turtlesim/local/lib/python3.10/dist-packages/turtlesim/srv/__init__.py'...
[24.802s] Compiling '/home/gme2307/ponderadas-m6-ec/ponderada-1/meu_workspace/install/turtlesim/local/lib/python3.10/dist-packages/turtlesim/srv/_kill.py'...
[24.802s] Compiling '/home/gme2307/ponderadas-m6-ec/ponderada-1/meu_workspace/install/turtlesim/local/lib/python3.10/dist-packages/turtlesim/srv/_set_pen.py'...
[24.802s] Compiling '/home/gme2307/ponderadas-m6-ec/ponderada-1/meu_workspace/install/turtlesim/local/lib/python3.10/dist-packages/turtlesim/srv/_spawn.py'...
[24.802s] Compiling '/home/gme2307/ponderadas-m6-ec/ponderada-1/meu_workspace/install/turtlesim/local/lib/python3.10/dist-packages/turtlesim/srv/_teleport_absolute.py'...
[24.802s] Compiling '/home/gme2307/ponderadas-m6-ec/ponderada-1/meu_workspace/install/turtlesim/local/lib/python3.10/dist-packages/turtlesim/srv/_teleport_relative.py'...
[24.805s] -- Installing: /home/gme2307/ponderadas-m6-ec/ponderada-1/meu_workspace/install/turtlesim/local/lib/python3.10/dist-packages/turtlesim/turtlesim_s__rosidl_typesupport_fastrtps_c.cpython-310-x86_64-linux-gnu.so
[24.806s] -- Set runtime path of "/home/gme2307/ponderadas-m6-ec/ponderada-1/meu_workspace/install/turtlesim/local/lib/python3.10/dist-packages/turtlesim/turtlesim_s__rosidl_typesupport_fastrtps_c.cpython-310-x86_64-linux-gnu.so" to ""
[24.806s] -- Installing: /home/gme2307/ponderadas-m6-ec/ponderada-1/meu_workspace/install/turtlesim/local/lib/python3.10/dist-packages/turtlesim/turtlesim_s__rosidl_typesupport_introspection_c.cpython-310-x86_64-linux-gnu.so
[24.806s] -- Set runtime path of "/home/gme2307/ponderadas-m6-ec/ponderada-1/meu_workspace/install/turtlesim/local/lib/python3.10/dist-packages/turtlesim/turtlesim_s__rosidl_typesupport_introspection_c.cpython-310-x86_64-linux-gnu.so" to ""
[24.806s] -- Installing: /home/gme2307/ponderadas-m6-ec/ponderada-1/meu_workspace/install/turtlesim/local/lib/python3.10/dist-packages/turtlesim/turtlesim_s__rosidl_typesupport_c.cpython-310-x86_64-linux-gnu.so
[24.807s] -- Set runtime path of "/home/gme2307/ponderadas-m6-ec/ponderada-1/meu_workspace/install/turtlesim/local/lib/python3.10/dist-packages/turtlesim/turtlesim_s__rosidl_typesupport_c.cpython-310-x86_64-linux-gnu.so" to ""
[24.807s] -- Installing: /home/gme2307/ponderadas-m6-ec/ponderada-1/meu_workspace/install/turtlesim/lib/libturtlesim__rosidl_generator_py.so
[24.807s] -- Set runtime path of "/home/gme2307/ponderadas-m6-ec/ponderada-1/meu_workspace/install/turtlesim/lib/libturtlesim__rosidl_generator_py.so" to ""
[24.807s] -- Installing: /home/gme2307/ponderadas-m6-ec/ponderada-1/meu_workspace/install/turtlesim/share/turtlesim/action/RotateAbsolute.idl
[24.807s] -- Installing: /home/gme2307/ponderadas-m6-ec/ponderada-1/meu_workspace/install/turtlesim/share/turtlesim/msg/Color.idl
[24.807s] -- Installing: /home/gme2307/ponderadas-m6-ec/ponderada-1/meu_workspace/install/turtlesim/share/turtlesim/msg/Pose.idl
[24.807s] -- Installing: /home/gme2307/ponderadas-m6-ec/ponderada-1/meu_workspace/install/turtlesim/share/turtlesim/srv/Kill.idl
[24.807s] -- Installing: /home/gme2307/ponderadas-m6-ec/ponderada-1/meu_workspace/install/turtlesim/share/turtlesim/srv/SetPen.idl
[24.808s] -- Installing: /home/gme2307/ponderadas-m6-ec/ponderada-1/meu_workspace/install/turtlesim/share/turtlesim/srv/Spawn.idl
[24.808s] -- Installing: /home/gme2307/ponderadas-m6-ec/ponderada-1/meu_workspace/install/turtlesim/share/turtlesim/srv/TeleportAbsolute.idl
[24.808s] -- Installing: /home/gme2307/ponderadas-m6-ec/ponderada-1/meu_workspace/install/turtlesim/share/turtlesim/srv/TeleportRelative.idl
[24.808s] -- Up-to-date: /home/gme2307/ponderadas-m6-ec/ponderada-1/meu_workspace/install/turtlesim/share/turtlesim/action/RotateAbsolute.action
[24.808s] -- Up-to-date: /home/gme2307/ponderadas-m6-ec/ponderada-1/meu_workspace/install/turtlesim/share/turtlesim/msg/Color.msg
[24.808s] -- Up-to-date: /home/gme2307/ponderadas-m6-ec/ponderada-1/meu_workspace/install/turtlesim/share/turtlesim/msg/Pose.msg
[24.808s] -- Up-to-date: /home/gme2307/ponderadas-m6-ec/ponderada-1/meu_workspace/install/turtlesim/share/turtlesim/srv/Kill.srv
[24.808s] -- Installing: /home/gme2307/ponderadas-m6-ec/ponderada-1/meu_workspace/install/turtlesim/share/turtlesim/srv/Kill_Request.msg
[24.808s] -- Installing: /home/gme2307/ponderadas-m6-ec/ponderada-1/meu_workspace/install/turtlesim/share/turtlesim/srv/Kill_Response.msg
[24.808s] -- Up-to-date: /home/gme2307/ponderadas-m6-ec/ponderada-1/meu_workspace/install/turtlesim/share/turtlesim/srv/SetPen.srv
[24.808s] -- Installing: /home/gme2307/ponderadas-m6-ec/ponderada-1/meu_workspace/install/turtlesim/share/turtlesim/srv/SetPen_Request.msg
[24.808s] -- Installing: /home/gme2307/ponderadas-m6-ec/ponderada-1/meu_workspace/install/turtlesim/share/turtlesim/srv/SetPen_Response.msg
[24.808s] -- Up-to-date: /home/gme2307/ponderadas-m6-ec/ponderada-1/meu_workspace/install/turtlesim/share/turtlesim/srv/Spawn.srv
[24.808s] -- Installing: /home/gme2307/ponderadas-m6-ec/ponderada-1/meu_workspace/install/turtlesim/share/turtlesim/srv/Spawn_Request.msg
[24.808s] -- Installing: /home/gme2307/ponderadas-m6-ec/ponderada-1/meu_workspace/install/turtlesim/share/turtlesim/srv/Spawn_Response.msg
[24.809s] -- Up-to-date: /home/gme2307/ponderadas-m6-ec/ponderada-1/meu_workspace/install/turtlesim/share/turtlesim/srv/TeleportAbsolute.srv
[24.809s] -- Installing: /home/gme2307/ponderadas-m6-ec/ponderada-1/meu_workspace/install/turtlesim/share/turtlesim/srv/TeleportAbsolute_Request.msg
[24.809s] -- Installing: /home/gme2307/ponderadas-m6-ec/ponderada-1/meu_workspace/install/turtlesim/share/turtlesim/srv/TeleportAbsolute_Response.msg
[24.809s] -- Up-to-date: /home/gme2307/ponderadas-m6-ec/ponderada-1/meu_workspace/install/turtlesim/share/turtlesim/srv/TeleportRelative.srv
[24.809s] -- Installing: /home/gme2307/ponderadas-m6-ec/ponderada-1/meu_workspace/install/turtlesim/share/turtlesim/srv/TeleportRelative_Request.msg
[24.809s] -- Installing: /home/gme2307/ponderadas-m6-ec/ponderada-1/meu_workspace/install/turtlesim/share/turtlesim/srv/TeleportRelative_Response.msg
[24.809s] -- Installing: /home/gme2307/ponderadas-m6-ec/ponderada-1/meu_workspace/install/turtlesim/lib/turtlesim/turtlesim_node
[24.816s] -- Set runtime path of "/home/gme2307/ponderadas-m6-ec/ponderada-1/meu_workspace/install/turtlesim/lib/turtlesim/turtlesim_node" to ""
[24.816s] -- Installing: /home/gme2307/ponderadas-m6-ec/ponderada-1/meu_workspace/install/turtlesim/lib/turtlesim/turtle_teleop_key
[24.818s] -- Set runtime path of "/home/gme2307/ponderadas-m6-ec/ponderada-1/meu_workspace/install/turtlesim/lib/turtlesim/turtle_teleop_key" to ""
[24.818s] -- Installing: /home/gme2307/ponderadas-m6-ec/ponderada-1/meu_workspace/install/turtlesim/lib/turtlesim/draw_square
[24.821s] -- Set runtime path of "/home/gme2307/ponderadas-m6-ec/ponderada-1/meu_workspace/install/turtlesim/lib/turtlesim/draw_square" to ""
[24.821s] -- Installing: /home/gme2307/ponderadas-m6-ec/ponderada-1/meu_workspace/install/turtlesim/lib/turtlesim/mimic
[24.827s] -- Set runtime path of "/home/gme2307/ponderadas-m6-ec/ponderada-1/meu_workspace/install/turtlesim/lib/turtlesim/mimic" to ""
[24.827s] -- Up-to-date: /home/gme2307/ponderadas-m6-ec/ponderada-1/meu_workspace/install/turtlesim/share/turtlesim/images
[24.827s] -- Up-to-date: /home/gme2307/ponderadas-m6-ec/ponderada-1/meu_workspace/install/turtlesim/share/turtlesim/images/foxy.png
[24.827s] -- Up-to-date: /home/gme2307/ponderadas-m6-ec/ponderada-1/meu_workspace/install/turtlesim/share/turtlesim/images/galactic.png
[24.827s] -- Up-to-date: /home/gme2307/ponderadas-m6-ec/ponderada-1/meu_workspace/install/turtlesim/share/turtlesim/images/ardent.png
[24.827s] -- Up-to-date: /home/gme2307/ponderadas-m6-ec/ponderada-1/meu_workspace/install/turtlesim/share/turtlesim/images/crystal.png
[24.827s] -- Up-to-date: /home/gme2307/ponderadas-m6-ec/ponderada-1/meu_workspace/install/turtlesim/share/turtlesim/images/dashing.png
[24.827s] -- Up-to-date: /home/gme2307/ponderadas-m6-ec/ponderada-1/meu_workspace/install/turtlesim/share/turtlesim/images/rolling.png
[24.827s] -- Up-to-date: /home/gme2307/ponderadas-m6-ec/ponderada-1/meu_workspace/install/turtlesim/share/turtlesim/images/bouncy.png
[24.827s] -- Up-to-date: /home/gme2307/ponderadas-m6-ec/ponderada-1/meu_workspace/install/turtlesim/share/turtlesim/images/eloquent.png
[24.828s] -- Up-to-date: /home/gme2307/ponderadas-m6-ec/ponderada-1/meu_workspace/install/turtlesim/share/turtlesim/images/humble.png
[24.828s] -- Up-to-date: /home/gme2307/ponderadas-m6-ec/ponderada-1/meu_workspace/install/turtlesim/share/turtlesim/launch
[24.828s] -- Up-to-date: /home/gme2307/ponderadas-m6-ec/ponderada-1/meu_workspace/install/turtlesim/share/turtlesim/launch/multisim.launch.py
[24.828s] -- Installing: /home/gme2307/ponderadas-m6-ec/ponderada-1/meu_workspace/install/turtlesim/share/ament_index/resource_index/package_run_dependencies/turtlesim
[24.828s] -- Installing: /home/gme2307/ponderadas-m6-ec/ponderada-1/meu_workspace/install/turtlesim/share/ament_index/resource_index/parent_prefix_path/turtlesim
[24.828s] -- Up-to-date: /home/gme2307/ponderadas-m6-ec/ponderada-1/meu_workspace/install/turtlesim/share/turtlesim/environment/ament_prefix_path.sh
[24.828s] -- Installing: /home/gme2307/ponderadas-m6-ec/ponderada-1/meu_workspace/install/turtlesim/share/turtlesim/environment/ament_prefix_path.dsv
[24.828s] -- Up-to-date: /home/gme2307/ponderadas-m6-ec/ponderada-1/meu_workspace/install/turtlesim/share/turtlesim/environment/path.sh
[24.828s] -- Installing: /home/gme2307/ponderadas-m6-ec/ponderada-1/meu_workspace/install/turtlesim/share/turtlesim/environment/path.dsv
[24.828s] -- Installing: /home/gme2307/ponderadas-m6-ec/ponderada-1/meu_workspace/install/turtlesim/share/turtlesim/local_setup.bash
[24.828s] -- Installing: /home/gme2307/ponderadas-m6-ec/ponderada-1/meu_workspace/install/turtlesim/share/turtlesim/local_setup.sh
[24.828s] -- Installing: /home/gme2307/ponderadas-m6-ec/ponderada-1/meu_workspace/install/turtlesim/share/turtlesim/local_setup.zsh
[24.828s] -- Installing: /home/gme2307/ponderadas-m6-ec/ponderada-1/meu_workspace/install/turtlesim/share/turtlesim/local_setup.dsv
[24.828s] -- Installing: /home/gme2307/ponderadas-m6-ec/ponderada-1/meu_workspace/install/turtlesim/share/turtlesim/package.dsv
[24.828s] -- Installing: /home/gme2307/ponderadas-m6-ec/ponderada-1/meu_workspace/install/turtlesim/share/ament_index/resource_index/packages/turtlesim
[24.828s] -- Installing: /home/gme2307/ponderadas-m6-ec/ponderada-1/meu_workspace/install/turtlesim/share/turtlesim/cmake/export_turtlesim__rosidl_generator_cExport.cmake
[24.829s] -- Installing: /home/gme2307/ponderadas-m6-ec/ponderada-1/meu_workspace/install/turtlesim/share/turtlesim/cmake/export_turtlesim__rosidl_generator_cExport-noconfig.cmake
[24.829s] -- Installing: /home/gme2307/ponderadas-m6-ec/ponderada-1/meu_workspace/install/turtlesim/share/turtlesim/cmake/export_turtlesim__rosidl_typesupport_fastrtps_cExport.cmake
[24.829s] -- Installing: /home/gme2307/ponderadas-m6-ec/ponderada-1/meu_workspace/install/turtlesim/share/turtlesim/cmake/export_turtlesim__rosidl_typesupport_fastrtps_cExport-noconfig.cmake
[24.830s] -- Installing: /home/gme2307/ponderadas-m6-ec/ponderada-1/meu_workspace/install/turtlesim/share/turtlesim/cmake/export_turtlesim__rosidl_generator_cppExport.cmake
[24.830s] -- Installing: /home/gme2307/ponderadas-m6-ec/ponderada-1/meu_workspace/install/turtlesim/share/turtlesim/cmake/export_turtlesim__rosidl_typesupport_fastrtps_cppExport.cmake
[24.830s] -- Installing: /home/gme2307/ponderadas-m6-ec/ponderada-1/meu_workspace/install/turtlesim/share/turtlesim/cmake/export_turtlesim__rosidl_typesupport_fastrtps_cppExport-noconfig.cmake
[24.830s] -- Installing: /home/gme2307/ponderadas-m6-ec/ponderada-1/meu_workspace/install/turtlesim/share/turtlesim/cmake/turtlesim__rosidl_typesupport_introspection_cExport.cmake
[24.830s] -- Installing: /home/gme2307/ponderadas-m6-ec/ponderada-1/meu_workspace/install/turtlesim/share/turtlesim/cmake/turtlesim__rosidl_typesupport_introspection_cExport-noconfig.cmake
[24.830s] -- Installing: /home/gme2307/ponderadas-m6-ec/ponderada-1/meu_workspace/install/turtlesim/share/turtlesim/cmake/turtlesim__rosidl_typesupport_cExport.cmake
[24.830s] -- Installing: /home/gme2307/ponderadas-m6-ec/ponderada-1/meu_workspace/install/turtlesim/share/turtlesim/cmake/turtlesim__rosidl_typesupport_cExport-noconfig.cmake
[24.830s] -- Installing: /home/gme2307/ponderadas-m6-ec/ponderada-1/meu_workspace/install/turtlesim/share/turtlesim/cmake/turtlesim__rosidl_typesupport_introspection_cppExport.cmake
[24.830s] -- Installing: /home/gme2307/ponderadas-m6-ec/ponderada-1/meu_workspace/install/turtlesim/share/turtlesim/cmake/turtlesim__rosidl_typesupport_introspection_cppExport-noconfig.cmake
[24.831s] -- Installing: /home/gme2307/ponderadas-m6-ec/ponderada-1/meu_workspace/install/turtlesim/share/turtlesim/cmake/turtlesim__rosidl_typesupport_cppExport.cmake
[24.831s] -- Installing: /home/gme2307/ponderadas-m6-ec/ponderada-1/meu_workspace/install/turtlesim/share/turtlesim/cmake/turtlesim__rosidl_typesupport_cppExport-noconfig.cmake
[24.831s] -- Installing: /home/gme2307/ponderadas-m6-ec/ponderada-1/meu_workspace/install/turtlesim/share/turtlesim/cmake/export_turtlesim__rosidl_generator_pyExport.cmake
[24.831s] -- Installing: /home/gme2307/ponderadas-m6-ec/ponderada-1/meu_workspace/install/turtlesim/share/turtlesim/cmake/export_turtlesim__rosidl_generator_pyExport-noconfig.cmake
[24.831s] -- Installing: /home/gme2307/ponderadas-m6-ec/ponderada-1/meu_workspace/install/turtlesim/share/turtlesim/cmake/rosidl_cmake-extras.cmake
[24.831s] -- Installing: /home/gme2307/ponderadas-m6-ec/ponderada-1/meu_workspace/install/turtlesim/share/turtlesim/cmake/ament_cmake_export_dependencies-extras.cmake
[24.831s] -- Installing: /home/gme2307/ponderadas-m6-ec/ponderada-1/meu_workspace/install/turtlesim/share/turtlesim/cmake/ament_cmake_export_include_directories-extras.cmake
[24.831s] -- Installing: /home/gme2307/ponderadas-m6-ec/ponderada-1/meu_workspace/install/turtlesim/share/turtlesim/cmake/ament_cmake_export_libraries-extras.cmake
[24.831s] -- Installing: /home/gme2307/ponderadas-m6-ec/ponderada-1/meu_workspace/install/turtlesim/share/turtlesim/cmake/ament_cmake_export_targets-extras.cmake
[24.831s] -- Installing: /home/gme2307/ponderadas-m6-ec/ponderada-1/meu_workspace/install/turtlesim/share/turtlesim/cmake/rosidl_cmake_export_typesupport_targets-extras.cmake
[24.832s] -- Installing: /home/gme2307/ponderadas-m6-ec/ponderada-1/meu_workspace/install/turtlesim/share/turtlesim/cmake/rosidl_cmake_export_typesupport_libraries-extras.cmake
[24.832s] -- Installing: /home/gme2307/ponderadas-m6-ec/ponderada-1/meu_workspace/install/turtlesim/share/turtlesim/cmake/turtlesimConfig.cmake
[24.832s] -- Installing: /home/gme2307/ponderadas-m6-ec/ponderada-1/meu_workspace/install/turtlesim/share/turtlesim/cmake/turtlesimConfig-version.cmake
[24.832s] -- Up-to-date: /home/gme2307/ponderadas-m6-ec/ponderada-1/meu_workspace/install/turtlesim/share/turtlesim/package.xml
[24.834s] Invoked command in '/home/gme2307/ponderadas-m6-ec/ponderada-1/meu_workspace/build/turtlesim' returned '0': CMAKE_PREFIX_PATH=${CMAKE_PREFIX_PATH}:/home/gme2307/ponderadas-m6-ec/ponderada-1/meu_workspace/install/ponderada_gustavo:/opt/ros/humble /usr/bin/cmake --install /home/gme2307/ponderadas-m6-ec/ponderada-1/meu_workspace/build/turtlesim
