[0.635s] Invoking command in '/home/gustavo/ponderadas-m6-ec/ponderada-2/meu_workspace/src/semana_03': PYTHONPATH=/home/gustavo/ponderadas-m6-ec/ponderada-2/meu_workspace/build/semana_03/prefix_override:/home/gustavo/ponderadas-m6-ec/ponderada-2/meu_workspace/install/semana_03/lib/python3.10/site-packages:${PYTHONPATH} /usr/bin/python3 -W ignore:setup.py install is deprecated setup.py egg_info --egg-base ../../build/semana_03 build --build-base /home/gustavo/ponderadas-m6-ec/ponderada-2/meu_workspace/build/semana_03/build install --record /home/gustavo/ponderadas-m6-ec/ponderada-2/meu_workspace/build/semana_03/install.log --single-version-externally-managed install_data
[0.852s] running egg_info
[0.853s] writing ../../build/semana_03/semana_03.egg-info/PKG-INFO
[0.854s] writing dependency_links to ../../build/semana_03/semana_03.egg-info/dependency_links.txt
[0.854s] writing entry points to ../../build/semana_03/semana_03.egg-info/entry_points.txt
[0.854s] writing requirements to ../../build/semana_03/semana_03.egg-info/requires.txt
[0.854s] writing top-level names to ../../build/semana_03/semana_03.egg-info/top_level.txt
[0.859s] reading manifest file '../../build/semana_03/semana_03.egg-info/SOURCES.txt'
[0.860s] writing manifest file '../../build/semana_03/semana_03.egg-info/SOURCES.txt'
[0.860s] running build
[0.860s] running build_py
[0.860s] running install
[0.860s] running install_lib
[0.863s] running install_data
[0.863s] running install_egg_info
[0.864s] removing '/home/gustavo/ponderadas-m6-ec/ponderada-2/meu_workspace/install/semana_03/lib/python3.10/site-packages/semana_03-0.0.0-py3.10.egg-info' (and everything under it)
[0.865s] Copying ../../build/semana_03/semana_03.egg-info to /home/gustavo/ponderadas-m6-ec/ponderada-2/meu_workspace/install/semana_03/lib/python3.10/site-packages/semana_03-0.0.0-py3.10.egg-info
[0.865s] running install_scripts
[0.888s] Installing semana_03 script to /home/gustavo/ponderadas-m6-ec/ponderada-2/meu_workspace/install/semana_03/lib/semana_03
[0.888s] writing list of installed files to '/home/gustavo/ponderadas-m6-ec/ponderada-2/meu_workspace/build/semana_03/install.log'
[0.942s] Invoked command in '/home/gustavo/ponderadas-m6-ec/ponderada-2/meu_workspace/src/semana_03' returned '0': PYTHONPATH=/home/gustavo/ponderadas-m6-ec/ponderada-2/meu_workspace/build/semana_03/prefix_override:/home/gustavo/ponderadas-m6-ec/ponderada-2/meu_workspace/install/semana_03/lib/python3.10/site-packages:${PYTHONPATH} /usr/bin/python3 -W ignore:setup.py install is deprecated setup.py egg_info --egg-base ../../build/semana_03 build --build-base /home/gustavo/ponderadas-m6-ec/ponderada-2/meu_workspace/build/semana_03/build install --record /home/gustavo/ponderadas-m6-ec/ponderada-2/meu_workspace/build/semana_03/install.log --single-version-externally-managed install_data
