[0.272s] DEBUG:colcon:Command line arguments: ['/usr/bin/colcon', 'build']
[0.272s] DEBUG:colcon:Parsed command line arguments: Namespace(log_base=None, log_level=None, verb_name='build', build_base='build', install_base='install', merge_install=False, symlink_install=False, test_result_base=None, continue_on_error=False, executor='parallel', parallel_workers=8, event_handlers=None, ignore_user_meta=False, metas=['./colcon.meta'], base_paths=['.'], packages_ignore=None, packages_ignore_regex=None, paths=None, packages_up_to=None, packages_up_to_regex=None, packages_above=None, packages_above_and_dependencies=None, packages_above_depth=None, packages_select_by_dep=None, packages_skip_by_dep=None, packages_skip_up_to=None, packages_select_build_failed=False, packages_skip_build_finished=False, packages_select_test_failures=False, packages_skip_test_passed=False, packages_select=None, packages_skip=None, packages_select_regex=None, packages_skip_regex=None, packages_start=None, packages_end=None, allow_overriding=[], cmake_args=None, cmake_target=None, cmake_target_skip_unavailable=False, cmake_clean_cache=False, cmake_clean_first=False, cmake_force_configure=False, ament_cmake_args=None, catkin_cmake_args=None, catkin_skip_building_tests=False, verb_parser=<colcon_defaults.argument_parser.defaults.DefaultArgumentsDecorator object at 0x7ba89fc394e0>, verb_extension=<colcon_core.verb.build.BuildVerb object at 0x7ba89fc39060>, main=<bound method BuildVerb.main of <colcon_core.verb.build.BuildVerb object at 0x7ba89fc39060>>)
[0.750s] Level 1:colcon.colcon_core.package_discovery:discover_packages(colcon_meta) check parameters
[0.750s] Level 1:colcon.colcon_core.package_discovery:discover_packages(recursive) check parameters
[0.750s] Level 1:colcon.colcon_core.package_discovery:discover_packages(ignore) check parameters
[0.750s] Level 1:colcon.colcon_core.package_discovery:discover_packages(path) check parameters
[0.750s] Level 1:colcon.colcon_core.package_discovery:discover_packages(colcon_meta) discover
[0.750s] Level 1:colcon.colcon_core.package_discovery:discover_packages(recursive) discover
[0.751s] INFO:colcon.colcon_core.package_discovery:Crawling recursively for packages in '/home/gustavo/ponderadas-m6-ec/ponderada-2/meu_workspace/src'
[0.751s] Level 1:colcon.colcon_core.package_identification:_identify(.) by extensions ['ignore', 'ignore_ament_install']
[0.751s] Level 1:colcon.colcon_core.package_identification:_identify(.) by extension 'ignore'
[0.751s] Level 1:colcon.colcon_core.package_identification:_identify(.) by extension 'ignore_ament_install'
[0.751s] Level 1:colcon.colcon_core.package_identification:_identify(.) by extensions ['colcon_pkg']
[0.751s] Level 1:colcon.colcon_core.package_identification:_identify(.) by extension 'colcon_pkg'
[0.751s] Level 1:colcon.colcon_core.package_identification:_identify(.) by extensions ['colcon_meta']
[0.751s] Level 1:colcon.colcon_core.package_identification:_identify(.) by extension 'colcon_meta'
[0.751s] Level 1:colcon.colcon_core.package_identification:_identify(.) by extensions ['ros']
[0.751s] Level 1:colcon.colcon_core.package_identification:_identify(.) by extension 'ros'
[0.768s] Level 1:colcon.colcon_core.package_identification:_identify(.) by extensions ['cmake', 'python']
[0.768s] Level 1:colcon.colcon_core.package_identification:_identify(.) by extension 'cmake'
[0.768s] Level 1:colcon.colcon_core.package_identification:_identify(.) by extension 'python'
[0.768s] Level 1:colcon.colcon_core.package_identification:_identify(.) by extensions ['python_setup_py']
[0.768s] Level 1:colcon.colcon_core.package_identification:_identify(.) by extension 'python_setup_py'
[0.768s] Level 1:colcon.colcon_core.package_identification:_identify(build) by extensions ['ignore', 'ignore_ament_install']
[0.768s] Level 1:colcon.colcon_core.package_identification:_identify(build) by extension 'ignore'
[0.768s] Level 1:colcon.colcon_core.package_identification:_identify(build) ignored
[0.768s] Level 1:colcon.colcon_core.package_identification:_identify(install) by extensions ['ignore', 'ignore_ament_install']
[0.768s] Level 1:colcon.colcon_core.package_identification:_identify(install) by extension 'ignore'
[0.768s] Level 1:colcon.colcon_core.package_identification:_identify(install) ignored
[0.768s] Level 1:colcon.colcon_core.package_identification:_identify(log) by extensions ['ignore', 'ignore_ament_install']
[0.768s] Level 1:colcon.colcon_core.package_identification:_identify(log) by extension 'ignore'
[0.768s] Level 1:colcon.colcon_core.package_identification:_identify(log) ignored
[0.768s] Level 1:colcon.colcon_core.package_identification:_identify(semana_03) by extensions ['ignore', 'ignore_ament_install']
[0.768s] Level 1:colcon.colcon_core.package_identification:_identify(semana_03) by extension 'ignore'
[0.768s] Level 1:colcon.colcon_core.package_identification:_identify(semana_03) by extension 'ignore_ament_install'
[0.768s] Level 1:colcon.colcon_core.package_identification:_identify(semana_03) by extensions ['colcon_pkg']
[0.768s] Level 1:colcon.colcon_core.package_identification:_identify(semana_03) by extension 'colcon_pkg'
[0.768s] Level 1:colcon.colcon_core.package_identification:_identify(semana_03) by extensions ['colcon_meta']
[0.768s] Level 1:colcon.colcon_core.package_identification:_identify(semana_03) by extension 'colcon_meta'
[0.769s] Level 1:colcon.colcon_core.package_identification:_identify(semana_03) by extensions ['ros']
[0.769s] Level 1:colcon.colcon_core.package_identification:_identify(semana_03) by extension 'ros'
[0.772s] DEBUG:colcon.colcon_core.package_identification:Package 'semana_03' with type 'ros.ament_python' and name 'semana_03'
[0.773s] Level 1:colcon.colcon_core.package_discovery:discover_packages(recursive) using defaults
[0.773s] Level 1:colcon.colcon_core.package_discovery:discover_packages(ignore) discover
[0.773s] Level 1:colcon.colcon_core.package_discovery:discover_packages(ignore) using defaults
[0.773s] Level 1:colcon.colcon_core.package_discovery:discover_packages(path) discover
[0.773s] Level 1:colcon.colcon_core.package_discovery:discover_packages(path) using defaults
[0.811s] Level 1:colcon.colcon_core.package_discovery:discover_packages(prefix_path) check parameters
[0.811s] Level 1:colcon.colcon_core.package_discovery:discover_packages(prefix_path) discover
[0.818s] DEBUG:colcon.colcon_installed_package_information.package_discovery:Found 308 installed packages in /opt/ros/humble
[0.819s] Level 1:colcon.colcon_core.package_discovery:discover_packages(prefix_path) using defaults
[0.847s] Level 5:colcon.colcon_core.verb:set package 'semana_03' build argument 'cmake_args' from command line to 'None'
[0.847s] Level 5:colcon.colcon_core.verb:set package 'semana_03' build argument 'cmake_target' from command line to 'None'
[0.847s] Level 5:colcon.colcon_core.verb:set package 'semana_03' build argument 'cmake_target_skip_unavailable' from command line to 'False'
[0.847s] Level 5:colcon.colcon_core.verb:set package 'semana_03' build argument 'cmake_clean_cache' from command line to 'False'
[0.847s] Level 5:colcon.colcon_core.verb:set package 'semana_03' build argument 'cmake_clean_first' from command line to 'False'
[0.847s] Level 5:colcon.colcon_core.verb:set package 'semana_03' build argument 'cmake_force_configure' from command line to 'False'
[0.847s] Level 5:colcon.colcon_core.verb:set package 'semana_03' build argument 'ament_cmake_args' from command line to 'None'
[0.848s] Level 5:colcon.colcon_core.verb:set package 'semana_03' build argument 'catkin_cmake_args' from command line to 'None'
[0.848s] Level 5:colcon.colcon_core.verb:set package 'semana_03' build argument 'catkin_skip_building_tests' from command line to 'False'
[0.848s] DEBUG:colcon.colcon_core.verb:Building package 'semana_03' with the following arguments: {'ament_cmake_args': None, 'build_base': '/home/gustavo/ponderadas-m6-ec/ponderada-2/meu_workspace/src/build/semana_03', 'catkin_cmake_args': None, 'catkin_skip_building_tests': False, 'cmake_args': None, 'cmake_clean_cache': False, 'cmake_clean_first': False, 'cmake_force_configure': False, 'cmake_target': None, 'cmake_target_skip_unavailable': False, 'install_base': '/home/gustavo/ponderadas-m6-ec/ponderada-2/meu_workspace/src/install/semana_03', 'merge_install': False, 'path': '/home/gustavo/ponderadas-m6-ec/ponderada-2/meu_workspace/src/semana_03', 'symlink_install': False, 'test_result_base': None}
[0.848s] INFO:colcon.colcon_core.executor:Executing jobs using 'parallel' executor
[0.848s] DEBUG:colcon.colcon_parallel_executor.executor.parallel:run_until_complete
[0.849s] INFO:colcon.colcon_ros.task.ament_python.build:Building ROS package in '/home/gustavo/ponderadas-m6-ec/ponderada-2/meu_workspace/src/semana_03' with build type 'ament_python'
[0.849s] Level 1:colcon.colcon_core.shell:create_environment_hook('semana_03', 'ament_prefix_path')
[0.862s] INFO:colcon.colcon_core.plugin_system:Skipping extension 'colcon_core.shell.bat': Not used on non-Windows systems
[0.862s] INFO:colcon.colcon_core.shell:Creating environment hook '/home/gustavo/ponderadas-m6-ec/ponderada-2/meu_workspace/src/install/semana_03/share/semana_03/hook/ament_prefix_path.ps1'
[0.865s] INFO:colcon.colcon_core.shell:Creating environment descriptor '/home/gustavo/ponderadas-m6-ec/ponderada-2/meu_workspace/src/install/semana_03/share/semana_03/hook/ament_prefix_path.dsv'
[0.866s] INFO:colcon.colcon_core.shell:Creating environment hook '/home/gustavo/ponderadas-m6-ec/ponderada-2/meu_workspace/src/install/semana_03/share/semana_03/hook/ament_prefix_path.sh'
[0.867s] INFO:colcon.colcon_core.shell:Skip shell extension 'powershell' for command environment: Not usable outside of PowerShell
[0.867s] DEBUG:colcon.colcon_core.shell:Skip shell extension 'dsv' for command environment
[1.054s] INFO:colcon.colcon_core.task.python.build:Building Python package in '/home/gustavo/ponderadas-m6-ec/ponderada-2/meu_workspace/src/semana_03'
[1.054s] INFO:colcon.colcon_core.shell:Skip shell extension 'powershell' for command environment: Not usable outside of PowerShell
[1.055s] DEBUG:colcon.colcon_core.shell:Skip shell extension 'dsv' for command environment
[1.887s] DEBUG:colcon.colcon_core.event_handler.log_command:Invoking command in '/home/gustavo/ponderadas-m6-ec/ponderada-2/meu_workspace/src/semana_03': PYTHONPATH=/home/gustavo/ponderadas-m6-ec/ponderada-2/meu_workspace/src/build/semana_03/prefix_override:/home/gustavo/ponderadas-m6-ec/ponderada-2/meu_workspace/src/install/semana_03/lib/python3.10/site-packages:${PYTHONPATH} /usr/bin/python3 -W ignore:setup.py install is deprecated setup.py egg_info --egg-base ../build/semana_03 build --build-base /home/gustavo/ponderadas-m6-ec/ponderada-2/meu_workspace/src/build/semana_03/build install --record /home/gustavo/ponderadas-m6-ec/ponderada-2/meu_workspace/src/build/semana_03/install.log --single-version-externally-managed install_data
[2.088s] DEBUG:colcon.colcon_core.event_handler.log_command:Invoked command in '/home/gustavo/ponderadas-m6-ec/ponderada-2/meu_workspace/src/semana_03' returned '0': PYTHONPATH=/home/gustavo/ponderadas-m6-ec/ponderada-2/meu_workspace/src/build/semana_03/prefix_override:/home/gustavo/ponderadas-m6-ec/ponderada-2/meu_workspace/src/install/semana_03/lib/python3.10/site-packages:${PYTHONPATH} /usr/bin/python3 -W ignore:setup.py install is deprecated setup.py egg_info --egg-base ../build/semana_03 build --build-base /home/gustavo/ponderadas-m6-ec/ponderada-2/meu_workspace/src/build/semana_03/build install --record /home/gustavo/ponderadas-m6-ec/ponderada-2/meu_workspace/src/build/semana_03/install.log --single-version-externally-managed install_data
[2.104s] Level 1:colcon.colcon_core.environment:checking '/home/gustavo/ponderadas-m6-ec/ponderada-2/meu_workspace/src/install/semana_03' for CMake module files
[2.105s] Level 1:colcon.colcon_core.environment:checking '/home/gustavo/ponderadas-m6-ec/ponderada-2/meu_workspace/src/install/semana_03' for CMake config files
[2.105s] Level 1:colcon.colcon_core.environment:checking '/home/gustavo/ponderadas-m6-ec/ponderada-2/meu_workspace/src/install/semana_03/lib'
[2.105s] Level 1:colcon.colcon_core.environment:checking '/home/gustavo/ponderadas-m6-ec/ponderada-2/meu_workspace/src/install/semana_03/bin'
[2.105s] Level 1:colcon.colcon_core.environment:checking '/home/gustavo/ponderadas-m6-ec/ponderada-2/meu_workspace/src/install/semana_03/lib/pkgconfig/semana_03.pc'
[2.106s] Level 1:colcon.colcon_core.environment:checking '/home/gustavo/ponderadas-m6-ec/ponderada-2/meu_workspace/src/install/semana_03/lib/python3.10/site-packages'
[2.106s] Level 1:colcon.colcon_core.shell:create_environment_hook('semana_03', 'pythonpath')
[2.106s] INFO:colcon.colcon_core.shell:Creating environment hook '/home/gustavo/ponderadas-m6-ec/ponderada-2/meu_workspace/src/install/semana_03/share/semana_03/hook/pythonpath.ps1'
[2.106s] INFO:colcon.colcon_core.shell:Creating environment descriptor '/home/gustavo/ponderadas-m6-ec/ponderada-2/meu_workspace/src/install/semana_03/share/semana_03/hook/pythonpath.dsv'
[2.106s] INFO:colcon.colcon_core.shell:Creating environment hook '/home/gustavo/ponderadas-m6-ec/ponderada-2/meu_workspace/src/install/semana_03/share/semana_03/hook/pythonpath.sh'
[2.107s] Level 1:colcon.colcon_core.environment:checking '/home/gustavo/ponderadas-m6-ec/ponderada-2/meu_workspace/src/install/semana_03/bin'
[2.107s] Level 1:colcon.colcon_core.environment:create_environment_scripts_only(semana_03)
[2.107s] INFO:colcon.colcon_core.shell:Creating package script '/home/gustavo/ponderadas-m6-ec/ponderada-2/meu_workspace/src/install/semana_03/share/semana_03/package.ps1'
[2.109s] INFO:colcon.colcon_core.shell:Creating package descriptor '/home/gustavo/ponderadas-m6-ec/ponderada-2/meu_workspace/src/install/semana_03/share/semana_03/package.dsv'
[2.110s] INFO:colcon.colcon_core.shell:Creating package script '/home/gustavo/ponderadas-m6-ec/ponderada-2/meu_workspace/src/install/semana_03/share/semana_03/package.sh'
[2.112s] INFO:colcon.colcon_core.shell:Creating package script '/home/gustavo/ponderadas-m6-ec/ponderada-2/meu_workspace/src/install/semana_03/share/semana_03/package.bash'
[2.114s] INFO:colcon.colcon_core.shell:Creating package script '/home/gustavo/ponderadas-m6-ec/ponderada-2/meu_workspace/src/install/semana_03/share/semana_03/package.zsh'
[2.116s] Level 1:colcon.colcon_core.environment:create_file_with_runtime_dependencies(/home/gustavo/ponderadas-m6-ec/ponderada-2/meu_workspace/src/install/semana_03/share/colcon-core/packages/semana_03)
[2.117s] DEBUG:colcon.colcon_parallel_executor.executor.parallel:closing loop
[2.117s] DEBUG:colcon.colcon_parallel_executor.executor.parallel:loop closed
[2.118s] DEBUG:colcon.colcon_parallel_executor.executor.parallel:run_until_complete finished with '0'
[2.118s] DEBUG:colcon.colcon_core.event_reactor:joining thread
[2.129s] INFO:colcon.colcon_core.plugin_system:Skipping extension 'colcon_notification.desktop_notification.terminal_notifier': Not used on non-Darwin systems
[2.129s] INFO:colcon.colcon_core.plugin_system:Skipping extension 'colcon_notification.desktop_notification.win32': Not used on non-Windows systems
[2.129s] INFO:colcon.colcon_notification.desktop_notification:Sending desktop notification using 'notify2'
[2.142s] DEBUG:colcon.colcon_core.event_reactor:joined thread
[2.143s] INFO:colcon.colcon_core.shell:Creating prefix script '/home/gustavo/ponderadas-m6-ec/ponderada-2/meu_workspace/src/install/local_setup.ps1'
[2.144s] INFO:colcon.colcon_core.shell:Creating prefix util module '/home/gustavo/ponderadas-m6-ec/ponderada-2/meu_workspace/src/install/_local_setup_util_ps1.py'
[2.151s] INFO:colcon.colcon_core.shell:Creating prefix chain script '/home/gustavo/ponderadas-m6-ec/ponderada-2/meu_workspace/src/install/setup.ps1'
[2.153s] INFO:colcon.colcon_core.shell:Creating prefix script '/home/gustavo/ponderadas-m6-ec/ponderada-2/meu_workspace/src/install/local_setup.sh'
[2.155s] INFO:colcon.colcon_core.shell:Creating prefix util module '/home/gustavo/ponderadas-m6-ec/ponderada-2/meu_workspace/src/install/_local_setup_util_sh.py'
[2.155s] INFO:colcon.colcon_core.shell:Creating prefix chain script '/home/gustavo/ponderadas-m6-ec/ponderada-2/meu_workspace/src/install/setup.sh'
[2.156s] INFO:colcon.colcon_core.shell:Creating prefix script '/home/gustavo/ponderadas-m6-ec/ponderada-2/meu_workspace/src/install/local_setup.bash'
[2.158s] INFO:colcon.colcon_core.shell:Creating prefix chain script '/home/gustavo/ponderadas-m6-ec/ponderada-2/meu_workspace/src/install/setup.bash'
[2.159s] INFO:colcon.colcon_core.shell:Creating prefix script '/home/gustavo/ponderadas-m6-ec/ponderada-2/meu_workspace/src/install/local_setup.zsh'
[2.160s] INFO:colcon.colcon_core.shell:Creating prefix chain script '/home/gustavo/ponderadas-m6-ec/ponderada-2/meu_workspace/src/install/setup.zsh'
