running egg_info
writing ../../build/ponderada_gustavo/ponderada_gustavo.egg-info/PKG-INFO
writing dependency_links to ../../build/ponderada_gustavo/ponderada_gustavo.egg-info/dependency_links.txt
writing entry points to ../../build/ponderada_gustavo/ponderada_gustavo.egg-info/entry_points.txt
writing requirements to ../../build/ponderada_gustavo/ponderada_gustavo.egg-info/requires.txt
writing top-level names to ../../build/ponderada_gustavo/ponderada_gustavo.egg-info/top_level.txt
reading manifest file '../../build/ponderada_gustavo/ponderada_gustavo.egg-info/SOURCES.txt'
writing manifest file '../../build/ponderada_gustavo/ponderada_gustavo.egg-info/SOURCES.txt'
running build
running build_py
copying ponderada_gustavo/pond_gu.py -> /home/gme2307/ponderadas-m6-ec/ponderada-1/meu_workspace/build/ponderada_gustavo/build/lib/ponderada_gustavo
running install
running install_lib
copying /home/gme2307/ponderadas-m6-ec/ponderada-1/meu_workspace/build/ponderada_gustavo/build/lib/ponderada_gustavo/pond_gu.py -> /home/gme2307/ponderadas-m6-ec/ponderada-1/meu_workspace/install/ponderada_gustavo/lib/python3.10/site-packages/ponderada_gustavo
byte-compiling /home/gme2307/ponderadas-m6-ec/ponderada-1/meu_workspace/install/ponderada_gustavo/lib/python3.10/site-packages/ponderada_gustavo/pond_gu.py to pond_gu.cpython-310.pyc
running install_data
running install_egg_info
removing '/home/gme2307/ponderadas-m6-ec/ponderada-1/meu_workspace/install/ponderada_gustavo/lib/python3.10/site-packages/ponderada_gustavo-0.0.0-py3.10.egg-info' (and everything under it)
Copying ../../build/ponderada_gustavo/ponderada_gustavo.egg-info to /home/gme2307/ponderadas-m6-ec/ponderada-1/meu_workspace/install/ponderada_gustavo/lib/python3.10/site-packages/ponderada_gustavo-0.0.0-py3.10.egg-info
running install_scripts
Installing ponderada_gustavo script to /home/gme2307/ponderadas-m6-ec/ponderada-1/meu_workspace/install/ponderada_gustavo/lib/ponderada_gustavo
writing list of installed files to '/home/gme2307/ponderadas-m6-ec/ponderada-1/meu_workspace/build/ponderada_gustavo/install.log'
