[0.382s] Invoking command in '/home/gustavo/ponderadas-m6-ec/ponderada-2/meu_workspace/src/semana_03': PYTHONPATH=/home/gustavo/ponderadas-m6-ec/ponderada-2/meu_workspace/build/semana_03/prefix_override:/home/gustavo/ponderadas-m6-ec/ponderada-2/meu_workspace/install/semana_03/lib/python3.10/site-packages:${PYTHONPATH} /usr/bin/python3 -W ignore:setup.py install is deprecated setup.py egg_info --egg-base ../../build/semana_03 build --build-base /home/gustavo/ponderadas-m6-ec/ponderada-2/meu_workspace/build/semana_03/build install --record /home/gustavo/ponderadas-m6-ec/ponderada-2/meu_workspace/build/semana_03/install.log --single-version-externally-managed install_data
[0.530s] running egg_info
[0.530s] creating ../../build/semana_03/semana_03.egg-info
[0.530s] writing ../../build/semana_03/semana_03.egg-info/PKG-INFO
[0.530s] writing dependency_links to ../../build/semana_03/semana_03.egg-info/dependency_links.txt
[0.531s] writing entry points to ../../build/semana_03/semana_03.egg-info/entry_points.txt
[0.531s] writing requirements to ../../build/semana_03/semana_03.egg-info/requires.txt
[0.531s] writing top-level names to ../../build/semana_03/semana_03.egg-info/top_level.txt
[0.531s] writing manifest file '../../build/semana_03/semana_03.egg-info/SOURCES.txt'
[0.532s] reading manifest file '../../build/semana_03/semana_03.egg-info/SOURCES.txt'
[0.532s] writing manifest file '../../build/semana_03/semana_03.egg-info/SOURCES.txt'
[0.532s] running build
[0.532s] running build_py
[0.532s] creating /home/gustavo/ponderadas-m6-ec/ponderada-2/meu_workspace/build/semana_03/build
[0.533s] creating /home/gustavo/ponderadas-m6-ec/ponderada-2/meu_workspace/build/semana_03/build/lib
[0.533s] creating /home/gustavo/ponderadas-m6-ec/ponderada-2/meu_workspace/build/semana_03/build/lib/semana_03
[0.533s] copying semana_03/__init__.py -> /home/gustavo/ponderadas-m6-ec/ponderada-2/meu_workspace/build/semana_03/build/lib/semana_03
[0.533s] copying semana_03/codigo.py -> /home/gustavo/ponderadas-m6-ec/ponderada-2/meu_workspace/build/semana_03/build/lib/semana_03
[0.533s] running install
[0.533s] running install_lib
[0.534s] creating /home/gustavo/ponderadas-m6-ec/ponderada-2/meu_workspace/install/semana_03/lib/python3.10/site-packages/semana_03
[0.534s] copying /home/gustavo/ponderadas-m6-ec/ponderada-2/meu_workspace/build/semana_03/build/lib/semana_03/__init__.py -> /home/gustavo/ponderadas-m6-ec/ponderada-2/meu_workspace/install/semana_03/lib/python3.10/site-packages/semana_03
[0.534s] copying /home/gustavo/ponderadas-m6-ec/ponderada-2/meu_workspace/build/semana_03/build/lib/semana_03/codigo.py -> /home/gustavo/ponderadas-m6-ec/ponderada-2/meu_workspace/install/semana_03/lib/python3.10/site-packages/semana_03
[0.534s] byte-compiling /home/gustavo/ponderadas-m6-ec/ponderada-2/meu_workspace/install/semana_03/lib/python3.10/site-packages/semana_03/__init__.py to __init__.cpython-310.pyc
[0.534s] byte-compiling /home/gustavo/ponderadas-m6-ec/ponderada-2/meu_workspace/install/semana_03/lib/python3.10/site-packages/semana_03/codigo.py to codigo.cpython-310.pyc
[0.535s] running install_data
[0.535s] creating /home/gustavo/ponderadas-m6-ec/ponderada-2/meu_workspace/install/semana_03/share/ament_index
[0.535s] creating /home/gustavo/ponderadas-m6-ec/ponderada-2/meu_workspace/install/semana_03/share/ament_index/resource_index
[0.535s] creating /home/gustavo/ponderadas-m6-ec/ponderada-2/meu_workspace/install/semana_03/share/ament_index/resource_index/packages
[0.535s] copying resource/semana_03 -> /home/gustavo/ponderadas-m6-ec/ponderada-2/meu_workspace/install/semana_03/share/ament_index/resource_index/packages
[0.535s] copying package.xml -> /home/gustavo/ponderadas-m6-ec/ponderada-2/meu_workspace/install/semana_03/share/semana_03
[0.535s] running install_egg_info
[0.536s] Copying ../../build/semana_03/semana_03.egg-info to /home/gustavo/ponderadas-m6-ec/ponderada-2/meu_workspace/install/semana_03/lib/python3.10/site-packages/semana_03-0.0.0-py3.10.egg-info
[0.537s] running install_scripts
[0.550s] Installing semana_03 script to /home/gustavo/ponderadas-m6-ec/ponderada-2/meu_workspace/install/semana_03/lib/semana_03
[0.550s] writing list of installed files to '/home/gustavo/ponderadas-m6-ec/ponderada-2/meu_workspace/build/semana_03/install.log'
[0.570s] Invoked command in '/home/gustavo/ponderadas-m6-ec/ponderada-2/meu_workspace/src/semana_03' returned '0': PYTHONPATH=/home/gustavo/ponderadas-m6-ec/ponderada-2/meu_workspace/build/semana_03/prefix_override:/home/gustavo/ponderadas-m6-ec/ponderada-2/meu_workspace/install/semana_03/lib/python3.10/site-packages:${PYTHONPATH} /usr/bin/python3 -W ignore:setup.py install is deprecated setup.py egg_info --egg-base ../../build/semana_03 build --build-base /home/gustavo/ponderadas-m6-ec/ponderada-2/meu_workspace/build/semana_03/build install --record /home/gustavo/ponderadas-m6-ec/ponderada-2/meu_workspace/build/semana_03/install.log --single-version-externally-managed install_data
