[0.066s] DEBUG:colcon:Command line arguments: ['/usr/bin/colcon', 'build']
[0.066s] DEBUG:colcon:Parsed command line arguments: Namespace(log_base=None, log_level=None, verb_name='build', build_base='build', install_base='install', merge_install=False, symlink_install=False, test_result_base=None, continue_on_error=False, executor='parallel', parallel_workers=8, event_handlers=None, ignore_user_meta=False, metas=['./colcon.meta'], base_paths=['.'], packages_ignore=None, packages_ignore_regex=None, paths=None, packages_up_to=None, packages_up_to_regex=None, packages_above=None, packages_above_and_dependencies=None, packages_above_depth=None, packages_select_by_dep=None, packages_skip_by_dep=None, packages_skip_up_to=None, packages_select_build_failed=False, packages_skip_build_finished=False, packages_select_test_failures=False, packages_skip_test_passed=False, packages_select=None, packages_skip=None, packages_select_regex=None, packages_skip_regex=None, packages_start=None, packages_end=None, allow_overriding=[], cmake_args=None, cmake_target=None, cmake_target_skip_unavailable=False, cmake_clean_cache=False, cmake_clean_first=False, cmake_force_configure=False, ament_cmake_args=None, catkin_cmake_args=None, catkin_skip_building_tests=False, verb_parser=<colcon_defaults.argument_parser.defaults.DefaultArgumentsDecorator object at 0x7ae75aad8e50>, verb_extension=<colcon_core.verb.build.BuildVerb object at 0x7ae75aad8940>, main=<bound method BuildVerb.main of <colcon_core.verb.build.BuildVerb object at 0x7ae75aad8940>>)
[0.166s] Level 1:colcon.colcon_core.package_discovery:discover_packages(colcon_meta) check parameters
[0.166s] Level 1:colcon.colcon_core.package_discovery:discover_packages(recursive) check parameters
[0.166s] Level 1:colcon.colcon_core.package_discovery:discover_packages(ignore) check parameters
[0.166s] Level 1:colcon.colcon_core.package_discovery:discover_packages(path) check parameters
[0.166s] Level 1:colcon.colcon_core.package_discovery:discover_packages(colcon_meta) discover
[0.166s] Level 1:colcon.colcon_core.package_discovery:discover_packages(recursive) discover
[0.166s] INFO:colcon.colcon_core.package_discovery:Crawling recursively for packages in '/home/gustavo/ponderadas-m6-ec/ponderada-2/meu_workspace'
[0.166s] Level 1:colcon.colcon_core.package_identification:_identify(.) by extensions ['ignore', 'ignore_ament_install']
[0.166s] Level 1:colcon.colcon_core.package_identification:_identify(.) by extension 'ignore'
[0.166s] Level 1:colcon.colcon_core.package_identification:_identify(.) by extension 'ignore_ament_install'
[0.166s] Level 1:colcon.colcon_core.package_identification:_identify(.) by extensions ['colcon_pkg']
[0.166s] Level 1:colcon.colcon_core.package_identification:_identify(.) by extension 'colcon_pkg'
[0.166s] Level 1:colcon.colcon_core.package_identification:_identify(.) by extensions ['colcon_meta']
[0.166s] Level 1:colcon.colcon_core.package_identification:_identify(.) by extension 'colcon_meta'
[0.166s] Level 1:colcon.colcon_core.package_identification:_identify(.) by extensions ['ros']
[0.166s] Level 1:colcon.colcon_core.package_identification:_identify(.) by extension 'ros'
[0.173s] Level 1:colcon.colcon_core.package_identification:_identify(.) by extensions ['cmake', 'python']
[0.173s] Level 1:colcon.colcon_core.package_identification:_identify(.) by extension 'cmake'
[0.173s] Level 1:colcon.colcon_core.package_identification:_identify(.) by extension 'python'
[0.173s] Level 1:colcon.colcon_core.package_identification:_identify(.) by extensions ['python_setup_py']
[0.173s] Level 1:colcon.colcon_core.package_identification:_identify(.) by extension 'python_setup_py'
[0.174s] Level 1:colcon.colcon_core.package_identification:_identify(build) by extensions ['ignore', 'ignore_ament_install']
[0.174s] Level 1:colcon.colcon_core.package_identification:_identify(build) by extension 'ignore'
[0.174s] Level 1:colcon.colcon_core.package_identification:_identify(build) ignored
[0.174s] Level 1:colcon.colcon_core.package_identification:_identify(install) by extensions ['ignore', 'ignore_ament_install']
[0.174s] Level 1:colcon.colcon_core.package_identification:_identify(install) by extension 'ignore'
[0.174s] Level 1:colcon.colcon_core.package_identification:_identify(install) ignored
[0.174s] Level 1:colcon.colcon_core.package_identification:_identify(log) by extensions ['ignore', 'ignore_ament_install']
[0.174s] Level 1:colcon.colcon_core.package_identification:_identify(log) by extension 'ignore'
[0.174s] Level 1:colcon.colcon_core.package_identification:_identify(log) ignored
[0.174s] Level 1:colcon.colcon_core.package_identification:_identify(src) by extensions ['ignore', 'ignore_ament_install']
[0.174s] Level 1:colcon.colcon_core.package_identification:_identify(src) by extension 'ignore'
[0.174s] Level 1:colcon.colcon_core.package_identification:_identify(src) by extension 'ignore_ament_install'
[0.174s] Level 1:colcon.colcon_core.package_identification:_identify(src) by extensions ['colcon_pkg']
[0.174s] Level 1:colcon.colcon_core.package_identification:_identify(src) by extension 'colcon_pkg'
[0.174s] Level 1:colcon.colcon_core.package_identification:_identify(src) by extensions ['colcon_meta']
[0.174s] Level 1:colcon.colcon_core.package_identification:_identify(src) by extension 'colcon_meta'
[0.174s] Level 1:colcon.colcon_core.package_identification:_identify(src) by extensions ['ros']
[0.174s] Level 1:colcon.colcon_core.package_identification:_identify(src) by extension 'ros'
[0.174s] Level 1:colcon.colcon_core.package_identification:_identify(src) by extensions ['cmake', 'python']
[0.174s] Level 1:colcon.colcon_core.package_identification:_identify(src) by extension 'cmake'
[0.174s] Level 1:colcon.colcon_core.package_identification:_identify(src) by extension 'python'
[0.174s] Level 1:colcon.colcon_core.package_identification:_identify(src) by extensions ['python_setup_py']
[0.174s] Level 1:colcon.colcon_core.package_identification:_identify(src) by extension 'python_setup_py'
[0.174s] Level 1:colcon.colcon_core.package_identification:_identify(src/semana_03) by extensions ['ignore', 'ignore_ament_install']
[0.174s] Level 1:colcon.colcon_core.package_identification:_identify(src/semana_03) by extension 'ignore'
[0.174s] Level 1:colcon.colcon_core.package_identification:_identify(src/semana_03) by extension 'ignore_ament_install'
[0.174s] Level 1:colcon.colcon_core.package_identification:_identify(src/semana_03) by extensions ['colcon_pkg']
[0.174s] Level 1:colcon.colcon_core.package_identification:_identify(src/semana_03) by extension 'colcon_pkg'
[0.175s] Level 1:colcon.colcon_core.package_identification:_identify(src/semana_03) by extensions ['colcon_meta']
[0.175s] Level 1:colcon.colcon_core.package_identification:_identify(src/semana_03) by extension 'colcon_meta'
[0.175s] Level 1:colcon.colcon_core.package_identification:_identify(src/semana_03) by extensions ['ros']
[0.175s] Level 1:colcon.colcon_core.package_identification:_identify(src/semana_03) by extension 'ros'
[0.176s] DEBUG:colcon.colcon_core.package_identification:Package 'src/semana_03' with type 'ros.ament_python' and name 'semana_03'
[0.176s] Level 1:colcon.colcon_core.package_discovery:discover_packages(recursive) using defaults
[0.176s] Level 1:colcon.colcon_core.package_discovery:discover_packages(ignore) discover
[0.176s] Level 1:colcon.colcon_core.package_discovery:discover_packages(ignore) using defaults
[0.176s] Level 1:colcon.colcon_core.package_discovery:discover_packages(path) discover
[0.176s] Level 1:colcon.colcon_core.package_discovery:discover_packages(path) using defaults
[0.189s] Level 1:colcon.colcon_core.package_discovery:discover_packages(prefix_path) check parameters
[0.189s] Level 1:colcon.colcon_core.package_discovery:discover_packages(prefix_path) discover
[0.190s] DEBUG:colcon.colcon_installed_package_information.package_discovery:Found 1 installed packages in /home/gustavo/ponderadas-m6-ec/ponderada-2/meu_workspace/install
[0.191s] DEBUG:colcon.colcon_installed_package_information.package_discovery:Found 302 installed packages in /opt/ros/humble
[0.200s] Level 1:colcon.colcon_core.package_discovery:discover_packages(prefix_path) using defaults
[0.225s] Level 5:colcon.colcon_core.verb:set package 'semana_03' build argument 'cmake_args' from command line to 'None'
[0.225s] Level 5:colcon.colcon_core.verb:set package 'semana_03' build argument 'cmake_target' from command line to 'None'
[0.225s] Level 5:colcon.colcon_core.verb:set package 'semana_03' build argument 'cmake_target_skip_unavailable' from command line to 'False'
[0.225s] Level 5:colcon.colcon_core.verb:set package 'semana_03' build argument 'cmake_clean_cache' from command line to 'False'
[0.225s] Level 5:colcon.colcon_core.verb:set package 'semana_03' build argument 'cmake_clean_first' from command line to 'False'
[0.225s] Level 5:colcon.colcon_core.verb:set package 'semana_03' build argument 'cmake_force_configure' from command line to 'False'
[0.225s] Level 5:colcon.colcon_core.verb:set package 'semana_03' build argument 'ament_cmake_args' from command line to 'None'
[0.225s] Level 5:colcon.colcon_core.verb:set package 'semana_03' build argument 'catkin_cmake_args' from command line to 'None'
[0.225s] Level 5:colcon.colcon_core.verb:set package 'semana_03' build argument 'catkin_skip_building_tests' from command line to 'False'
[0.225s] DEBUG:colcon.colcon_core.verb:Building package 'semana_03' with the following arguments: {'ament_cmake_args': None, 'build_base': '/home/gustavo/ponderadas-m6-ec/ponderada-2/meu_workspace/build/semana_03', 'catkin_cmake_args': None, 'catkin_skip_building_tests': False, 'cmake_args': None, 'cmake_clean_cache': False, 'cmake_clean_first': False, 'cmake_force_configure': False, 'cmake_target': None, 'cmake_target_skip_unavailable': False, 'install_base': '/home/gustavo/ponderadas-m6-ec/ponderada-2/meu_workspace/install/semana_03', 'merge_install': False, 'path': '/home/gustavo/ponderadas-m6-ec/ponderada-2/meu_workspace/src/semana_03', 'symlink_install': False, 'test_result_base': None}
[0.225s] INFO:colcon.colcon_core.executor:Executing jobs using 'parallel' executor
[0.226s] DEBUG:colcon.colcon_parallel_executor.executor.parallel:run_until_complete
[0.226s] INFO:colcon.colcon_ros.task.ament_python.build:Building ROS package in '/home/gustavo/ponderadas-m6-ec/ponderada-2/meu_workspace/src/semana_03' with build type 'ament_python'
[0.226s] Level 1:colcon.colcon_core.shell:create_environment_hook('semana_03', 'ament_prefix_path')
[0.227s] INFO:colcon.colcon_core.plugin_system:Skipping extension 'colcon_core.shell.bat': Not used on non-Windows systems
[0.228s] INFO:colcon.colcon_core.shell:Creating environment hook '/home/gustavo/ponderadas-m6-ec/ponderada-2/meu_workspace/install/semana_03/share/semana_03/hook/ament_prefix_path.ps1'
[0.231s] INFO:colcon.colcon_core.shell:Creating environment descriptor '/home/gustavo/ponderadas-m6-ec/ponderada-2/meu_workspace/install/semana_03/share/semana_03/hook/ament_prefix_path.dsv'
[0.231s] INFO:colcon.colcon_core.shell:Creating environment hook '/home/gustavo/ponderadas-m6-ec/ponderada-2/meu_workspace/install/semana_03/share/semana_03/hook/ament_prefix_path.sh'
[0.232s] INFO:colcon.colcon_core.shell:Skip shell extension 'powershell' for command environment: Not usable outside of PowerShell
[0.232s] DEBUG:colcon.colcon_core.shell:Skip shell extension 'dsv' for command environment
[0.393s] INFO:colcon.colcon_core.task.python.build:Building Python package in '/home/gustavo/ponderadas-m6-ec/ponderada-2/meu_workspace/src/semana_03'
[0.393s] INFO:colcon.colcon_core.shell:Skip shell extension 'powershell' for command environment: Not usable outside of PowerShell
[0.393s] DEBUG:colcon.colcon_core.shell:Skip shell extension 'dsv' for command environment
[0.623s] DEBUG:colcon.colcon_core.event_handler.log_command:Invoking command in '/home/gustavo/ponderadas-m6-ec/ponderada-2/meu_workspace/src/semana_03': PYTHONPATH=/home/gustavo/ponderadas-m6-ec/ponderada-2/meu_workspace/build/semana_03/prefix_override:/home/gustavo/ponderadas-m6-ec/ponderada-2/meu_workspace/install/semana_03/lib/python3.10/site-packages:${PYTHONPATH} /usr/bin/python3 -W ignore:setup.py install is deprecated setup.py egg_info --egg-base ../../build/semana_03 build --build-base /home/gustavo/ponderadas-m6-ec/ponderada-2/meu_workspace/build/semana_03/build install --record /home/gustavo/ponderadas-m6-ec/ponderada-2/meu_workspace/build/semana_03/install.log --single-version-externally-managed install_data
[0.812s] DEBUG:colcon.colcon_core.event_handler.log_command:Invoked command in '/home/gustavo/ponderadas-m6-ec/ponderada-2/meu_workspace/src/semana_03' returned '0': PYTHONPATH=/home/gustavo/ponderadas-m6-ec/ponderada-2/meu_workspace/build/semana_03/prefix_override:/home/gustavo/ponderadas-m6-ec/ponderada-2/meu_workspace/install/semana_03/lib/python3.10/site-packages:${PYTHONPATH} /usr/bin/python3 -W ignore:setup.py install is deprecated setup.py egg_info --egg-base ../../build/semana_03 build --build-base /home/gustavo/ponderadas-m6-ec/ponderada-2/meu_workspace/build/semana_03/build install --record /home/gustavo/ponderadas-m6-ec/ponderada-2/meu_workspace/build/semana_03/install.log --single-version-externally-managed install_data
[0.813s] Level 1:colcon.colcon_core.environment:checking '/home/gustavo/ponderadas-m6-ec/ponderada-2/meu_workspace/install/semana_03' for CMake module files
[0.814s] Level 1:colcon.colcon_core.environment:checking '/home/gustavo/ponderadas-m6-ec/ponderada-2/meu_workspace/install/semana_03' for CMake config files
[0.814s] Level 1:colcon.colcon_core.environment:checking '/home/gustavo/ponderadas-m6-ec/ponderada-2/meu_workspace/install/semana_03/lib'
[0.814s] Level 1:colcon.colcon_core.environment:checking '/home/gustavo/ponderadas-m6-ec/ponderada-2/meu_workspace/install/semana_03/bin'
[0.814s] Level 1:colcon.colcon_core.environment:checking '/home/gustavo/ponderadas-m6-ec/ponderada-2/meu_workspace/install/semana_03/lib/pkgconfig/semana_03.pc'
[0.814s] Level 1:colcon.colcon_core.environment:checking '/home/gustavo/ponderadas-m6-ec/ponderada-2/meu_workspace/install/semana_03/lib/python3.10/site-packages'
[0.814s] Level 1:colcon.colcon_core.shell:create_environment_hook('semana_03', 'pythonpath')
[0.814s] INFO:colcon.colcon_core.shell:Creating environment hook '/home/gustavo/ponderadas-m6-ec/ponderada-2/meu_workspace/install/semana_03/share/semana_03/hook/pythonpath.ps1'
[0.815s] INFO:colcon.colcon_core.shell:Creating environment descriptor '/home/gustavo/ponderadas-m6-ec/ponderada-2/meu_workspace/install/semana_03/share/semana_03/hook/pythonpath.dsv'
[0.815s] INFO:colcon.colcon_core.shell:Creating environment hook '/home/gustavo/ponderadas-m6-ec/ponderada-2/meu_workspace/install/semana_03/share/semana_03/hook/pythonpath.sh'
[0.815s] Level 1:colcon.colcon_core.environment:checking '/home/gustavo/ponderadas-m6-ec/ponderada-2/meu_workspace/install/semana_03/bin'
[0.815s] Level 1:colcon.colcon_core.environment:create_environment_scripts_only(semana_03)
[0.816s] INFO:colcon.colcon_core.shell:Creating package script '/home/gustavo/ponderadas-m6-ec/ponderada-2/meu_workspace/install/semana_03/share/semana_03/package.ps1'
[0.816s] INFO:colcon.colcon_core.shell:Creating package descriptor '/home/gustavo/ponderadas-m6-ec/ponderada-2/meu_workspace/install/semana_03/share/semana_03/package.dsv'
[0.817s] INFO:colcon.colcon_core.shell:Creating package script '/home/gustavo/ponderadas-m6-ec/ponderada-2/meu_workspace/install/semana_03/share/semana_03/package.sh'
[0.817s] INFO:colcon.colcon_core.shell:Creating package script '/home/gustavo/ponderadas-m6-ec/ponderada-2/meu_workspace/install/semana_03/share/semana_03/package.bash'
[0.817s] INFO:colcon.colcon_core.shell:Creating package script '/home/gustavo/ponderadas-m6-ec/ponderada-2/meu_workspace/install/semana_03/share/semana_03/package.zsh'
[0.818s] Level 1:colcon.colcon_core.environment:create_file_with_runtime_dependencies(/home/gustavo/ponderadas-m6-ec/ponderada-2/meu_workspace/install/semana_03/share/colcon-core/packages/semana_03)
[0.818s] DEBUG:colcon.colcon_parallel_executor.executor.parallel:closing loop
[0.818s] DEBUG:colcon.colcon_parallel_executor.executor.parallel:loop closed
[0.818s] DEBUG:colcon.colcon_parallel_executor.executor.parallel:run_until_complete finished with '0'
[0.819s] DEBUG:colcon.colcon_core.event_reactor:joining thread
[0.822s] INFO:colcon.colcon_core.plugin_system:Skipping extension 'colcon_notification.desktop_notification.terminal_notifier': Not used on non-Darwin systems
[0.822s] INFO:colcon.colcon_core.plugin_system:Skipping extension 'colcon_notification.desktop_notification.win32': Not used on non-Windows systems
[0.822s] INFO:colcon.colcon_notification.desktop_notification:Sending desktop notification using 'notify2'
[0.830s] DEBUG:colcon.colcon_core.event_reactor:joined thread
[0.830s] INFO:colcon.colcon_core.shell:Creating prefix script '/home/gustavo/ponderadas-m6-ec/ponderada-2/meu_workspace/install/local_setup.ps1'
[0.831s] INFO:colcon.colcon_core.shell:Creating prefix util module '/home/gustavo/ponderadas-m6-ec/ponderada-2/meu_workspace/install/_local_setup_util_ps1.py'
[0.833s] INFO:colcon.colcon_core.shell:Creating prefix chain script '/home/gustavo/ponderadas-m6-ec/ponderada-2/meu_workspace/install/setup.ps1'
[0.834s] INFO:colcon.colcon_core.shell:Creating prefix script '/home/gustavo/ponderadas-m6-ec/ponderada-2/meu_workspace/install/local_setup.sh'
[0.834s] INFO:colcon.colcon_core.shell:Creating prefix util module '/home/gustavo/ponderadas-m6-ec/ponderada-2/meu_workspace/install/_local_setup_util_sh.py'
[0.835s] INFO:colcon.colcon_core.shell:Creating prefix chain script '/home/gustavo/ponderadas-m6-ec/ponderada-2/meu_workspace/install/setup.sh'
[0.836s] INFO:colcon.colcon_core.shell:Creating prefix script '/home/gustavo/ponderadas-m6-ec/ponderada-2/meu_workspace/install/local_setup.bash'
[0.836s] INFO:colcon.colcon_core.shell:Creating prefix chain script '/home/gustavo/ponderadas-m6-ec/ponderada-2/meu_workspace/install/setup.bash'
[0.837s] INFO:colcon.colcon_core.shell:Creating prefix script '/home/gustavo/ponderadas-m6-ec/ponderada-2/meu_workspace/install/local_setup.zsh'
[0.837s] INFO:colcon.colcon_core.shell:Creating prefix chain script '/home/gustavo/ponderadas-m6-ec/ponderada-2/meu_workspace/install/setup.zsh'
